<?xml version="1.0" encoding="UTF-8"?>
<coverage generated="1778059750026" clover="3.2.0">
  <project timestamp="1778059750026" name="All files">
    <metrics statements="1001" coveredstatements="815" conditionals="633" coveredconditionals="451" methods="224" coveredmethods="144" elements="1858" coveredelements="1410" complexity="0" loc="1001" ncloc="1001" packages="20" files="35" classes="35"/>
    <package name="GOLFAPP">
      <metrics statements="34" coveredstatements="30" conditionals="35" coveredconditionals="30" methods="1" coveredmethods="1"/>
      <file name="middleware.ts" path="/Users/chrismcgonagle/GOLFAPP/middleware.ts">
        <metrics statements="34" coveredstatements="30" conditionals="35" coveredconditionals="30" methods="1" coveredmethods="1"/>
        <line num="1" count="1" type="stmt"/>
        <line num="2" count="1" type="stmt"/>
        <line num="4" count="1" type="stmt"/>
        <line num="19" count="17" type="stmt"/>
        <line num="20" count="17" type="stmt"/>
        <line num="21" count="17" type="cond" truecount="2" falsecount="0"/>
        <line num="22" count="17" type="cond" truecount="2" falsecount="0"/>
        <line num="24" count="17" type="cond" truecount="4" falsecount="0"/>
        <line num="25" count="1" type="stmt"/>
        <line num="28" count="16" type="stmt"/>
        <line num="29" count="16" type="cond" truecount="1" falsecount="1"/>
        <line num="30" count="16" type="cond" truecount="1" falsecount="1"/>
        <line num="31" count="0" type="stmt"/>
        <line num="35" count="16" type="stmt"/>
        <line num="37" count="16" type="cond" truecount="2" falsecount="0"/>
        <line num="38" count="3" type="stmt"/>
        <line num="42" count="13" type="stmt"/>
        <line num="47" count="12" type="cond" truecount="1" falsecount="1"/>
        <line num="48" count="0" type="stmt"/>
        <line num="51" count="12" type="stmt"/>
        <line num="53" count="12" type="cond" truecount="2" falsecount="0"/>
        <line num="54" count="2" type="stmt"/>
        <line num="58" count="10" type="cond" truecount="5" falsecount="0"/>
        <line num="65" count="10" type="cond" truecount="4" falsecount="0"/>
        <line num="70" count="10" type="cond" truecount="2" falsecount="0"/>
        <line num="71" count="4" type="stmt"/>
        <line num="74" count="6" type="cond" truecount="1" falsecount="1"/>
        <line num="75" count="6" type="cond" truecount="2" falsecount="0"/>
        <line num="76" count="3" type="stmt"/>
        <line num="79" count="3" type="cond" truecount="1" falsecount="1"/>
        <line num="80" count="3" type="stmt"/>
        <line num="83" count="0" type="stmt"/>
        <line num="86" count="0" type="stmt"/>
        <line num="88" count="1" type="stmt"/>
      </file>
    </package>
    <package name="GOLFAPP.app.(authenticated).dashboard.(with-sidebar)">
      <metrics statements="4" coveredstatements="4" conditionals="0" coveredconditionals="0" methods="2" coveredmethods="2"/>
      <file name="layout.tsx" path="/Users/chrismcgonagle/GOLFAPP/app/(authenticated)/dashboard/(with-sidebar)/layout.tsx">
        <metrics statements="2" coveredstatements="2" conditionals="0" coveredconditionals="0" methods="1" coveredmethods="1"/>
        <line num="1" count="1" type="stmt"/>
        <line num="3" count="14" type="stmt"/>
      </file>
      <file name="page.tsx" path="/Users/chrismcgonagle/GOLFAPP/app/(authenticated)/dashboard/(with-sidebar)/page.tsx">
        <metrics statements="2" coveredstatements="2" conditionals="0" coveredconditionals="0" methods="1" coveredmethods="1"/>
        <line num="1" count="1" type="stmt"/>
        <line num="3" count="13" type="stmt"/>
      </file>
    </package>
    <package name="GOLFAPP.app.(authenticated).dashboard.(with-sidebar).members">
      <metrics statements="1" coveredstatements="1" conditionals="0" coveredconditionals="0" methods="1" coveredmethods="1"/>
      <file name="page.tsx" path="/Users/chrismcgonagle/GOLFAPP/app/(authenticated)/dashboard/(with-sidebar)/members/page.tsx">
        <metrics statements="1" coveredstatements="1" conditionals="0" coveredconditionals="0" methods="1" coveredmethods="1"/>
        <line num="1" count="6" type="stmt"/>
      </file>
    </package>
    <package name="GOLFAPP.app.(authenticated).dashboard.(with-sidebar).submissions">
      <metrics statements="1" coveredstatements="1" conditionals="0" coveredconditionals="0" methods="1" coveredmethods="1"/>
      <file name="page.tsx" path="/Users/chrismcgonagle/GOLFAPP/app/(authenticated)/dashboard/(with-sidebar)/submissions/page.tsx">
        <metrics statements="1" coveredstatements="1" conditionals="0" coveredconditionals="0" methods="1" coveredmethods="1"/>
        <line num="1" count="6" type="stmt"/>
      </file>
    </package>
    <package name="GOLFAPP.app.(authenticated).dashboard.membership-flow">
      <metrics statements="7" coveredstatements="7" conditionals="4" coveredconditionals="4" methods="3" coveredmethods="3"/>
      <file name="page.tsx" path="/Users/chrismcgonagle/GOLFAPP/app/(authenticated)/dashboard/membership-flow/page.tsx">
        <metrics statements="7" coveredstatements="7" conditionals="4" coveredconditionals="4" methods="3" coveredmethods="3"/>
        <line num="1" count="1" type="stmt"/>
        <line num="11" count="1" type="stmt"/>
        <line num="25" count="8" type="cond" truecount="2" falsecount="0"/>
        <line num="64" count="4" type="stmt"/>
        <line num="67" count="4" type="stmt"/>
        <line num="68" count="4" type="cond" truecount="2" falsecount="0"/>
        <line num="87" count="8" type="stmt"/>
      </file>
    </package>
    <package name="GOLFAPP.app.(authenticated).dashboard.membership-flow.next">
      <metrics statements="9" coveredstatements="9" conditionals="10" coveredconditionals="10" methods="1" coveredmethods="1"/>
      <file name="page.tsx" path="/Users/chrismcgonagle/GOLFAPP/app/(authenticated)/dashboard/membership-flow/next/page.tsx">
        <metrics statements="9" coveredstatements="9" conditionals="10" coveredconditionals="10" methods="1" coveredmethods="1"/>
        <line num="1" count="2" type="stmt"/>
        <line num="10" count="13" type="stmt"/>
        <line num="13" count="13" type="stmt"/>
        <line num="15" count="13" type="cond" truecount="2" falsecount="0"/>
        <line num="16" count="13" type="cond" truecount="2" falsecount="0"/>
        <line num="18" count="13" type="cond" truecount="4" falsecount="0"/>
        <line num="27" count="6" type="cond" truecount="2" falsecount="0"/>
        <line num="28" count="3" type="stmt"/>
        <line num="31" count="3" type="stmt"/>
      </file>
    </package>
    <package name="GOLFAPP.app.(authenticated).dashboard.membership-registration">
      <metrics statements="2" coveredstatements="2" conditionals="0" coveredconditionals="0" methods="1" coveredmethods="1"/>
      <file name="page.tsx" path="/Users/chrismcgonagle/GOLFAPP/app/(authenticated)/dashboard/membership-registration/page.tsx">
        <metrics statements="2" coveredstatements="2" conditionals="0" coveredconditionals="0" methods="1" coveredmethods="1"/>
        <line num="1" count="1" type="stmt"/>
        <line num="3" count="5" type="stmt"/>
      </file>
    </package>
    <package name="GOLFAPP.app.(authenticated).dashboard.membership.email">
      <metrics statements="7" coveredstatements="7" conditionals="13" coveredconditionals="11" methods="1" coveredmethods="1"/>
      <file name="page.tsx" path="/Users/chrismcgonagle/GOLFAPP/app/(authenticated)/dashboard/membership/email/page.tsx">
        <metrics statements="7" coveredstatements="7" conditionals="13" coveredconditionals="11" methods="1" coveredmethods="1"/>
        <line num="1" count="1" type="stmt"/>
        <line num="11" count="7" type="stmt"/>
        <line num="12" count="7" type="stmt"/>
        <line num="14" count="7" type="cond" truecount="2" falsecount="0"/>
        <line num="16" count="7" type="cond" truecount="1" falsecount="1"/>
        <line num="17" count="7" type="cond" truecount="2" falsecount="0"/>
        <line num="18" count="7" type="cond" truecount="2" falsecount="0"/>
      </file>
    </package>
    <package name="GOLFAPP.app.(authenticated).dashboard.membership.form">
      <metrics statements="21" coveredstatements="21" conditionals="26" coveredconditionals="25" methods="1" coveredmethods="1"/>
      <file name="page.tsx" path="/Users/chrismcgonagle/GOLFAPP/app/(authenticated)/dashboard/membership/form/page.tsx">
        <metrics statements="21" coveredstatements="21" conditionals="26" coveredconditionals="25" methods="1" coveredmethods="1"/>
        <line num="1" count="3" type="stmt"/>
        <line num="2" count="3" type="stmt"/>
        <line num="3" count="3" type="stmt"/>
        <line num="4" count="3" type="stmt"/>
        <line num="5" count="3" type="stmt"/>
        <line num="16" count="19" type="stmt"/>
        <line num="17" count="19" type="stmt"/>
        <line num="19" count="19" type="cond" truecount="2" falsecount="0"/>
        <line num="20" count="2" type="stmt"/>
        <line num="23" count="17" type="stmt"/>
        <line num="26" count="17" type="stmt"/>
        <line num="27" count="17" type="cond" truecount="2" falsecount="0"/>
        <line num="28" count="17" type="cond" truecount="2" falsecount="0"/>
        <line num="29" count="17" type="cond" truecount="2" falsecount="0"/>
        <line num="30" count="17" type="cond" truecount="2" falsecount="0"/>
        <line num="33" count="17" type="cond" truecount="4" falsecount="0"/>
        <line num="35" count="17" type="cond" truecount="6" falsecount="0"/>
        <line num="36" count="7" type="cond" truecount="2" falsecount="0"/>
        <line num="37" count="7" type="cond" truecount="1" falsecount="1"/>
        <line num="38" count="7" type="cond" truecount="2" falsecount="0"/>
        <line num="57" count="10" type="stmt"/>
      </file>
    </package>
    <package name="GOLFAPP.app.(authenticated).dashboard.membership.form.components">
      <metrics statements="442" coveredstatements="306" conditionals="296" coveredconditionals="181" methods="126" coveredmethods="50"/>
      <file name="FormShell.tsx" path="/Users/chrismcgonagle/GOLFAPP/app/(authenticated)/dashboard/membership/form/components/FormShell.tsx">
        <metrics statements="34" coveredstatements="28" conditionals="10" coveredconditionals="3" methods="4" coveredmethods="3"/>
        <line num="3" count="3" type="stmt"/>
        <line num="4" count="3" type="stmt"/>
        <line num="5" count="3" type="stmt"/>
        <line num="6" count="3" type="stmt"/>
        <line num="7" count="3" type="stmt"/>
        <line num="8" count="3" type="stmt"/>
        <line num="9" count="3" type="stmt"/>
        <line num="10" count="3" type="stmt"/>
        <line num="11" count="3" type="stmt"/>
        <line num="13" count="3" type="stmt"/>
        <line num="24" count="29" type="stmt"/>
        <line num="27" count="42" type="stmt"/>
        <line num="28" count="42" type="stmt"/>
        <line num="29" count="42" type="stmt"/>
        <line num="30" count="42" type="stmt"/>
        <line num="31" count="42" type="stmt"/>
        <line num="33" count="42" type="stmt"/>
        <line num="37" count="42" type="stmt"/>
        <line num="38" count="42" type="cond" truecount="1" falsecount="1"/>
        <line num="40" count="42" type="stmt"/>
        <line num="41" count="0" type="cond" truecount="0" falsecount="2"/>
        <line num="42" count="0" type="cond" truecount="0" falsecount="2"/>
        <line num="43" count="0" type="stmt"/>
        <line num="44" count="0" type="stmt"/>
        <line num="45" count="0" type="stmt"/>
        <line num="49" count="42" type="stmt"/>
        <line num="50" count="1" type="cond" truecount="1" falsecount="1"/>
        <line num="51" count="1" type="stmt"/>
        <line num="52" count="1" type="stmt"/>
        <line num="60" count="1" type="stmt"/>
        <line num="61" count="1" type="stmt"/>
        <line num="64" count="42" type="stmt"/>
        <line num="65" count="42" type="cond" truecount="0" falsecount="1"/>
        <line num="91" count="0" type="stmt"/>
      </file>
      <file name="Step1Personal.tsx" path="/Users/chrismcgonagle/GOLFAPP/app/(authenticated)/dashboard/membership/form/components/Step1Personal.tsx">
        <metrics statements="81" coveredstatements="50" conditionals="43" coveredconditionals="24" methods="34" coveredmethods="7"/>
        <line num="3" count="4" type="stmt"/>
        <line num="4" count="4" type="stmt"/>
        <line num="10" count="4" type="stmt"/>
        <line num="25" count="19" type="stmt"/>
        <line num="28" count="40" type="stmt"/>
        <line num="29" count="40" type="stmt"/>
        <line num="30" count="40" type="stmt"/>
        <line num="31" count="40" type="stmt"/>
        <line num="34" count="40" type="stmt"/>
        <line num="35" count="20" type="stmt"/>
        <line num="36" count="20" type="cond" truecount="1" falsecount="1"/>
        <line num="37" count="20" type="stmt"/>
        <line num="40" count="0" type="stmt"/>
        <line num="43" count="40" type="stmt"/>
        <line num="44" count="20" type="stmt"/>
        <line num="45" count="20" type="stmt"/>
        <line num="48" count="20" type="cond" truecount="1" falsecount="1"/>
        <line num="49" count="20" type="cond" truecount="1" falsecount="1"/>
        <line num="50" count="20" type="cond" truecount="1" falsecount="1"/>
        <line num="51" count="20" type="cond" truecount="1" falsecount="1"/>
        <line num="52" count="20" type="cond" truecount="1" falsecount="1"/>
        <line num="53" count="20" type="cond" truecount="1" falsecount="1"/>
        <line num="54" count="20" type="cond" truecount="1" falsecount="1"/>
        <line num="55" count="20" type="cond" truecount="1" falsecount="1"/>
        <line num="56" count="20" type="cond" truecount="1" falsecount="1"/>
        <line num="57" count="20" type="cond" truecount="1" falsecount="1"/>
        <line num="58" count="20" type="cond" truecount="1" falsecount="1"/>
        <line num="59" count="20" type="cond" truecount="1" falsecount="1"/>
        <line num="60" count="20" type="cond" truecount="1" falsecount="1"/>
        <line num="64" count="20" type="cond" truecount="4" falsecount="0"/>
        <line num="65" count="1" type="stmt"/>
        <line num="69" count="20" type="cond" truecount="1" falsecount="1"/>
        <line num="70" count="0" type="stmt"/>
        <line num="71" count="0" type="cond" truecount="0" falsecount="2"/>
        <line num="72" count="0" type="stmt"/>
        <line num="76" count="20" type="stmt"/>
        <line num="77" count="20" type="stmt"/>
        <line num="78" count="20" type="stmt"/>
        <line num="79" count="20" type="stmt"/>
        <line num="82" count="40" type="stmt"/>
        <line num="83" count="20" type="stmt"/>
        <line num="87" count="40" type="stmt"/>
        <line num="91" count="1" type="stmt"/>
        <line num="94" count="40" type="stmt"/>
        <line num="95" count="0" type="stmt"/>
        <line num="99" count="40" type="stmt"/>
        <line num="100" count="40" type="stmt"/>
        <line num="101" count="40" type="stmt"/>
        <line num="102" count="40" type="stmt"/>
        <line num="103" count="40" type="stmt"/>
        <line num="110" count="520" type="cond" truecount="2" falsecount="0"/>
        <line num="111" count="22" type="stmt"/>
        <line num="115" count="498" type="cond" truecount="2" falsecount="2"/>
        <line num="116" count="0" type="stmt"/>
        <line num="119" count="498" type="stmt"/>
        <line num="139" count="0" type="stmt"/>
        <line num="140" count="0" type="stmt"/>
        <line num="157" count="0" type="stmt"/>
        <line num="158" count="0" type="stmt"/>
        <line num="175" count="0" type="stmt"/>
        <line num="176" count="0" type="stmt"/>
        <line num="191" count="0" type="stmt"/>
        <line num="192" count="0" type="stmt"/>
        <line num="231" count="0" type="stmt"/>
        <line num="232" count="0" type="stmt"/>
        <line num="243" count="0" type="stmt"/>
        <line num="244" count="0" type="stmt"/>
        <line num="254" count="0" type="stmt"/>
        <line num="255" count="0" type="stmt"/>
        <line num="272" count="0" type="stmt"/>
        <line num="273" count="0" type="stmt"/>
        <line num="290" count="0" type="stmt"/>
        <line num="291" count="0" type="stmt"/>
        <line num="308" count="0" type="stmt"/>
        <line num="309" count="0" type="stmt"/>
        <line num="326" count="0" type="stmt"/>
        <line num="327" count="0" type="stmt"/>
        <line num="344" count="1" type="stmt"/>
        <line num="345" count="0" type="stmt"/>
        <line num="362" count="0" type="stmt"/>
        <line num="363" count="0" type="stmt"/>
      </file>
      <file name="Step2Membership.tsx" path="/Users/chrismcgonagle/GOLFAPP/app/(authenticated)/dashboard/membership/form/components/Step2Membership.tsx">
        <metrics statements="143" coveredstatements="84" conditionals="147" coveredconditionals="82" methods="38" coveredmethods="10"/>
        <line num="3" count="4" type="stmt"/>
        <line num="4" count="4" type="stmt"/>
        <line num="16" count="4" type="stmt"/>
        <line num="19" count="4" type="stmt"/>
        <line num="29" count="9" type="stmt"/>
        <line num="32" count="20" type="stmt"/>
        <line num="33" count="20" type="stmt"/>
        <line num="34" count="20" type="stmt"/>
        <line num="35" count="20" type="stmt"/>
        <line num="36" count="20" type="stmt"/>
        <line num="37" count="20" type="stmt"/>
        <line num="40" count="20" type="stmt"/>
        <line num="41" count="20" type="stmt"/>
        <line num="42" count="20" type="stmt"/>
        <line num="43" count="20" type="stmt"/>
        <line num="44" count="20" type="stmt"/>
        <line num="45" count="20" type="stmt"/>
        <line num="46" count="20" type="stmt"/>
        <line num="47" count="20" type="stmt"/>
        <line num="48" count="20" type="stmt"/>
        <line num="49" count="20" type="cond" truecount="2" falsecount="0"/>
        <line num="50" count="20" type="stmt"/>
        <line num="51" count="20" type="cond" truecount="2" falsecount="0"/>
        <line num="52" count="20" type="stmt"/>
        <line num="55" count="20" type="stmt"/>
        <line num="56" count="9" type="stmt"/>
        <line num="57" count="9" type="cond" truecount="1" falsecount="1"/>
        <line num="58" count="9" type="cond" truecount="1" falsecount="1"/>
        <line num="60" count="9" type="stmt"/>
        <line num="61" count="0" type="cond" truecount="0" falsecount="2"/>
        <line num="62" count="0" type="stmt"/>
        <line num="64" count="0" type="stmt"/>
        <line num="66" count="9" type="stmt"/>
        <line num="69" count="0" type="stmt"/>
        <line num="74" count="20" type="stmt"/>
        <line num="75" count="10" type="stmt"/>
        <line num="77" count="11" type="cond" truecount="3" falsecount="1"/>
        <line num="78" count="0" type="stmt"/>
        <line num="81" count="11" type="cond" truecount="2" falsecount="2"/>
        <line num="82" count="0" type="stmt"/>
        <line num="85" count="11" type="cond" truecount="2" falsecount="2"/>
        <line num="86" count="0" type="stmt"/>
        <line num="89" count="11" type="cond" truecount="2" falsecount="2"/>
        <line num="90" count="0" type="stmt"/>
        <line num="92" count="11" type="cond" truecount="2" falsecount="0"/>
        <line num="93" count="10" type="stmt"/>
        <line num="97" count="0" type="cond" truecount="0" falsecount="4"/>
        <line num="98" count="0" type="stmt"/>
        <line num="100" count="0" type="stmt"/>
        <line num="103" count="20" type="stmt"/>
        <line num="104" count="10" type="stmt"/>
        <line num="105" count="10" type="stmt"/>
        <line num="108" count="10" type="cond" truecount="1" falsecount="1"/>
        <line num="109" count="10" type="cond" truecount="2" falsecount="0"/>
        <line num="110" count="9" type="stmt"/>
        <line num="111" count="10" type="cond" truecount="2" falsecount="0"/>
        <line num="112" count="1" type="stmt"/>
        <line num="113" count="10" type="cond" truecount="1" falsecount="1"/>
        <line num="114" count="0" type="stmt"/>
        <line num="115" count="10" type="cond" truecount="1" falsecount="1"/>
        <line num="116" count="0" type="stmt"/>
        <line num="117" count="10" type="cond" truecount="1" falsecount="1"/>
        <line num="118" count="0" type="stmt"/>
        <line num="119" count="10" type="cond" truecount="1" falsecount="1"/>
        <line num="120" count="10" type="cond" truecount="1" falsecount="1"/>
        <line num="121" count="10" type="cond" truecount="1" falsecount="1"/>
        <line num="125" count="10" type="cond" truecount="2" falsecount="2"/>
        <line num="126" count="0" type="stmt"/>
        <line num="129" count="10" type="stmt"/>
        <line num="130" count="10" type="stmt"/>
        <line num="131" count="10" type="stmt"/>
        <line num="132" count="10" type="stmt"/>
        <line num="135" count="20" type="stmt"/>
        <line num="136" count="10" type="stmt"/>
        <line num="140" count="20" type="stmt"/>
        <line num="141" count="1" type="stmt"/>
        <line num="144" count="1" type="cond" truecount="2" falsecount="2"/>
        <line num="145" count="0" type="stmt"/>
        <line num="149" count="1" type="cond" truecount="2" falsecount="2"/>
        <line num="150" count="0" type="stmt"/>
        <line num="151" count="0" type="stmt"/>
        <line num="152" count="0" type="stmt"/>
        <line num="153" count="0" type="stmt"/>
        <line num="157" count="1" type="cond" truecount="2" falsecount="2"/>
        <line num="158" count="0" type="stmt"/>
        <line num="162" count="1" type="cond" truecount="3" falsecount="1"/>
        <line num="163" count="0" type="stmt"/>
        <line num="164" count="0" type="stmt"/>
        <line num="166" count="1" type="cond" truecount="3" falsecount="1"/>
        <line num="167" count="1" type="stmt"/>
        <line num="168" count="1" type="stmt"/>
        <line num="171" count="1" type="stmt"/>
        <line num="174" count="20" type="stmt"/>
        <line num="175" count="0" type="stmt"/>
        <line num="178" count="20" type="stmt"/>
        <line num="179" count="0" type="stmt"/>
        <line num="180" count="0" type="cond" truecount="0" falsecount="4"/>
        <line num="181" count="0" type="cond" truecount="0" falsecount="2"/>
        <line num="182" count="0" type="cond" truecount="0" falsecount="2"/>
        <line num="184" count="0" type="stmt"/>
        <line num="185" count="0" type="stmt"/>
        <line num="186" count="0" type="stmt"/>
        <line num="187" count="0" type="stmt"/>
        <line num="188" count="0" type="stmt"/>
        <line num="189" count="0" type="stmt"/>
        <line num="192" count="20" type="stmt"/>
        <line num="193" count="0" type="stmt"/>
        <line num="194" count="0" type="stmt"/>
        <line num="195" count="0" type="stmt"/>
        <line num="201" count="20" type="stmt"/>
        <line num="202" count="20" type="stmt"/>
        <line num="203" count="20" type="stmt"/>
        <line num="204" count="20" type="stmt"/>
        <line num="205" count="20" type="stmt"/>
        <line num="213" count="160" type="cond" truecount="2" falsecount="0"/>
        <line num="214" count="11" type="stmt"/>
        <line num="218" count="149" type="cond" truecount="3" falsecount="2"/>
        <line num="219" count="0" type="stmt"/>
        <line num="222" count="149" type="stmt"/>
        <line num="237" count="1" type="stmt"/>
        <line num="238" count="0" type="stmt"/>
        <line num="270" count="0" type="stmt"/>
        <line num="271" count="0" type="stmt"/>
        <line num="290" count="0" type="stmt"/>
        <line num="291" count="0" type="stmt"/>
        <line num="301" count="0" type="stmt"/>
        <line num="302" count="0" type="stmt"/>
        <line num="309" count="100" type="stmt"/>
        <line num="338" count="0" type="stmt"/>
        <line num="339" count="0" type="stmt"/>
        <line num="371" count="0" type="stmt"/>
        <line num="372" count="0" type="stmt"/>
        <line num="404" count="0" type="stmt"/>
        <line num="405" count="0" type="stmt"/>
        <line num="433" count="0" type="stmt"/>
        <line num="434" count="0" type="stmt"/>
        <line num="455" count="0" type="stmt"/>
        <line num="456" count="0" type="cond" truecount="0" falsecount="2"/>
        <line num="466" count="0" type="stmt"/>
        <line num="473" count="100" type="stmt"/>
        <line num="502" count="0" type="stmt"/>
        <line num="512" count="0" type="stmt"/>
        <line num="548" count="0" type="cond" truecount="0" falsecount="2"/>
      </file>
      <file name="Step3Safeguarding.tsx" path="/Users/chrismcgonagle/GOLFAPP/app/(authenticated)/dashboard/membership/form/components/Step3Safeguarding.tsx">
        <metrics statements="61" coveredstatements="43" conditionals="21" coveredconditionals="13" methods="22" coveredmethods="7"/>
        <line num="3" count="4" type="stmt"/>
        <line num="4" count="4" type="stmt"/>
        <line num="10" count="4" type="stmt"/>
        <line num="16" count="6" type="stmt"/>
        <line num="19" count="14" type="stmt"/>
        <line num="20" count="14" type="stmt"/>
        <line num="21" count="14" type="stmt"/>
        <line num="24" count="14" type="stmt"/>
        <line num="25" count="7" type="stmt"/>
        <line num="26" count="7" type="cond" truecount="1" falsecount="1"/>
        <line num="27" count="7" type="stmt"/>
        <line num="30" count="0" type="stmt"/>
        <line num="33" count="14" type="stmt"/>
        <line num="34" count="7" type="stmt"/>
        <line num="35" count="7" type="stmt"/>
        <line num="38" count="7" type="cond" truecount="1" falsecount="1"/>
        <line num="39" count="7" type="cond" truecount="1" falsecount="1"/>
        <line num="40" count="7" type="stmt"/>
        <line num="42" count="7" type="cond" truecount="1" falsecount="1"/>
        <line num="43" count="0" type="stmt"/>
        <line num="45" count="7" type="cond" truecount="1" falsecount="1"/>
        <line num="46" count="0" type="stmt"/>
        <line num="51" count="7" type="cond" truecount="2" falsecount="0"/>
        <line num="52" count="1" type="stmt"/>
        <line num="53" count="1" type="cond" truecount="1" falsecount="1"/>
        <line num="54" count="1" type="stmt"/>
        <line num="58" count="7" type="stmt"/>
        <line num="59" count="7" type="stmt"/>
        <line num="60" count="7" type="stmt"/>
        <line num="61" count="7" type="stmt"/>
        <line num="64" count="14" type="stmt"/>
        <line num="65" count="7" type="stmt"/>
        <line num="69" count="14" type="stmt"/>
        <line num="70" count="1" type="stmt"/>
        <line num="73" count="14" type="stmt"/>
        <line num="74" count="0" type="stmt"/>
        <line num="78" count="14" type="stmt"/>
        <line num="79" count="14" type="stmt"/>
        <line num="80" count="14" type="stmt"/>
        <line num="81" count="14" type="stmt"/>
        <line num="82" count="14" type="stmt"/>
        <line num="83" count="14" type="stmt"/>
        <line num="90" count="98" type="cond" truecount="2" falsecount="0"/>
        <line num="91" count="9" type="stmt"/>
        <line num="95" count="89" type="cond" truecount="2" falsecount="2"/>
        <line num="96" count="0" type="stmt"/>
        <line num="99" count="89" type="stmt"/>
        <line num="118" count="0" type="stmt"/>
        <line num="119" count="0" type="stmt"/>
        <line num="136" count="0" type="stmt"/>
        <line num="137" count="0" type="stmt"/>
        <line num="154" count="1" type="stmt"/>
        <line num="155" count="0" type="stmt"/>
        <line num="175" count="0" type="stmt"/>
        <line num="176" count="0" type="stmt"/>
        <line num="193" count="0" type="stmt"/>
        <line num="194" count="0" type="stmt"/>
        <line num="211" count="0" type="stmt"/>
        <line num="212" count="0" type="stmt"/>
        <line num="229" count="0" type="stmt"/>
        <line num="230" count="0" type="stmt"/>
      </file>
      <file name="Step4Placeholder.tsx" path="/Users/chrismcgonagle/GOLFAPP/app/(authenticated)/dashboard/membership/form/components/Step4Placeholder.tsx">
        <metrics statements="97" coveredstatements="75" conditionals="50" coveredconditionals="35" methods="23" coveredmethods="18"/>
        <line num="3" count="4" type="stmt"/>
        <line num="4" count="4" type="stmt"/>
        <line num="5" count="4" type="stmt"/>
        <line num="11" count="4" type="stmt"/>
        <line num="17" count="27" type="stmt"/>
        <line num="20" count="61" type="stmt"/>
        <line num="21" count="61" type="stmt"/>
        <line num="22" count="61" type="stmt"/>
        <line num="23" count="61" type="stmt"/>
        <line num="25" count="61" type="stmt"/>
        <line num="26" count="30" type="stmt"/>
        <line num="27" count="56" type="cond" truecount="2" falsecount="0"/>
        <line num="28" count="10" type="cond" truecount="2" falsecount="0"/>
        <line num="29" count="6" type="stmt"/>
        <line num="31" count="4" type="stmt"/>
        <line num="34" count="46" type="cond" truecount="2" falsecount="0"/>
        <line num="35" count="20" type="stmt"/>
        <line num="38" count="4" type="stmt"/>
        <line num="41" count="61" type="stmt"/>
        <line num="42" count="30" type="stmt"/>
        <line num="43" count="30" type="stmt"/>
        <line num="45" count="30" type="cond" truecount="2" falsecount="0"/>
        <line num="46" count="14" type="stmt"/>
        <line num="49" count="30" type="cond" truecount="2" falsecount="0"/>
        <line num="50" count="6" type="stmt"/>
        <line num="53" count="30" type="cond" truecount="2" falsecount="0"/>
        <line num="54" count="6" type="stmt"/>
        <line num="57" count="30" type="stmt"/>
        <line num="58" count="30" type="stmt"/>
        <line num="59" count="30" type="stmt"/>
        <line num="60" count="30" type="stmt"/>
        <line num="63" count="61" type="stmt"/>
        <line num="64" count="30" type="stmt"/>
        <line num="68" count="61" type="stmt"/>
        <line num="69" count="14" type="stmt"/>
        <line num="70" count="14" type="cond" truecount="3" falsecount="1"/>
        <line num="71" count="0" type="stmt"/>
        <line num="72" count="0" type="stmt"/>
        <line num="73" count="0" type="cond" truecount="0" falsecount="2"/>
        <line num="74" count="0" type="stmt"/>
        <line num="75" count="0" type="stmt"/>
        <line num="76" count="0" type="stmt"/>
        <line num="80" count="61" type="stmt"/>
        <line num="81" count="30" type="stmt"/>
        <line num="82" count="0" type="stmt"/>
        <line num="83" count="0" type="cond" truecount="0" falsecount="4"/>
        <line num="84" count="0" type="stmt"/>
        <line num="85" count="0" type="stmt"/>
        <line num="86" count="0" type="cond" truecount="0" falsecount="2"/>
        <line num="87" count="0" type="stmt"/>
        <line num="88" count="0" type="stmt"/>
        <line num="89" count="0" type="stmt"/>
        <line num="90" count="0" type="stmt"/>
        <line num="93" count="30" type="stmt"/>
        <line num="94" count="30" type="stmt"/>
        <line num="97" count="61" type="stmt"/>
        <line num="98" count="19" type="stmt"/>
        <line num="100" count="19" type="cond" truecount="1" falsecount="1"/>
        <line num="101" count="0" type="stmt"/>
        <line num="104" count="19" type="cond" truecount="2" falsecount="0"/>
        <line num="105" count="4" type="cond" truecount="1" falsecount="1"/>
        <line num="106" count="0" type="stmt"/>
        <line num="108" count="4" type="stmt"/>
        <line num="111" count="15" type="cond" truecount="1" falsecount="1"/>
        <line num="112" count="0" type="stmt"/>
        <line num="116" count="61" type="stmt"/>
        <line num="117" count="11" type="cond" truecount="1" falsecount="1"/>
        <line num="118" count="11" type="stmt"/>
        <line num="121" count="61" type="stmt"/>
        <line num="122" count="0" type="stmt"/>
        <line num="125" count="61" type="stmt"/>
        <line num="126" count="4" type="stmt"/>
        <line num="128" count="4" type="cond" truecount="1" falsecount="1"/>
        <line num="129" count="0" type="stmt"/>
        <line num="132" count="4" type="cond" truecount="1" falsecount="1"/>
        <line num="136" count="4" type="stmt"/>
        <line num="137" count="4" type="stmt"/>
        <line num="140" count="61" type="stmt"/>
        <line num="141" count="1" type="stmt"/>
        <line num="142" count="1" type="stmt"/>
        <line num="143" count="1" type="stmt"/>
        <line num="146" count="61" type="stmt"/>
        <line num="147" count="122" type="cond" truecount="2" falsecount="0"/>
        <line num="148" count="31" type="stmt"/>
        <line num="151" count="91" type="cond" truecount="4" falsecount="0"/>
        <line num="152" count="43" type="stmt"/>
        <line num="155" count="48" type="stmt"/>
        <line num="158" count="61" type="stmt"/>
        <line num="159" count="61" type="cond" truecount="2" falsecount="0"/>
        <line num="160" count="10" type="stmt"/>
        <line num="163" count="51" type="cond" truecount="4" falsecount="0"/>
        <line num="164" count="5" type="stmt"/>
        <line num="167" count="46" type="stmt"/>
        <line num="187" count="6" type="stmt"/>
        <line num="188" count="0" type="stmt"/>
        <line num="203" count="5" type="stmt"/>
        <line num="204" count="0" type="stmt"/>
      </file>
      <file name="StepIndicator.tsx" path="/Users/chrismcgonagle/GOLFAPP/app/(authenticated)/dashboard/membership/form/components/StepIndicator.tsx">
        <metrics statements="26" coveredstatements="26" conditionals="25" coveredconditionals="24" methods="5" coveredmethods="5"/>
        <line num="8" count="3" type="stmt"/>
        <line num="15" count="3" type="stmt"/>
        <line num="16" count="152" type="cond" truecount="2" falsecount="0"/>
        <line num="17" count="148" type="cond" truecount="2" falsecount="0"/>
        <line num="18" count="50" type="stmt"/>
        <line num="20" count="98" type="cond" truecount="2" falsecount="0"/>
        <line num="21" count="37" type="stmt"/>
        <line num="23" count="61" type="stmt"/>
        <line num="26" count="3" type="stmt"/>
        <line num="27" count="114" type="cond" truecount="2" falsecount="0"/>
        <line num="28" count="111" type="cond" truecount="2" falsecount="0"/>
        <line num="29" count="21" type="stmt"/>
        <line num="31" count="90" type="cond" truecount="2" falsecount="0"/>
        <line num="32" count="29" type="stmt"/>
        <line num="34" count="61" type="cond" truecount="2" falsecount="0"/>
        <line num="35" count="24" type="stmt"/>
        <line num="37" count="37" type="stmt"/>
        <line num="40" count="42" type="cond" truecount="0" falsecount="1"/>
        <line num="45" count="152" type="stmt"/>
        <line num="57" count="152" type="cond" truecount="2" falsecount="0"/>
        <line num="58" count="114" type="stmt"/>
        <line num="63" count="152" type="stmt"/>
        <line num="69" count="152" type="stmt"/>
        <line num="80" count="152" type="cond" truecount="2" falsecount="0"/>
        <line num="81" count="114" type="stmt"/>
        <line num="93" count="152" type="stmt"/>
      </file>
    </package>
    <package name="GOLFAPP.app.(authenticated).dashboard.membership.member-search">
      <metrics statements="10" coveredstatements="10" conditionals="10" coveredconditionals="10" methods="1" coveredmethods="1"/>
      <file name="page.tsx" path="/Users/chrismcgonagle/GOLFAPP/app/(authenticated)/dashboard/membership/member-search/page.tsx">
        <metrics statements="10" coveredstatements="10" conditionals="10" coveredconditionals="10" methods="1" coveredmethods="1"/>
        <line num="1" count="1" type="stmt"/>
        <line num="2" count="1" type="stmt"/>
        <line num="3" count="1" type="stmt"/>
        <line num="13" count="11" type="stmt"/>
        <line num="14" count="11" type="stmt"/>
        <line num="16" count="11" type="cond" truecount="2" falsecount="0"/>
        <line num="17" count="11" type="cond" truecount="2" falsecount="0"/>
        <line num="19" count="11" type="cond" truecount="2" falsecount="0"/>
        <line num="20" count="11" type="stmt"/>
        <line num="22" count="11" type="cond" truecount="2" falsecount="0"/>
      </file>
    </package>
    <package name="GOLFAPP.app.(authenticated).dashboard.membership.type">
      <metrics statements="13" coveredstatements="13" conditionals="8" coveredconditionals="7" methods="4" coveredmethods="4"/>
      <file name="page.tsx" path="/Users/chrismcgonagle/GOLFAPP/app/(authenticated)/dashboard/membership/type/page.tsx">
        <metrics statements="13" coveredstatements="13" conditionals="8" coveredconditionals="7" methods="4" coveredmethods="4"/>
        <line num="1" count="1" type="stmt"/>
        <line num="12" count="1" type="stmt"/>
        <line num="64" count="72" type="stmt"/>
        <line num="286" count="72" type="cond" truecount="1" falsecount="1"/>
        <line num="289" count="9" type="stmt"/>
        <line num="290" count="9" type="stmt"/>
        <line num="291" count="9" type="cond" truecount="2" falsecount="0"/>
        <line num="293" count="9" type="stmt"/>
        <line num="294" count="72" type="stmt"/>
        <line num="300" count="72" type="cond" truecount="2" falsecount="0"/>
        <line num="301" count="16" type="stmt"/>
        <line num="304" count="72" type="stmt"/>
        <line num="324" count="72" type="stmt"/>
      </file>
    </package>
    <package name="GOLFAPP.app.pin">
      <metrics statements="69" coveredstatements="63" conditionals="40" coveredconditionals="31" methods="3" coveredmethods="3"/>
      <file name="actions.ts" path="/Users/chrismcgonagle/GOLFAPP/app/pin/actions.ts">
        <metrics statements="47" coveredstatements="43" conditionals="24" coveredconditionals="18" methods="2" coveredmethods="2"/>
        <line num="3" count="1" type="stmt"/>
        <line num="4" count="1" type="stmt"/>
        <line num="5" count="1" type="stmt"/>
        <line num="6" count="1" type="stmt"/>
        <line num="19" count="1" type="stmt"/>
        <line num="20" count="1" type="stmt"/>
        <line num="21" count="1" type="stmt"/>
        <line num="22" count="1" type="stmt"/>
        <line num="23" count="1" type="stmt"/>
        <line num="25" count="6" type="stmt"/>
        <line num="29" count="5" type="stmt"/>
        <line num="31" count="5" type="stmt"/>
        <line num="32" count="5" type="stmt"/>
        <line num="33" count="5" type="cond" truecount="1" falsecount="1"/>
        <line num="36" count="5" type="cond" truecount="1" falsecount="1"/>
        <line num="37" count="0" type="stmt"/>
        <line num="40" count="5" type="stmt"/>
        <line num="43" count="5" type="stmt"/>
        <line num="44" count="5" type="stmt"/>
        <line num="45" count="5" type="stmt"/>
        <line num="46" count="5" type="stmt"/>
        <line num="48" count="5" type="cond" truecount="1" falsecount="1"/>
        <line num="54" count="0" type="stmt"/>
        <line num="57" count="5" type="stmt"/>
        <line num="60" count="5" type="cond" truecount="2" falsecount="0"/>
        <line num="61" count="1" type="stmt"/>
        <line num="64" count="4" type="stmt"/>
        <line num="66" count="4" type="stmt"/>
        <line num="72" count="4" type="cond" truecount="3" falsecount="1"/>
        <line num="73" count="0" type="stmt"/>
        <line num="77" count="4" type="cond" truecount="2" falsecount="2"/>
        <line num="78" count="0" type="stmt"/>
        <line num="82" count="4" type="stmt"/>
        <line num="84" count="4" type="cond" truecount="2" falsecount="0"/>
        <line num="86" count="1" type="stmt"/>
        <line num="92" count="1" type="stmt"/>
        <line num="93" count="1" type="stmt"/>
        <line num="104" count="1" type="stmt"/>
        <line num="111" count="1" type="stmt"/>
        <line num="113" count="1" type="stmt"/>
        <line num="117" count="3" type="stmt"/>
        <line num="119" count="3" type="cond" truecount="2" falsecount="0"/>
        <line num="120" count="1" type="stmt"/>
        <line num="122" count="1" type="stmt"/>
        <line num="127" count="1" type="stmt"/>
        <line num="130" count="2" type="stmt"/>
        <line num="135" count="2" type="stmt"/>
      </file>
      <file name="page.tsx" path="/Users/chrismcgonagle/GOLFAPP/app/pin/page.tsx">
        <metrics statements="22" coveredstatements="20" conditionals="16" coveredconditionals="13" methods="1" coveredmethods="1"/>
        <line num="1" count="1" type="stmt"/>
        <line num="2" count="1" type="stmt"/>
        <line num="3" count="1" type="stmt"/>
        <line num="4" count="1" type="stmt"/>
        <line num="6" count="1" type="stmt"/>
        <line num="24" count="4" type="stmt"/>
        <line num="25" count="4" type="stmt"/>
        <line num="28" count="4" type="cond" truecount="2" falsecount="0"/>
        <line num="29" count="1" type="stmt"/>
        <line num="34" count="3" type="stmt"/>
        <line num="35" count="3" type="stmt"/>
        <line num="36" count="3" type="stmt"/>
        <line num="42" count="3" type="cond" truecount="3" falsecount="1"/>
        <line num="43" count="0" type="stmt"/>
        <line num="46" count="3" type="stmt"/>
        <line num="48" count="0" type="stmt"/>
        <line num="52" count="3" type="cond" truecount="4" falsecount="0"/>
        <line num="53" count="1" type="stmt"/>
        <line num="57" count="2" type="cond" truecount="2" falsecount="0"/>
        <line num="58" count="1" type="stmt"/>
        <line num="61" count="1" type="cond" truecount="1" falsecount="1"/>
        <line num="62" count="1" type="cond" truecount="1" falsecount="1"/>
      </file>
    </package>
    <package name="GOLFAPP.app.pin.components">
      <metrics statements="120" coveredstatements="93" conditionals="68" coveredconditionals="40" methods="25" coveredmethods="21"/>
      <file name="PinEntryForm.tsx" path="/Users/chrismcgonagle/GOLFAPP/app/pin/components/PinEntryForm.tsx">
        <metrics statements="102" coveredstatements="76" conditionals="55" coveredconditionals="31" methods="21" coveredmethods="17"/>
        <line num="3" count="1" type="stmt"/>
        <line num="11" count="1" type="stmt"/>
        <line num="21" count="1" type="stmt"/>
        <line num="22" count="1" type="stmt"/>
        <line num="24" count="9" type="stmt"/>
        <line num="31" count="22" type="stmt"/>
        <line num="32" count="22" type="stmt"/>
        <line num="33" count="22" type="stmt"/>
        <line num="34" count="22" type="stmt"/>
        <line num="35" count="22" type="stmt"/>
        <line num="36" count="22" type="stmt"/>
        <line num="38" count="22" type="stmt"/>
        <line num="39" count="5" type="stmt"/>
        <line num="43" count="22" type="stmt"/>
        <line num="44" count="5" type="cond" truecount="2" falsecount="0"/>
        <line num="45" count="2" type="stmt"/>
        <line num="46" count="2" type="stmt"/>
        <line num="48" count="2" type="stmt"/>
        <line num="49" count="0" type="stmt"/>
        <line num="52" count="2" type="stmt"/>
        <line num="54" count="2" type="stmt"/>
        <line num="58" count="22" type="stmt"/>
        <line num="59" count="11" type="cond" truecount="1" falsecount="1"/>
        <line num="60" count="0" type="stmt"/>
        <line num="63" count="11" type="stmt"/>
        <line num="66" count="22" type="stmt"/>
        <line num="67" count="9" type="cond" truecount="1" falsecount="1"/>
        <line num="68" count="0" type="stmt"/>
        <line num="71" count="9" type="stmt"/>
        <line num="73" count="9" type="stmt"/>
        <line num="74" count="9" type="cond" truecount="1" falsecount="1"/>
        <line num="75" count="0" type="stmt"/>
        <line num="78" count="9" type="stmt"/>
        <line num="81" count="9" type="stmt"/>
        <line num="84" count="22" type="stmt"/>
        <line num="85" count="2" type="cond" truecount="1" falsecount="1"/>
        <line num="86" count="0" type="stmt"/>
        <line num="89" count="2" type="stmt"/>
        <line num="90" count="2" type="stmt"/>
        <line num="91" count="2" type="stmt"/>
        <line num="94" count="22" type="stmt"/>
        <line num="95" count="2" type="cond" truecount="1" falsecount="1"/>
        <line num="96" count="0" type="stmt"/>
        <line num="99" count="2" type="stmt"/>
        <line num="100" count="2" type="stmt"/>
        <line num="101" count="2" type="stmt"/>
        <line num="104" count="22" type="stmt"/>
        <line num="105" count="1" type="cond" truecount="1" falsecount="1"/>
        <line num="106" count="0" type="stmt"/>
        <line num="107" count="0" type="stmt"/>
        <line num="110" count="1" type="cond" truecount="2" falsecount="2"/>
        <line num="111" count="1" type="stmt"/>
        <line num="112" count="1" type="stmt"/>
        <line num="113" count="1" type="stmt"/>
        <line num="116" count="0" type="cond" truecount="0" falsecount="4"/>
        <line num="117" count="0" type="stmt"/>
        <line num="121" count="22" type="stmt"/>
        <line num="122" count="4" type="stmt"/>
        <line num="124" count="4" type="cond" truecount="3" falsecount="1"/>
        <line num="125" count="0" type="stmt"/>
        <line num="128" count="4" type="cond" truecount="2" falsecount="0"/>
        <line num="130" count="3" type="stmt"/>
        <line num="133" count="1" type="stmt"/>
        <line num="136" count="1" type="stmt"/>
        <line num="138" count="1" type="stmt"/>
        <line num="140" count="1" type="stmt"/>
        <line num="142" count="1" type="cond" truecount="3" falsecount="1"/>
        <line num="143" count="1" type="stmt"/>
        <line num="144" count="1" type="stmt"/>
        <line num="146" count="1" type="stmt"/>
        <line num="147" count="0" type="stmt"/>
        <line num="149" count="0" type="cond" truecount="0" falsecount="4"/>
        <line num="151" count="0" type="stmt"/>
        <line num="152" count="0" type="stmt"/>
        <line num="153" count="0" type="stmt"/>
        <line num="156" count="0" type="stmt"/>
        <line num="157" count="0" type="cond" truecount="0" falsecount="2"/>
        <line num="158" count="0" type="cond" truecount="0" falsecount="2"/>
        <line num="159" count="0" type="stmt"/>
        <line num="164" count="0" type="stmt"/>
        <line num="167" count="1" type="cond" truecount="1" falsecount="1"/>
        <line num="168" count="0" type="stmt"/>
        <line num="173" count="22" type="stmt"/>
        <line num="174" count="18" type="cond" truecount="2" falsecount="0"/>
        <line num="176" count="4" type="stmt"/>
        <line num="188" count="88" type="stmt"/>
        <line num="217" count="88" type="stmt"/>
        <line num="218" count="88" type="cond" truecount="2" falsecount="0"/>
        <line num="219" count="88" type="stmt"/>
        <line num="220" count="88" type="stmt"/>
        <line num="221" count="88" type="cond" truecount="2" falsecount="0"/>
        <line num="222" count="4" type="stmt"/>
        <line num="223" count="84" type="cond" truecount="2" falsecount="0"/>
        <line num="224" count="32" type="stmt"/>
        <line num="225" count="52" type="cond" truecount="1" falsecount="1"/>
        <line num="226" count="0" type="stmt"/>
        <line num="227" count="0" type="stmt"/>
        <line num="228" count="0" type="stmt"/>
        <line num="231" count="88" type="stmt"/>
        <line num="248" count="198" type="stmt"/>
        <line num="251" count="9" type="stmt"/>
        <line num="263" count="0" type="stmt"/>
      </file>
      <file name="PinEntryScreen.tsx" path="/Users/chrismcgonagle/GOLFAPP/app/pin/components/PinEntryScreen.tsx">
        <metrics statements="18" coveredstatements="17" conditionals="13" coveredconditionals="9" methods="4" coveredmethods="4"/>
        <line num="3" count="1" type="stmt"/>
        <line num="4" count="1" type="stmt"/>
        <line num="15" count="7" type="cond" truecount="2" falsecount="0"/>
        <line num="16" count="5" type="stmt"/>
        <line num="19" count="2" type="cond" truecount="1" falsecount="1"/>
        <line num="21" count="2" type="cond" truecount="4" falsecount="1"/>
        <line num="25" count="2" type="stmt"/>
        <line num="28" count="0" type="stmt"/>
        <line num="31" count="3" type="stmt"/>
        <line num="38" count="7" type="stmt"/>
        <line num="39" count="7" type="stmt"/>
        <line num="41" count="7" type="stmt"/>
        <line num="42" count="3" type="stmt"/>
        <line num="43" count="3" type="stmt"/>
        <line num="46" count="7" type="stmt"/>
        <line num="47" count="6" type="stmt"/>
        <line num="48" count="6" type="stmt"/>
        <line num="51" count="7" type="stmt"/>
      </file>
    </package>
    <package name="GOLFAPP.app.select-user">
      <metrics statements="31" coveredstatements="31" conditionals="21" coveredconditionals="18" methods="6" coveredmethods="6"/>
      <file name="page.tsx" path="/Users/chrismcgonagle/GOLFAPP/app/select-user/page.tsx">
        <metrics statements="31" coveredstatements="31" conditionals="21" coveredconditionals="18" methods="6" coveredmethods="6"/>
        <line num="1" count="1" type="stmt"/>
        <line num="2" count="1" type="stmt"/>
        <line num="3" count="1" type="stmt"/>
        <line num="4" count="1" type="stmt"/>
        <line num="7" count="1" type="stmt"/>
        <line num="21" count="14" type="cond" truecount="2" falsecount="0"/>
        <line num="22" count="11" type="stmt"/>
        <line num="24" count="3" type="stmt"/>
        <line num="25" count="3" type="stmt"/>
        <line num="30" count="14" type="stmt"/>
        <line num="32" count="28" type="stmt"/>
        <line num="44" count="14" type="stmt"/>
        <line num="47" count="14" type="cond" truecount="2" falsecount="0"/>
        <line num="90" count="12" type="cond" truecount="2" falsecount="0"/>
        <line num="126" count="15" type="stmt"/>
        <line num="130" count="15" type="stmt"/>
        <line num="131" count="15" type="stmt"/>
        <line num="133" count="15" type="stmt"/>
        <line num="134" count="15" type="stmt"/>
        <line num="135" count="15" type="stmt"/>
        <line num="140" count="15" type="cond" truecount="2" falsecount="0"/>
        <line num="141" count="1" type="stmt"/>
        <line num="144" count="14" type="cond" truecount="1" falsecount="1"/>
        <line num="147" count="1" type="stmt"/>
        <line num="148" count="1" type="cond" truecount="1" falsecount="1"/>
        <line num="152" count="15" type="stmt"/>
        <line num="153" count="15" type="stmt"/>
        <line num="156" count="15" type="cond" truecount="4" falsecount="0"/>
        <line num="173" count="14" type="cond" truecount="2" falsecount="0"/>
        <line num="206" count="14" type="stmt"/>
        <line num="209" count="14" type="stmt"/>
      </file>
    </package>
    <package name="GOLFAPP.app.setup-pin">
      <metrics statements="81" coveredstatements="71" conditionals="54" coveredconditionals="45" methods="10" coveredmethods="10"/>
      <file name="actions.ts" path="/Users/chrismcgonagle/GOLFAPP/app/setup-pin/actions.ts">
        <metrics statements="61" coveredstatements="53" conditionals="40" coveredconditionals="32" methods="7" coveredmethods="7"/>
        <line num="3" count="1" type="stmt"/>
        <line num="4" count="1" type="stmt"/>
        <line num="5" count="1" type="stmt"/>
        <line num="6" count="1" type="stmt"/>
        <line num="7" count="1" type="stmt"/>
        <line num="20" count="1" type="stmt"/>
        <line num="21" count="1" type="stmt"/>
        <line num="22" count="1" type="stmt"/>
        <line num="24" count="4" type="stmt"/>
        <line num="25" count="3" type="stmt"/>
        <line num="26" count="3" type="stmt"/>
        <line num="27" count="3" type="stmt"/>
        <line num="29" count="3" type="cond" truecount="3" falsecount="1"/>
        <line num="30" count="0" type="stmt"/>
        <line num="33" count="3" type="cond" truecount="3" falsecount="1"/>
        <line num="34" count="0" type="stmt"/>
        <line num="37" count="3" type="stmt"/>
        <line num="39" count="3" type="stmt"/>
        <line num="42" count="3" type="stmt"/>
        <line num="48" count="3" type="cond" truecount="3" falsecount="1"/>
        <line num="49" count="0" type="stmt"/>
        <line num="53" count="3" type="cond" truecount="1" falsecount="1"/>
        <line num="54" count="0" type="stmt"/>
        <line num="58" count="3" type="stmt"/>
        <line num="63" count="3" type="stmt"/>
        <line num="68" count="3" type="cond" truecount="4" falsecount="0"/>
        <line num="69" count="1" type="stmt"/>
        <line num="74" count="2" type="cond" truecount="2" falsecount="0"/>
        <line num="75" count="1" type="stmt"/>
        <line num="78" count="1" type="stmt"/>
        <line num="81" count="5" type="stmt"/>
        <line num="82" count="4" type="stmt"/>
        <line num="84" count="4" type="cond" truecount="3" falsecount="1"/>
        <line num="85" count="0" type="stmt"/>
        <line num="88" count="4" type="stmt"/>
        <line num="91" count="4" type="stmt"/>
        <line num="92" count="16" type="stmt"/>
        <line num="94" count="4" type="stmt"/>
        <line num="95" count="16" type="stmt"/>
        <line num="98" count="16" type="cond" truecount="3" falsecount="1"/>
        <line num="99" count="0" type="stmt"/>
        <line num="102" count="4" type="stmt"/>
        <line num="103" count="4" type="stmt"/>
        <line num="106" count="4" type="cond" truecount="4" falsecount="0"/>
        <line num="107" count="1" type="stmt"/>
        <line num="110" count="3" type="cond" truecount="2" falsecount="0"/>
        <line num="111" count="2" type="stmt"/>
        <line num="114" count="1" type="stmt"/>
        <line num="117" count="1" type="stmt"/>
        <line num="123" count="1" type="cond" truecount="3" falsecount="1"/>
        <line num="124" count="0" type="stmt"/>
        <line num="127" count="1" type="cond" truecount="1" falsecount="1"/>
        <line num="128" count="0" type="stmt"/>
        <line num="132" count="1" type="stmt"/>
        <line num="133" count="1" type="stmt"/>
        <line num="136" count="1" type="stmt"/>
        <line num="142" count="1" type="stmt"/>
        <line num="143" count="1" type="stmt"/>
        <line num="154" count="1" type="stmt"/>
        <line num="161" count="1" type="stmt"/>
        <line num="163" count="1" type="stmt"/>
      </file>
      <file name="page.tsx" path="/Users/chrismcgonagle/GOLFAPP/app/setup-pin/page.tsx">
        <metrics statements="20" coveredstatements="18" conditionals="14" coveredconditionals="13" methods="3" coveredmethods="3"/>
        <line num="1" count="1" type="stmt"/>
        <line num="2" count="1" type="stmt"/>
        <line num="3" count="1" type="stmt"/>
        <line num="5" count="1" type="stmt"/>
        <line num="17" count="4" type="stmt"/>
        <line num="18" count="4" type="stmt"/>
        <line num="21" count="4" type="cond" truecount="2" falsecount="0"/>
        <line num="22" count="1" type="stmt"/>
        <line num="27" count="3" type="stmt"/>
        <line num="28" count="3" type="stmt"/>
        <line num="29" count="3" type="stmt"/>
        <line num="35" count="3" type="cond" truecount="3" falsecount="1"/>
        <line num="36" count="0" type="stmt"/>
        <line num="39" count="3" type="stmt"/>
        <line num="41" count="0" type="stmt"/>
        <line num="45" count="3" type="cond" truecount="2" falsecount="0"/>
        <line num="46" count="1" type="stmt"/>
        <line num="50" count="2" type="cond" truecount="2" falsecount="0"/>
        <line num="75" count="4" type="stmt"/>
        <line num="91" count="4" type="stmt"/>
      </file>
    </package>
    <package name="GOLFAPP.components">
      <metrics statements="106" coveredstatements="104" conditionals="36" coveredconditionals="30" methods="26" coveredmethods="26"/>
      <file name="AuthenticatedShell.tsx" path="/Users/chrismcgonagle/GOLFAPP/components/AuthenticatedShell.tsx">
        <metrics statements="2" coveredstatements="2" conditionals="0" coveredconditionals="0" methods="1" coveredmethods="1"/>
        <line num="3" count="1" type="stmt"/>
        <line num="9" count="6" type="stmt"/>
      </file>
      <file name="BaffyBrand.tsx" path="/Users/chrismcgonagle/GOLFAPP/components/BaffyBrand.tsx">
        <metrics statements="2" coveredstatements="2" conditionals="0" coveredconditionals="0" methods="1" coveredmethods="1"/>
        <line num="1" count="2" type="stmt"/>
        <line num="3" count="27" type="stmt"/>
      </file>
      <file name="DashboardSidebar.tsx" path="/Users/chrismcgonagle/GOLFAPP/components/DashboardSidebar.tsx">
        <metrics statements="8" coveredstatements="8" conditionals="2" coveredconditionals="2" methods="2" coveredmethods="2"/>
        <line num="3" count="2" type="stmt"/>
        <line num="4" count="2" type="stmt"/>
        <line num="5" count="2" type="stmt"/>
        <line num="7" count="32" type="stmt"/>
        <line num="8" count="32" type="stmt"/>
        <line num="10" count="32" type="stmt"/>
        <line num="26" count="128" type="stmt"/>
        <line num="27" count="128" type="stmt"/>
      </file>
      <file name="InactivityProvider.tsx" path="/Users/chrismcgonagle/GOLFAPP/components/InactivityProvider.tsx">
        <metrics statements="24" coveredstatements="24" conditionals="6" coveredconditionals="4" methods="7" coveredmethods="7"/>
        <line num="3" count="1" type="stmt"/>
        <line num="4" count="1" type="stmt"/>
        <line num="5" count="1" type="stmt"/>
        <line num="7" count="1" type="stmt"/>
        <line num="13" count="4" type="stmt"/>
        <line num="14" count="4" type="stmt"/>
        <line num="15" count="4" type="stmt"/>
        <line num="17" count="4" type="stmt"/>
        <line num="18" count="4" type="cond" truecount="1" falsecount="1"/>
        <line num="20" count="5" type="cond" truecount="2" falsecount="0"/>
        <line num="21" count="1" type="stmt"/>
        <line num="23" count="5" type="stmt"/>
        <line num="24" count="3" type="stmt"/>
        <line num="25" count="3" type="stmt"/>
        <line num="29" count="4" type="stmt"/>
        <line num="30" count="4" type="stmt"/>
        <line num="32" count="4" type="stmt"/>
        <line num="33" count="16" type="stmt"/>
        <line num="37" count="4" type="stmt"/>
        <line num="39" count="4" type="stmt"/>
        <line num="40" count="4" type="stmt"/>
        <line num="41" count="16" type="stmt"/>
        <line num="43" count="4" type="cond" truecount="1" falsecount="1"/>
        <line num="44" count="4" type="stmt"/>
      </file>
      <file name="MemberSearchAutocomplete.tsx" path="/Users/chrismcgonagle/GOLFAPP/components/MemberSearchAutocomplete.tsx">
        <metrics statements="51" coveredstatements="49" conditionals="22" coveredconditionals="19" methods="9" coveredmethods="9"/>
        <line num="3" count="1" type="stmt"/>
        <line num="4" count="1" type="stmt"/>
        <line num="5" count="1" type="stmt"/>
        <line num="19" count="1" type="stmt"/>
        <line num="20" count="1" type="stmt"/>
        <line num="21" count="1" type="stmt"/>
        <line num="24" count="5" type="stmt"/>
        <line num="26" count="5" type="cond" truecount="2" falsecount="0"/>
        <line num="27" count="4" type="stmt"/>
        <line num="30" count="5" type="stmt"/>
        <line num="38" count="3" type="stmt"/>
        <line num="45" count="3" type="stmt"/>
        <line num="48" count="6" type="stmt"/>
        <line num="54" count="19" type="stmt"/>
        <line num="55" count="19" type="stmt"/>
        <line num="56" count="19" type="stmt"/>
        <line num="57" count="19" type="stmt"/>
        <line num="58" count="19" type="stmt"/>
        <line num="59" count="19" type="stmt"/>
        <line num="61" count="19" type="stmt"/>
        <line num="62" count="11" type="cond" truecount="2" falsecount="0"/>
        <line num="63" count="6" type="stmt"/>
        <line num="66" count="5" type="stmt"/>
        <line num="69" count="19" type="stmt"/>
        <line num="70" count="11" type="stmt"/>
        <line num="72" count="11" type="cond" truecount="2" falsecount="0"/>
        <line num="73" count="6" type="stmt"/>
        <line num="74" count="6" type="stmt"/>
        <line num="77" count="5" type="cond" truecount="2" falsecount="0"/>
        <line num="78" count="2" type="stmt"/>
        <line num="79" count="2" type="stmt"/>
        <line num="80" count="2" type="stmt"/>
        <line num="81" count="2" type="stmt"/>
        <line num="84" count="3" type="stmt"/>
        <line num="85" count="3" type="stmt"/>
        <line num="87" count="3" type="stmt"/>
        <line num="88" count="3" type="stmt"/>
        <line num="89" count="3" type="stmt"/>
        <line num="94" count="3" type="cond" truecount="1" falsecount="1"/>
        <line num="95" count="0" type="stmt"/>
        <line num="98" count="3" type="stmt"/>
        <line num="99" count="3" type="cond" truecount="1" falsecount="1"/>
        <line num="101" count="0" type="stmt"/>
        <line num="103" count="3" type="stmt"/>
        <line num="107" count="3" type="stmt"/>
        <line num="108" count="3" type="stmt"/>
        <line num="112" count="19" type="stmt"/>
        <line num="113" count="19" type="stmt"/>
        <line num="114" count="19" type="cond" truecount="3" falsecount="0"/>
        <line num="128" count="5" type="stmt"/>
        <line num="144" count="3" type="stmt"/>
      </file>
      <file name="MembershipTypeSelector.tsx" path="/Users/chrismcgonagle/GOLFAPP/components/MembershipTypeSelector.tsx">
        <metrics statements="13" coveredstatements="13" conditionals="6" coveredconditionals="5" methods="4" coveredmethods="4"/>
        <line num="3" count="1" type="stmt"/>
        <line num="4" count="1" type="stmt"/>
        <line num="14" count="9" type="stmt"/>
        <line num="21" count="14" type="stmt"/>
        <line num="22" count="14" type="stmt"/>
        <line num="25" count="4" type="cond" truecount="1" falsecount="1"/>
        <line num="27" count="4" type="stmt"/>
        <line num="32" count="4" type="cond" truecount="2" falsecount="0"/>
        <line num="33" count="1" type="stmt"/>
        <line num="36" count="4" type="stmt"/>
        <line num="43" count="140" type="stmt"/>
        <line num="44" count="140" type="stmt"/>
        <line num="48" count="5" type="stmt"/>
      </file>
      <file name="SignOffButton.tsx" path="/Users/chrismcgonagle/GOLFAPP/components/SignOffButton.tsx">
        <metrics statements="6" coveredstatements="6" conditionals="0" coveredconditionals="0" methods="2" coveredmethods="2"/>
        <line num="3" count="1" type="stmt"/>
        <line num="4" count="1" type="stmt"/>
        <line num="10" count="3" type="stmt"/>
        <line num="11" count="3" type="stmt"/>
        <line num="14" count="1" type="stmt"/>
        <line num="15" count="1" type="stmt"/>
      </file>
    </package>
    <package name="GOLFAPP.components.contexts">
      <metrics statements="26" coveredstatements="25" conditionals="2" coveredconditionals="1" methods="10" coveredmethods="10"/>
      <file name="FormContext.tsx" path="/Users/chrismcgonagle/GOLFAPP/components/contexts/FormContext.tsx">
        <metrics statements="26" coveredstatements="25" conditionals="2" coveredconditionals="1" methods="10" coveredmethods="10"/>
        <line num="3" count="4" type="stmt"/>
        <line num="73" count="4" type="stmt"/>
        <line num="75" count="4" type="stmt"/>
        <line num="91" count="4" type="stmt"/>
        <line num="104" count="4" type="stmt"/>
        <line num="114" count="4" type="stmt"/>
        <line num="129" count="48" type="stmt"/>
        <line num="137" count="67" type="stmt"/>
        <line num="138" count="67" type="stmt"/>
        <line num="139" count="67" type="stmt"/>
        <line num="140" count="67" type="stmt"/>
        <line num="142" count="67" type="stmt"/>
        <line num="143" count="1" type="stmt"/>
        <line num="146" count="67" type="stmt"/>
        <line num="147" count="1" type="stmt"/>
        <line num="150" count="67" type="stmt"/>
        <line num="151" count="1" type="stmt"/>
        <line num="154" count="67" type="stmt"/>
        <line num="155" count="16" type="stmt"/>
        <line num="158" count="67" type="stmt"/>
        <line num="166" count="67" type="stmt"/>
        <line num="181" count="177" type="stmt"/>
        <line num="182" count="177" type="stmt"/>
        <line num="183" count="177" type="cond" truecount="1" falsecount="1"/>
        <line num="184" count="0" type="stmt"/>
        <line num="186" count="177" type="stmt"/>
      </file>
    </package>
    <package name="GOLFAPP.lib.actions">
      <metrics statements="16" coveredstatements="16" conditionals="10" coveredconditionals="8" methods="1" coveredmethods="1"/>
      <file name="searchMembers.ts" path="/Users/chrismcgonagle/GOLFAPP/lib/actions/searchMembers.ts">
        <metrics statements="16" coveredstatements="16" conditionals="10" coveredconditionals="8" methods="1" coveredmethods="1"/>
        <line num="1" count="1" type="stmt"/>
        <line num="4" count="6" type="stmt"/>
        <line num="5" count="6" type="cond" truecount="4" falsecount="0"/>
        <line num="6" count="3" type="stmt"/>
        <line num="9" count="3" type="stmt"/>
        <line num="11" count="3" type="stmt"/>
        <line num="12" count="3" type="stmt"/>
        <line num="13" count="2" type="stmt"/>
        <line num="14" count="2" type="cond" truecount="1" falsecount="1"/>
        <line num="16" count="2" type="stmt"/>
        <line num="22" count="2" type="cond" truecount="2" falsecount="0"/>
        <line num="23" count="1" type="stmt"/>
        <line num="24" count="1" type="stmt"/>
        <line num="27" count="1" type="cond" truecount="1" falsecount="1"/>
        <line num="29" count="1" type="stmt"/>
        <line num="30" count="1" type="stmt"/>
      </file>
    </package>
    <package name="GOLFAPP.lib.constants">
      <metrics statements="1" coveredstatements="1" conditionals="0" coveredconditionals="0" methods="0" coveredmethods="0"/>
      <file name="membershipTypes.ts" path="/Users/chrismcgonagle/GOLFAPP/lib/constants/membershipTypes.ts">
        <metrics statements="1" coveredstatements="1" conditionals="0" coveredconditionals="0" methods="0" coveredmethods="0"/>
        <line num="1" count="14" type="stmt"/>
      </file>
    </package>
  </project>
</coverage>
