{"/Users/chrismcgonagle/GOLFAPP/middleware.ts": {"path":"/Users/chrismcgonagle/GOLFAPP/middleware.ts","statementMap":{"0":{"start":{"line":4,"column":13},"end":{"line":4,"column":19}},"1":{"start":{"line":19,"column":22},"end":{"line":19,"column":32}},"2":{"start":{"line":1,"column":42},"end":{"line":1,"column":null}},"3":{"start":{"line":2,"column":27},"end":{"line":2,"column":null}},"4":{"start":{"line":4,"column":22},"end":{"line":8,"column":null}},"5":{"start":{"line":20,"column":19},"end":{"line":20,"column":43}},"6":{"start":{"line":21,"column":27},"end":{"line":21,"column":null}},"7":{"start":{"line":22,"column":23},"end":{"line":22,"column":null}},"8":{"start":{"line":24,"column":2},"end":{"line":26,"column":null}},"9":{"start":{"line":25,"column":4},"end":{"line":25,"column":null}},"10":{"start":{"line":28,"column":2},"end":{"line":89,"column":null}},"11":{"start":{"line":29,"column":21},"end":{"line":29,"column":null}},"12":{"start":{"line":30,"column":4},"end":{"line":32,"column":null}},"13":{"start":{"line":31,"column":6},"end":{"line":31,"column":null}},"14":{"start":{"line":35,"column":24},"end":{"line":35,"column":null}},"15":{"start":{"line":37,"column":4},"end":{"line":39,"column":null}},"16":{"start":{"line":38,"column":6},"end":{"line":38,"column":null}},"17":{"start":{"line":42,"column":20},"end":{"line":44,"column":null}},"18":{"start":{"line":47,"column":4},"end":{"line":49,"column":null}},"19":{"start":{"line":48,"column":6},"end":{"line":48,"column":null}},"20":{"start":{"line":51,"column":21},"end":{"line":51,"column":39}},"21":{"start":{"line":53,"column":4},"end":{"line":55,"column":null}},"22":{"start":{"line":54,"column":6},"end":{"line":54,"column":null}},"23":{"start":{"line":58,"column":6},"end":{"line":62,"column":null}},"24":{"start":{"line":65,"column":6},"end":{"line":68,"column":null}},"25":{"start":{"line":70,"column":4},"end":{"line":72,"column":null}},"26":{"start":{"line":71,"column":6},"end":{"line":71,"column":null}},"27":{"start":{"line":74,"column":4},"end":{"line":84,"column":null}},"28":{"start":{"line":75,"column":6},"end":{"line":77,"column":null}},"29":{"start":{"line":76,"column":8},"end":{"line":76,"column":null}},"30":{"start":{"line":79,"column":6},"end":{"line":81,"column":null}},"31":{"start":{"line":80,"column":8},"end":{"line":80,"column":null}},"32":{"start":{"line":83,"column":6},"end":{"line":83,"column":null}},"33":{"start":{"line":86,"column":4},"end":{"line":86,"column":null}},"34":{"start":{"line":88,"column":4},"end":{"line":88,"column":null}}},"fnMap":{"0":{"name":"middleware","decl":{"start":{"line":19,"column":22},"end":{"line":19,"column":32}},"loc":{"start":{"line":19,"column":53},"end":{"line":90,"column":null}}}},"branchMap":{"0":{"loc":{"start":{"line":21,"column":27},"end":{"line":21,"column":null}},"type":"binary-expr","locations":[{"start":{"line":21,"column":27},"end":{"line":21,"column":56}},{"start":{"line":21,"column":56},"end":{"line":21,"column":null}}]},"1":{"loc":{"start":{"line":22,"column":23},"end":{"line":22,"column":null}},"type":"binary-expr","locations":[{"start":{"line":22,"column":23},"end":{"line":22,"column":48}},{"start":{"line":22,"column":48},"end":{"line":22,"column":null}}]},"2":{"loc":{"start":{"line":24,"column":2},"end":{"line":26,"column":null}},"type":"if","locations":[{"start":{"line":24,"column":2},"end":{"line":26,"column":null}},{"start":{},"end":{}}]},"3":{"loc":{"start":{"line":24,"column":6},"end":{"line":24,"column":42}},"type":"binary-expr","locations":[{"start":{"line":24,"column":6},"end":{"line":24,"column":27}},{"start":{"line":24,"column":27},"end":{"line":24,"column":42}}]},"4":{"loc":{"start":{"line":29,"column":21},"end":{"line":29,"column":null}},"type":"binary-expr","locations":[{"start":{"line":29,"column":21},"end":{"line":29,"column":51}},{"start":{"line":29,"column":55},"end":{"line":29,"column":null}}]},"5":{"loc":{"start":{"line":30,"column":4},"end":{"line":32,"column":null}},"type":"if","locations":[{"start":{"line":30,"column":4},"end":{"line":32,"column":null}},{"start":{},"end":{}}]},"6":{"loc":{"start":{"line":37,"column":4},"end":{"line":39,"column":null}},"type":"if","locations":[{"start":{"line":37,"column":4},"end":{"line":39,"column":null}},{"start":{},"end":{}}]},"7":{"loc":{"start":{"line":47,"column":4},"end":{"line":49,"column":null}},"type":"if","locations":[{"start":{"line":47,"column":4},"end":{"line":49,"column":null}},{"start":{},"end":{}}]},"8":{"loc":{"start":{"line":53,"column":4},"end":{"line":55,"column":null}},"type":"if","locations":[{"start":{"line":53,"column":4},"end":{"line":55,"column":null}},{"start":{},"end":{}}]},"9":{"loc":{"start":{"line":58,"column":6},"end":{"line":62,"column":null}},"type":"binary-expr","locations":[{"start":{"line":58,"column":6},"end":{"line":58,"column":null}},{"start":{"line":59,"column":6},"end":{"line":59,"column":null}},{"start":{"line":60,"column":6},"end":{"line":60,"column":null}},{"start":{"line":61,"column":6},"end":{"line":61,"column":null}},{"start":{"line":62,"column":6},"end":{"line":62,"column":null}}]},"10":{"loc":{"start":{"line":65,"column":6},"end":{"line":68,"column":null}},"type":"binary-expr","locations":[{"start":{"line":65,"column":6},"end":{"line":65,"column":null}},{"start":{"line":66,"column":6},"end":{"line":66,"column":null}},{"start":{"line":67,"column":6},"end":{"line":67,"column":null}},{"start":{"line":68,"column":6},"end":{"line":68,"column":null}}]},"11":{"loc":{"start":{"line":70,"column":4},"end":{"line":72,"column":null}},"type":"if","locations":[{"start":{"line":70,"column":4},"end":{"line":72,"column":null}},{"start":{},"end":{}}]},"12":{"loc":{"start":{"line":74,"column":4},"end":{"line":84,"column":null}},"type":"if","locations":[{"start":{"line":74,"column":4},"end":{"line":84,"column":null}},{"start":{},"end":{}}]},"13":{"loc":{"start":{"line":75,"column":6},"end":{"line":77,"column":null}},"type":"if","locations":[{"start":{"line":75,"column":6},"end":{"line":77,"column":null}},{"start":{},"end":{}}]},"14":{"loc":{"start":{"line":79,"column":6},"end":{"line":81,"column":null}},"type":"if","locations":[{"start":{"line":79,"column":6},"end":{"line":81,"column":null}},{"start":{},"end":{}}]}},"s":{"0":0,"1":17,"2":1,"3":1,"4":1,"5":17,"6":17,"7":17,"8":17,"9":1,"10":16,"11":16,"12":16,"13":0,"14":16,"15":16,"16":3,"17":13,"18":12,"19":0,"20":12,"21":12,"22":2,"23":10,"24":10,"25":10,"26":4,"27":6,"28":6,"29":3,"30":3,"31":3,"32":0,"33":0,"34":1},"f":{"0":17},"b":{"0":[17,14],"1":[17,17],"2":[1,16],"3":[17,4],"4":[16,0],"5":[0,16],"6":[3,13],"7":[0,12],"8":[2,10],"9":[10,8,6,6,4],"10":[10,8,8,7],"11":[4,6],"12":[6,0],"13":[3,3],"14":[3,0]}}
,"/Users/chrismcgonagle/GOLFAPP/app/(authenticated)/dashboard/(with-sidebar)/layout.tsx": {"path":"/Users/chrismcgonagle/GOLFAPP/app/(authenticated)/dashboard/(with-sidebar)/layout.tsx","statementMap":{"0":{"start":{"line":3,"column":24},"end":{"line":3,"column":40}},"1":{"start":{"line":1,"column":29},"end":{"line":1,"column":null}}},"fnMap":{"0":{"name":"DashboardLayout","decl":{"start":{"line":3,"column":24},"end":{"line":3,"column":40}},"loc":{"start":{"line":7,"column":1},"end":{"line":14,"column":null}}}},"branchMap":{},"s":{"0":14,"1":1},"f":{"0":14},"b":{}}
,"/Users/chrismcgonagle/GOLFAPP/app/(authenticated)/dashboard/(with-sidebar)/page.tsx": {"path":"/Users/chrismcgonagle/GOLFAPP/app/(authenticated)/dashboard/(with-sidebar)/page.tsx","statementMap":{"0":{"start":{"line":3,"column":24},"end":{"line":3,"column":null}},"1":{"start":{"line":1,"column":17},"end":{"line":1,"column":null}}},"fnMap":{"0":{"name":"DashboardPage","decl":{"start":{"line":3,"column":24},"end":{"line":3,"column":null}},"loc":{"start":{"line":3,"column":24},"end":{"line":44,"column":null}}}},"branchMap":{},"s":{"0":13,"1":1},"f":{"0":13},"b":{}}
,"/Users/chrismcgonagle/GOLFAPP/app/(authenticated)/dashboard/(with-sidebar)/members/page.tsx": {"path":"/Users/chrismcgonagle/GOLFAPP/app/(authenticated)/dashboard/(with-sidebar)/members/page.tsx","statementMap":{"0":{"start":{"line":1,"column":24},"end":{"line":1,"column":null}}},"fnMap":{"0":{"name":"MembersPage","decl":{"start":{"line":1,"column":24},"end":{"line":1,"column":null}},"loc":{"start":{"line":1,"column":24},"end":{"line":8,"column":null}}}},"branchMap":{},"s":{"0":6},"f":{"0":6},"b":{}}
,"/Users/chrismcgonagle/GOLFAPP/app/(authenticated)/dashboard/(with-sidebar)/submissions/page.tsx": {"path":"/Users/chrismcgonagle/GOLFAPP/app/(authenticated)/dashboard/(with-sidebar)/submissions/page.tsx","statementMap":{"0":{"start":{"line":1,"column":24},"end":{"line":1,"column":null}}},"fnMap":{"0":{"name":"SubmissionsPage","decl":{"start":{"line":1,"column":24},"end":{"line":1,"column":null}},"loc":{"start":{"line":1,"column":24},"end":{"line":8,"column":null}}}},"branchMap":{},"s":{"0":6},"f":{"0":6},"b":{}}
,"/Users/chrismcgonagle/GOLFAPP/app/(authenticated)/dashboard/membership-flow/page.tsx": {"path":"/Users/chrismcgonagle/GOLFAPP/app/(authenticated)/dashboard/membership-flow/page.tsx","statementMap":{"0":{"start":{"line":64,"column":30},"end":{"line":64,"column":49}},"1":{"start":{"line":1,"column":17},"end":{"line":1,"column":null}},"2":{"start":{"line":11,"column":20},"end":{"line":22,"column":null}},"3":{"start":{"line":25,"column":2},"end":{"line":42,"column":null}},"4":{"start":{"line":67,"column":21},"end":{"line":67,"column":null}},"5":{"start":{"line":68,"column":43},"end":{"line":68,"column":null}},"6":{"start":{"line":87,"column":12},"end":{"line":88,"column":null}}},"fnMap":{"0":{"name":"ActionIcon","decl":{"start":{"line":24,"column":9},"end":{"line":24,"column":20}},"loc":{"start":{"line":24,"column":82},"end":{"line":62,"column":null}}},"1":{"name":"MembershipFlowPage","decl":{"start":{"line":64,"column":30},"end":{"line":64,"column":49}},"loc":{"start":{"line":66,"column":26},"end":{"line":129,"column":null}}},"2":{"name":"(anonymous_4)","decl":{"start":{"line":86,"column":27},"end":{"line":86,"column":28}},"loc":{"start":{"line":87,"column":12},"end":{"line":88,"column":null}}}},"branchMap":{"0":{"loc":{"start":{"line":25,"column":2},"end":{"line":42,"column":null}},"type":"if","locations":[{"start":{"line":25,"column":2},"end":{"line":42,"column":null}},{"start":{},"end":{}}]},"1":{"loc":{"start":{"line":68,"column":43},"end":{"line":68,"column":null}},"type":"cond-expr","locations":[{"start":{"line":68,"column":66},"end":{"line":68,"column":78}},{"start":{"line":68,"column":78},"end":{"line":68,"column":null}}]}},"s":{"0":4,"1":1,"2":1,"3":8,"4":4,"5":4,"6":8},"f":{"0":8,"1":4,"2":8},"b":{"0":[4,4],"1":[1,3]}}
,"/Users/chrismcgonagle/GOLFAPP/app/(authenticated)/dashboard/membership-flow/next/page.tsx": {"path":"/Users/chrismcgonagle/GOLFAPP/app/(authenticated)/dashboard/membership-flow/next/page.tsx","statementMap":{"0":{"start":{"line":10,"column":30},"end":{"line":10,"column":53}},"1":{"start":{"line":1,"column":25},"end":{"line":1,"column":null}},"2":{"start":{"line":13,"column":29},"end":{"line":13,"column":null}},"3":{"start":{"line":15,"column":22},"end":{"line":15,"column":null}},"4":{"start":{"line":16,"column":22},"end":{"line":16,"column":null}},"5":{"start":{"line":18,"column":2},"end":{"line":25,"column":null}},"6":{"start":{"line":27,"column":2},"end":{"line":29,"column":null}},"7":{"start":{"line":28,"column":4},"end":{"line":28,"column":null}},"8":{"start":{"line":31,"column":2},"end":{"line":31,"column":null}}},"fnMap":{"0":{"name":"MembershipFlowNextPage","decl":{"start":{"line":10,"column":30},"end":{"line":10,"column":53}},"loc":{"start":{"line":12,"column":30},"end":{"line":32,"column":null}}}},"branchMap":{"0":{"loc":{"start":{"line":15,"column":22},"end":{"line":15,"column":null}},"type":"binary-expr","locations":[{"start":{"line":15,"column":22},"end":{"line":15,"column":42}},{"start":{"line":15,"column":42},"end":{"line":15,"column":null}}]},"1":{"loc":{"start":{"line":16,"column":22},"end":{"line":16,"column":null}},"type":"binary-expr","locations":[{"start":{"line":16,"column":22},"end":{"line":16,"column":43}},{"start":{"line":16,"column":43},"end":{"line":16,"column":null}}]},"2":{"loc":{"start":{"line":18,"column":2},"end":{"line":25,"column":null}},"type":"if","locations":[{"start":{"line":18,"column":2},"end":{"line":25,"column":null}},{"start":{},"end":{}}]},"3":{"loc":{"start":{"line":18,"column":6},"end":{"line":18,"column":36}},"type":"binary-expr","locations":[{"start":{"line":18,"column":6},"end":{"line":18,"column":22}},{"start":{"line":18,"column":22},"end":{"line":18,"column":36}}]},"4":{"loc":{"start":{"line":27,"column":2},"end":{"line":29,"column":null}},"type":"if","locations":[{"start":{"line":27,"column":2},"end":{"line":29,"column":null}},{"start":{},"end":{}}]}},"s":{"0":13,"1":2,"2":13,"3":13,"4":13,"5":13,"6":6,"7":3,"8":3},"f":{"0":13},"b":{"0":[13,8],"1":[13,8],"2":[7,6],"3":[13,9],"4":[3,3]}}
,"/Users/chrismcgonagle/GOLFAPP/app/(authenticated)/dashboard/membership-registration/page.tsx": {"path":"/Users/chrismcgonagle/GOLFAPP/app/(authenticated)/dashboard/membership-registration/page.tsx","statementMap":{"0":{"start":{"line":3,"column":24},"end":{"line":3,"column":null}},"1":{"start":{"line":1,"column":17},"end":{"line":1,"column":null}}},"fnMap":{"0":{"name":"MembershipRegistrationPage","decl":{"start":{"line":3,"column":24},"end":{"line":3,"column":null}},"loc":{"start":{"line":3,"column":24},"end":{"line":107,"column":null}}}},"branchMap":{},"s":{"0":5,"1":1},"f":{"0":5},"b":{}}
,"/Users/chrismcgonagle/GOLFAPP/app/(authenticated)/dashboard/membership/email/page.tsx": {"path":"/Users/chrismcgonagle/GOLFAPP/app/(authenticated)/dashboard/membership/email/page.tsx","statementMap":{"0":{"start":{"line":11,"column":30},"end":{"line":11,"column":52}},"1":{"start":{"line":1,"column":17},"end":{"line":1,"column":null}},"2":{"start":{"line":12,"column":39},"end":{"line":12,"column":null}},"3":{"start":{"line":14,"column":22},"end":{"line":14,"column":null}},"4":{"start":{"line":16,"column":21},"end":{"line":16,"column":null}},"5":{"start":{"line":17,"column":2},"end":{"line":17,"column":null}},"6":{"start":{"line":17,"column":16},"end":{"line":17,"column":null}},"7":{"start":{"line":18,"column":2},"end":{"line":18,"column":null}},"8":{"start":{"line":18,"column":19},"end":{"line":18,"column":null}}},"fnMap":{"0":{"name":"GenerateEmailFormPage","decl":{"start":{"line":11,"column":30},"end":{"line":11,"column":52}},"loc":{"start":{"line":11,"column":96},"end":{"line":53,"column":null}}}},"branchMap":{"0":{"loc":{"start":{"line":14,"column":22},"end":{"line":14,"column":null}},"type":"cond-expr","locations":[{"start":{"line":14,"column":31},"end":{"line":14,"column":60}},{"start":{"line":14,"column":60},"end":{"line":14,"column":null}}]},"1":{"loc":{"start":{"line":16,"column":51},"end":{"line":16,"column":65}},"type":"binary-expr","locations":[{"start":{"line":16,"column":51},"end":{"line":16,"column":61}},{"start":{"line":16,"column":61},"end":{"line":16,"column":65}}]},"2":{"loc":{"start":{"line":17,"column":2},"end":{"line":17,"column":null}},"type":"if","locations":[{"start":{"line":17,"column":2},"end":{"line":17,"column":null}},{"start":{},"end":{}}]},"3":{"loc":{"start":{"line":18,"column":2},"end":{"line":18,"column":null}},"type":"if","locations":[{"start":{"line":18,"column":2},"end":{"line":18,"column":null}},{"start":{},"end":{}}]},"4":{"loc":{"start":{"line":27,"column":41},"end":{"line":27,"column":null}},"type":"binary-expr","locations":[{"start":{"line":27,"column":41},"end":{"line":27,"column":51}},{"start":{"line":27,"column":51},"end":{"line":27,"column":null}}]},"5":{"loc":{"start":{"line":31,"column":41},"end":{"line":31,"column":null}},"type":"binary-expr","locations":[{"start":{"line":31,"column":41},"end":{"line":31,"column":56}},{"start":{"line":31,"column":56},"end":{"line":31,"column":null}}]},"6":{"loc":{"start":{"line":33,"column":9},"end":{"line":33,"column":null}},"type":"binary-expr","locations":[{"start":{"line":33,"column":9},"end":{"line":33,"column":null}}]}},"s":{"0":7,"1":1,"2":7,"3":7,"4":7,"5":7,"6":2,"7":7,"8":6},"f":{"0":7},"b":{"0":[6,1],"1":[7,0],"2":[2,5],"3":[6,1],"4":[7,0],"5":[7,1],"6":[7]}}
,"/Users/chrismcgonagle/GOLFAPP/app/(authenticated)/dashboard/membership/form/page.tsx": {"path":"/Users/chrismcgonagle/GOLFAPP/app/(authenticated)/dashboard/membership/form/page.tsx","statementMap":{"0":{"start":{"line":16,"column":30},"end":{"line":16,"column":49}},"1":{"start":{"line":1,"column":17},"end":{"line":1,"column":null}},"2":{"start":{"line":2,"column":25},"end":{"line":2,"column":null}},"3":{"start":{"line":3,"column":29},"end":{"line":3,"column":null}},"4":{"start":{"line":4,"column":37},"end":{"line":4,"column":null}},"5":{"start":{"line":5,"column":22},"end":{"line":5,"column":null}},"6":{"start":{"line":17,"column":19},"end":{"line":17,"column":null}},"7":{"start":{"line":19,"column":2},"end":{"line":21,"column":null}},"8":{"start":{"line":20,"column":4},"end":{"line":20,"column":null}},"9":{"start":{"line":23,"column":45},"end":{"line":23,"column":null}},"10":{"start":{"line":26,"column":23},"end":{"line":26,"column":null}},"11":{"start":{"line":27,"column":24},"end":{"line":27,"column":null}},"12":{"start":{"line":28,"column":24},"end":{"line":28,"column":null}},"13":{"start":{"line":29,"column":22},"end":{"line":29,"column":null}},"14":{"start":{"line":30,"column":22},"end":{"line":30,"column":null}},"15":{"start":{"line":33,"column":25},"end":{"line":33,"column":null}},"16":{"start":{"line":35,"column":2},"end":{"line":54,"column":null}},"17":{"start":{"line":36,"column":23},"end":{"line":36,"column":null}},"18":{"start":{"line":37,"column":4},"end":{"line":37,"column":null}},"19":{"start":{"line":37,"column":18},"end":{"line":37,"column":null}},"20":{"start":{"line":38,"column":4},"end":{"line":38,"column":null}},"21":{"start":{"line":38,"column":16},"end":{"line":38,"column":null}},"22":{"start":{"line":57,"column":24},"end":{"line":57,"column":null}}},"fnMap":{"0":{"name":"MembershipFormPage","decl":{"start":{"line":16,"column":30},"end":{"line":16,"column":49}},"loc":{"start":{"line":16,"column":90},"end":{"line":70,"column":null}}}},"branchMap":{"0":{"loc":{"start":{"line":19,"column":2},"end":{"line":21,"column":null}},"type":"if","locations":[{"start":{"line":19,"column":2},"end":{"line":21,"column":null}},{"start":{},"end":{}}]},"1":{"loc":{"start":{"line":27,"column":24},"end":{"line":27,"column":null}},"type":"binary-expr","locations":[{"start":{"line":27,"column":24},"end":{"line":27,"column":34}},{"start":{"line":27,"column":34},"end":{"line":27,"column":null}}]},"2":{"loc":{"start":{"line":28,"column":24},"end":{"line":28,"column":null}},"type":"binary-expr","locations":[{"start":{"line":28,"column":24},"end":{"line":28,"column":34}},{"start":{"line":28,"column":34},"end":{"line":28,"column":null}}]},"3":{"loc":{"start":{"line":29,"column":22},"end":{"line":29,"column":null}},"type":"cond-expr","locations":[{"start":{"line":29,"column":29},"end":{"line":29,"column":50}},{"start":{"line":29,"column":50},"end":{"line":29,"column":null}}]},"4":{"loc":{"start":{"line":30,"column":22},"end":{"line":30,"column":null}},"type":"binary-expr","locations":[{"start":{"line":30,"column":22},"end":{"line":30,"column":42}},{"start":{"line":30,"column":42},"end":{"line":30,"column":null}}]},"5":{"loc":{"start":{"line":33,"column":25},"end":{"line":33,"column":null}},"type":"cond-expr","locations":[{"start":{"line":33,"column":60},"end":{"line":33,"column":67}},{"start":{"line":33,"column":67},"end":{"line":33,"column":null}}]},"6":{"loc":{"start":{"line":33,"column":25},"end":{"line":33,"column":60}},"type":"binary-expr","locations":[{"start":{"line":33,"column":25},"end":{"line":33,"column":49}},{"start":{"line":33,"column":49},"end":{"line":33,"column":60}}]},"7":{"loc":{"start":{"line":35,"column":2},"end":{"line":54,"column":null}},"type":"if","locations":[{"start":{"line":35,"column":2},"end":{"line":54,"column":null}},{"start":{},"end":{}}]},"8":{"loc":{"start":{"line":35,"column":6},"end":{"line":35,"column":75}},"type":"binary-expr","locations":[{"start":{"line":35,"column":6},"end":{"line":35,"column":24}},{"start":{"line":35,"column":24},"end":{"line":35,"column":42}},{"start":{"line":35,"column":42},"end":{"line":35,"column":58}},{"start":{"line":35,"column":58},"end":{"line":35,"column":75}}]},"9":{"loc":{"start":{"line":36,"column":53},"end":{"line":36,"column":67}},"type":"binary-expr","locations":[{"start":{"line":36,"column":53},"end":{"line":36,"column":63}},{"start":{"line":36,"column":63},"end":{"line":36,"column":67}}]},"10":{"loc":{"start":{"line":37,"column":4},"end":{"line":37,"column":null}},"type":"if","locations":[{"start":{"line":37,"column":4},"end":{"line":37,"column":null}},{"start":{},"end":{}}]},"11":{"loc":{"start":{"line":38,"column":4},"end":{"line":38,"column":null}},"type":"if","locations":[{"start":{"line":38,"column":4},"end":{"line":38,"column":null}},{"start":{},"end":{}}]}},"s":{"0":19,"1":3,"2":3,"3":3,"4":3,"5":3,"6":19,"7":19,"8":2,"9":17,"10":17,"11":17,"12":17,"13":17,"14":17,"15":17,"16":17,"17":7,"18":7,"19":0,"20":7,"21":5,"22":10},"f":{"0":19},"b":{"0":[2,17],"1":[17,15],"2":[17,15],"3":[10,7],"4":[17,17],"5":[3,14],"6":[17,4],"7":[7,10],"8":[17,15,13,11],"9":[7,2],"10":[0,7],"11":[5,2]}}
,"/Users/chrismcgonagle/GOLFAPP/app/(authenticated)/dashboard/membership/form/components/FormShell.tsx": {"path":"/Users/chrismcgonagle/GOLFAPP/app/(authenticated)/dashboard/membership/form/components/FormShell.tsx","statementMap":{"0":{"start":{"line":24,"column":24},"end":{"line":24,"column":34}},"1":{"start":{"line":3,"column":17},"end":{"line":3,"column":null}},"2":{"start":{"line":4,"column":43},"end":{"line":4,"column":null}},"3":{"start":{"line":5,"column":25},"end":{"line":5,"column":null}},"4":{"start":{"line":6,"column":31},"end":{"line":6,"column":null}},"5":{"start":{"line":7,"column":26},"end":{"line":7,"column":null}},"6":{"start":{"line":8,"column":26},"end":{"line":8,"column":null}},"7":{"start":{"line":9,"column":28},"end":{"line":9,"column":null}},"8":{"start":{"line":10,"column":30},"end":{"line":10,"column":null}},"9":{"start":{"line":11,"column":29},"end":{"line":11,"column":null}},"10":{"start":{"line":13,"column":20},"end":{"line":18,"column":null}},"11":{"start":{"line":27,"column":17},"end":{"line":27,"column":null}},"12":{"start":{"line":28,"column":23},"end":{"line":28,"column":null}},"13":{"start":{"line":29,"column":47},"end":{"line":29,"column":null}},"14":{"start":{"line":30,"column":32},"end":{"line":30,"column":null}},"15":{"start":{"line":31,"column":38},"end":{"line":31,"column":null}},"16":{"start":{"line":33,"column":25},"end":{"line":36,"column":null}},"17":{"start":{"line":37,"column":25},"end":{"line":37,"column":null}},"18":{"start":{"line":38,"column":26},"end":{"line":38,"column":90}},"19":{"start":{"line":40,"column":21},"end":{"line":47,"column":null}},"20":{"start":{"line":41,"column":4},"end":{"line":41,"column":null}},"21":{"start":{"line":41,"column":18},"end":{"line":41,"column":null}},"22":{"start":{"line":42,"column":4},"end":{"line":46,"column":null}},"23":{"start":{"line":43,"column":24},"end":{"line":43,"column":null}},"24":{"start":{"line":44,"column":6},"end":{"line":44,"column":null}},"25":{"start":{"line":45,"column":6},"end":{"line":45,"column":null}},"26":{"start":{"line":49,"column":25},"end":{"line":62,"column":null}},"27":{"start":{"line":50,"column":4},"end":{"line":50,"column":null}},"28":{"start":{"line":50,"column":18},"end":{"line":50,"column":null}},"29":{"start":{"line":51,"column":4},"end":{"line":51,"column":null}},"30":{"start":{"line":52,"column":20},"end":{"line":59,"column":null}},"31":{"start":{"line":60,"column":4},"end":{"line":60,"column":null}},"32":{"start":{"line":61,"column":4},"end":{"line":61,"column":null}},"33":{"start":{"line":64,"column":21},"end":{"line":93,"column":null}},"34":{"start":{"line":65,"column":4},"end":{"line":92,"column":null}},"35":{"start":{"line":91,"column":8},"end":{"line":91,"column":null}}},"fnMap":{"0":{"name":"FormShell","decl":{"start":{"line":24,"column":24},"end":{"line":24,"column":34}},"loc":{"start":{"line":26,"column":17},"end":{"line":150,"column":null}}},"1":{"name":"(anonymous_3)","decl":{"start":{"line":40,"column":21},"end":{"line":40,"column":null}},"loc":{"start":{"line":40,"column":21},"end":{"line":47,"column":null}}},"2":{"name":"(anonymous_4)","decl":{"start":{"line":49,"column":25},"end":{"line":49,"column":null}},"loc":{"start":{"line":49,"column":25},"end":{"line":62,"column":null}}},"3":{"name":"(anonymous_5)","decl":{"start":{"line":64,"column":21},"end":{"line":64,"column":null}},"loc":{"start":{"line":64,"column":21},"end":{"line":93,"column":null}}}},"branchMap":{"0":{"loc":{"start":{"line":38,"column":30},"end":{"line":38,"column":61}},"type":"binary-expr","locations":[{"start":{"line":38,"column":30},"end":{"line":38,"column":48}},{"start":{"line":38,"column":48},"end":{"line":38,"column":61}}]},"1":{"loc":{"start":{"line":41,"column":4},"end":{"line":41,"column":null}},"type":"if","locations":[{"start":{"line":41,"column":4},"end":{"line":41,"column":null}},{"start":{},"end":{}}]},"2":{"loc":{"start":{"line":42,"column":4},"end":{"line":46,"column":null}},"type":"if","locations":[{"start":{"line":42,"column":4},"end":{"line":46,"column":null}},{"start":{},"end":{}}]},"3":{"loc":{"start":{"line":50,"column":4},"end":{"line":50,"column":null}},"type":"if","locations":[{"start":{"line":50,"column":4},"end":{"line":50,"column":null}},{"start":{},"end":{}}]},"4":{"loc":{"start":{"line":65,"column":4},"end":{"line":92,"column":null}},"type":"switch","locations":[{"start":{"line":90,"column":6},"end":{"line":91,"column":null}}]},"5":{"loc":{"start":{"line":128,"column":16},"end":{"line":136,"column":17}},"type":"cond-expr","locations":[{"start":{"line":128,"column":16},"end":{"line":136,"column":17}}]}},"s":{"0":29,"1":3,"2":3,"3":3,"4":3,"5":3,"6":3,"7":3,"8":3,"9":3,"10":3,"11":42,"12":42,"13":42,"14":42,"15":42,"16":42,"17":42,"18":42,"19":42,"20":0,"21":0,"22":0,"23":0,"24":0,"25":0,"26":42,"27":1,"28":0,"29":1,"30":1,"31":1,"32":1,"33":42,"34":42,"35":0},"f":{"0":42,"1":0,"2":1,"3":42},"b":{"0":[42,0],"1":[0,0],"2":[0,0],"3":[0,1],"4":[0],"5":[24]}}
,"/Users/chrismcgonagle/GOLFAPP/app/(authenticated)/dashboard/membership/form/components/Step1Personal.tsx": {"path":"/Users/chrismcgonagle/GOLFAPP/app/(authenticated)/dashboard/membership/form/components/Step1Personal.tsx","statementMap":{"0":{"start":{"line":25,"column":24},"end":{"line":25,"column":38}},"1":{"start":{"line":3,"column":44},"end":{"line":3,"column":null}},"2":{"start":{"line":4,"column":42},"end":{"line":4,"column":null}},"3":{"start":{"line":10,"column":51},"end":{"line":23,"column":null}},"4":{"start":{"line":28,"column":30},"end":{"line":28,"column":null}},"5":{"start":{"line":29,"column":22},"end":{"line":29,"column":null}},"6":{"start":{"line":30,"column":30},"end":{"line":30,"column":null}},"7":{"start":{"line":31,"column":44},"end":{"line":31,"column":null}},"8":{"start":{"line":34,"column":37},"end":{"line":41,"column":null}},"9":{"start":{"line":35,"column":4},"end":{"line":39,"column":null}},"10":{"start":{"line":36,"column":6},"end":{"line":38,"column":null}},"11":{"start":{"line":37,"column":8},"end":{"line":37,"column":null}},"12":{"start":{"line":40,"column":4},"end":{"line":40,"column":null}},"13":{"start":{"line":43,"column":23},"end":{"line":80,"column":null}},"14":{"start":{"line":44,"column":64},"end":{"line":44,"column":null}},"15":{"start":{"line":45,"column":23},"end":{"line":45,"column":null}},"16":{"start":{"line":48,"column":4},"end":{"line":61,"column":null}},"17":{"start":{"line":49,"column":6},"end":{"line":49,"column":null}},"18":{"start":{"line":49,"column":38},"end":{"line":49,"column":null}},"19":{"start":{"line":50,"column":6},"end":{"line":50,"column":null}},"20":{"start":{"line":50,"column":36},"end":{"line":50,"column":null}},"21":{"start":{"line":51,"column":6},"end":{"line":51,"column":null}},"22":{"start":{"line":51,"column":32},"end":{"line":51,"column":null}},"23":{"start":{"line":52,"column":6},"end":{"line":52,"column":null}},"24":{"start":{"line":52,"column":35},"end":{"line":52,"column":null}},"25":{"start":{"line":53,"column":6},"end":{"line":53,"column":null}},"26":{"start":{"line":53,"column":37},"end":{"line":53,"column":null}},"27":{"start":{"line":54,"column":6},"end":{"line":54,"column":null}},"28":{"start":{"line":54,"column":37},"end":{"line":54,"column":null}},"29":{"start":{"line":55,"column":6},"end":{"line":55,"column":null}},"30":{"start":{"line":55,"column":33},"end":{"line":55,"column":null}},"31":{"start":{"line":56,"column":6},"end":{"line":56,"column":null}},"32":{"start":{"line":56,"column":35},"end":{"line":56,"column":null}},"33":{"start":{"line":57,"column":6},"end":{"line":57,"column":null}},"34":{"start":{"line":57,"column":39},"end":{"line":57,"column":null}},"35":{"start":{"line":58,"column":6},"end":{"line":58,"column":null}},"36":{"start":{"line":58,"column":36},"end":{"line":58,"column":null}},"37":{"start":{"line":59,"column":6},"end":{"line":59,"column":null}},"38":{"start":{"line":59,"column":34},"end":{"line":59,"column":null}},"39":{"start":{"line":60,"column":6},"end":{"line":60,"column":null}},"40":{"start":{"line":60,"column":34},"end":{"line":60,"column":null}},"41":{"start":{"line":64,"column":4},"end":{"line":66,"column":null}},"42":{"start":{"line":65,"column":6},"end":{"line":65,"column":null}},"43":{"start":{"line":69,"column":4},"end":{"line":74,"column":null}},"44":{"start":{"line":70,"column":19},"end":{"line":70,"column":null}},"45":{"start":{"line":71,"column":6},"end":{"line":73,"column":null}},"46":{"start":{"line":72,"column":8},"end":{"line":72,"column":null}},"47":{"start":{"line":76,"column":4},"end":{"line":76,"column":null}},"48":{"start":{"line":77,"column":20},"end":{"line":77,"column":null}},"49":{"start":{"line":78,"column":4},"end":{"line":78,"column":null}},"50":{"start":{"line":79,"column":4},"end":{"line":79,"column":null}},"51":{"start":{"line":82,"column":2},"end":{"line":85,"column":null}},"52":{"start":{"line":83,"column":4},"end":{"line":83,"column":null}},"53":{"start":{"line":87,"column":23},"end":{"line":92,"column":null}},"54":{"start":{"line":91,"column":4},"end":{"line":91,"column":null}},"55":{"start":{"line":94,"column":26},"end":{"line":96,"column":null}},"56":{"start":{"line":95,"column":4},"end":{"line":95,"column":null}},"57":{"start":{"line":95,"column":32},"end":{"line":95,"column":null}},"58":{"start":{"line":99,"column":4},"end":{"line":99,"column":null}},"59":{"start":{"line":100,"column":24},"end":{"line":100,"column":108}},"60":{"start":{"line":101,"column":26},"end":{"line":101,"column":null}},"61":{"start":{"line":102,"column":23},"end":{"line":102,"column":null}},"62":{"start":{"line":103,"column":26},"end":{"line":120,"column":null}},"63":{"start":{"line":110,"column":4},"end":{"line":112,"column":null}},"64":{"start":{"line":111,"column":6},"end":{"line":111,"column":null}},"65":{"start":{"line":115,"column":4},"end":{"line":117,"column":null}},"66":{"start":{"line":116,"column":6},"end":{"line":116,"column":null}},"67":{"start":{"line":119,"column":4},"end":{"line":119,"column":null}},"68":{"start":{"line":139,"column":33},"end":{"line":139,"column":null}},"69":{"start":{"line":140,"column":30},"end":{"line":140,"column":null}},"70":{"start":{"line":157,"column":33},"end":{"line":157,"column":null}},"71":{"start":{"line":158,"column":30},"end":{"line":158,"column":null}},"72":{"start":{"line":175,"column":33},"end":{"line":175,"column":null}},"73":{"start":{"line":176,"column":30},"end":{"line":176,"column":null}},"74":{"start":{"line":191,"column":33},"end":{"line":191,"column":null}},"75":{"start":{"line":192,"column":30},"end":{"line":192,"column":null}},"76":{"start":{"line":231,"column":33},"end":{"line":231,"column":null}},"77":{"start":{"line":232,"column":32},"end":{"line":232,"column":61}},"78":{"start":{"line":232,"column":61},"end":{"line":232,"column":91}},"79":{"start":{"line":243,"column":33},"end":{"line":243,"column":null}},"80":{"start":{"line":244,"column":30},"end":{"line":244,"column":null}},"81":{"start":{"line":254,"column":33},"end":{"line":254,"column":null}},"82":{"start":{"line":255,"column":30},"end":{"line":255,"column":null}},"83":{"start":{"line":272,"column":33},"end":{"line":272,"column":null}},"84":{"start":{"line":273,"column":30},"end":{"line":273,"column":null}},"85":{"start":{"line":290,"column":33},"end":{"line":290,"column":null}},"86":{"start":{"line":291,"column":30},"end":{"line":291,"column":null}},"87":{"start":{"line":308,"column":33},"end":{"line":308,"column":null}},"88":{"start":{"line":309,"column":30},"end":{"line":309,"column":null}},"89":{"start":{"line":326,"column":33},"end":{"line":326,"column":null}},"90":{"start":{"line":327,"column":30},"end":{"line":327,"column":null}},"91":{"start":{"line":344,"column":33},"end":{"line":344,"column":null}},"92":{"start":{"line":345,"column":30},"end":{"line":345,"column":null}},"93":{"start":{"line":362,"column":33},"end":{"line":362,"column":null}},"94":{"start":{"line":363,"column":30},"end":{"line":363,"column":null}}},"fnMap":{"0":{"name":"Step1Personal","decl":{"start":{"line":25,"column":24},"end":{"line":25,"column":38}},"loc":{"start":{"line":27,"column":21},"end":{"line":374,"column":null}}},"1":{"name":"(anonymous_2)","decl":{"start":{"line":34,"column":37},"end":{"line":34,"column":null}},"loc":{"start":{"line":34,"column":37},"end":{"line":41,"column":null}}},"2":{"name":"(anonymous_3)","decl":{"start":{"line":43,"column":23},"end":{"line":43,"column":null}},"loc":{"start":{"line":43,"column":23},"end":{"line":80,"column":null}}},"3":{"name":"(anonymous_4)","decl":{"start":{"line":82,"column":12},"end":{"line":82,"column":null}},"loc":{"start":{"line":82,"column":12},"end":{"line":85,"column":5}}},"4":{"name":"(anonymous_5)","decl":{"start":{"line":87,"column":23},"end":{"line":87,"column":null}},"loc":{"start":{"line":89,"column":4},"end":{"line":92,"column":null}}},"5":{"name":"(anonymous_6)","decl":{"start":{"line":94,"column":26},"end":{"line":94,"column":27}},"loc":{"start":{"line":94,"column":27},"end":{"line":96,"column":null}}},"6":{"name":"(anonymous_7)","decl":{"start":{"line":95,"column":21},"end":{"line":95,"column":22}},"loc":{"start":{"line":95,"column":32},"end":{"line":95,"column":null}}},"7":{"name":"(anonymous_8)","decl":{"start":{"line":103,"column":26},"end":{"line":103,"column":null}},"loc":{"start":{"line":107,"column":30},"end":{"line":120,"column":null}}},"8":{"name":"(anonymous_9)","decl":{"start":{"line":139,"column":26},"end":{"line":139,"column":27}},"loc":{"start":{"line":139,"column":33},"end":{"line":139,"column":null}}},"9":{"name":"(anonymous_10)","decl":{"start":{"line":140,"column":24},"end":{"line":140,"column":30}},"loc":{"start":{"line":140,"column":30},"end":{"line":140,"column":null}}},"10":{"name":"(anonymous_11)","decl":{"start":{"line":157,"column":26},"end":{"line":157,"column":27}},"loc":{"start":{"line":157,"column":33},"end":{"line":157,"column":null}}},"11":{"name":"(anonymous_12)","decl":{"start":{"line":158,"column":24},"end":{"line":158,"column":30}},"loc":{"start":{"line":158,"column":30},"end":{"line":158,"column":null}}},"12":{"name":"(anonymous_13)","decl":{"start":{"line":175,"column":26},"end":{"line":175,"column":27}},"loc":{"start":{"line":175,"column":33},"end":{"line":175,"column":null}}},"13":{"name":"(anonymous_14)","decl":{"start":{"line":176,"column":24},"end":{"line":176,"column":30}},"loc":{"start":{"line":176,"column":30},"end":{"line":176,"column":null}}},"14":{"name":"(anonymous_15)","decl":{"start":{"line":191,"column":26},"end":{"line":191,"column":27}},"loc":{"start":{"line":191,"column":33},"end":{"line":191,"column":null}}},"15":{"name":"(anonymous_16)","decl":{"start":{"line":192,"column":24},"end":{"line":192,"column":30}},"loc":{"start":{"line":192,"column":30},"end":{"line":192,"column":null}}},"16":{"name":"(anonymous_17)","decl":{"start":{"line":231,"column":26},"end":{"line":231,"column":27}},"loc":{"start":{"line":231,"column":33},"end":{"line":231,"column":null}}},"17":{"name":"(anonymous_18)","decl":{"start":{"line":232,"column":24},"end":{"line":232,"column":32}},"loc":{"start":{"line":232,"column":24},"end":{"line":232,"column":null}}},"18":{"name":"(anonymous_19)","decl":{"start":{"line":243,"column":26},"end":{"line":243,"column":27}},"loc":{"start":{"line":243,"column":33},"end":{"line":243,"column":null}}},"19":{"name":"(anonymous_20)","decl":{"start":{"line":244,"column":24},"end":{"line":244,"column":30}},"loc":{"start":{"line":244,"column":30},"end":{"line":244,"column":null}}},"20":{"name":"(anonymous_21)","decl":{"start":{"line":254,"column":26},"end":{"line":254,"column":27}},"loc":{"start":{"line":254,"column":33},"end":{"line":254,"column":null}}},"21":{"name":"(anonymous_22)","decl":{"start":{"line":255,"column":24},"end":{"line":255,"column":30}},"loc":{"start":{"line":255,"column":30},"end":{"line":255,"column":null}}},"22":{"name":"(anonymous_23)","decl":{"start":{"line":272,"column":26},"end":{"line":272,"column":27}},"loc":{"start":{"line":272,"column":33},"end":{"line":272,"column":null}}},"23":{"name":"(anonymous_24)","decl":{"start":{"line":273,"column":24},"end":{"line":273,"column":30}},"loc":{"start":{"line":273,"column":30},"end":{"line":273,"column":null}}},"24":{"name":"(anonymous_25)","decl":{"start":{"line":290,"column":26},"end":{"line":290,"column":27}},"loc":{"start":{"line":290,"column":33},"end":{"line":290,"column":null}}},"25":{"name":"(anonymous_26)","decl":{"start":{"line":291,"column":24},"end":{"line":291,"column":30}},"loc":{"start":{"line":291,"column":30},"end":{"line":291,"column":null}}},"26":{"name":"(anonymous_27)","decl":{"start":{"line":308,"column":26},"end":{"line":308,"column":27}},"loc":{"start":{"line":308,"column":33},"end":{"line":308,"column":null}}},"27":{"name":"(anonymous_28)","decl":{"start":{"line":309,"column":24},"end":{"line":309,"column":30}},"loc":{"start":{"line":309,"column":30},"end":{"line":309,"column":null}}},"28":{"name":"(anonymous_29)","decl":{"start":{"line":326,"column":26},"end":{"line":326,"column":27}},"loc":{"start":{"line":326,"column":33},"end":{"line":326,"column":null}}},"29":{"name":"(anonymous_30)","decl":{"start":{"line":327,"column":24},"end":{"line":327,"column":30}},"loc":{"start":{"line":327,"column":30},"end":{"line":327,"column":null}}},"30":{"name":"(anonymous_31)","decl":{"start":{"line":344,"column":26},"end":{"line":344,"column":27}},"loc":{"start":{"line":344,"column":33},"end":{"line":344,"column":null}}},"31":{"name":"(anonymous_32)","decl":{"start":{"line":345,"column":24},"end":{"line":345,"column":30}},"loc":{"start":{"line":345,"column":30},"end":{"line":345,"column":null}}},"32":{"name":"(anonymous_33)","decl":{"start":{"line":362,"column":26},"end":{"line":362,"column":27}},"loc":{"start":{"line":362,"column":33},"end":{"line":362,"column":null}}},"33":{"name":"(anonymous_34)","decl":{"start":{"line":363,"column":24},"end":{"line":363,"column":30}},"loc":{"start":{"line":363,"column":30},"end":{"line":363,"column":null}}}},"branchMap":{"0":{"loc":{"start":{"line":36,"column":6},"end":{"line":38,"column":null}},"type":"if","locations":[{"start":{"line":36,"column":6},"end":{"line":38,"column":null}},{"start":{},"end":{}}]},"1":{"loc":{"start":{"line":48,"column":4},"end":{"line":61,"column":null}},"type":"if","locations":[{"start":{"line":48,"column":4},"end":{"line":61,"column":null}},{"start":{},"end":{}}]},"2":{"loc":{"start":{"line":49,"column":6},"end":{"line":49,"column":null}},"type":"if","locations":[{"start":{"line":49,"column":6},"end":{"line":49,"column":null}},{"start":{},"end":{}}]},"3":{"loc":{"start":{"line":50,"column":6},"end":{"line":50,"column":null}},"type":"if","locations":[{"start":{"line":50,"column":6},"end":{"line":50,"column":null}},{"start":{},"end":{}}]},"4":{"loc":{"start":{"line":51,"column":6},"end":{"line":51,"column":null}},"type":"if","locations":[{"start":{"line":51,"column":6},"end":{"line":51,"column":null}},{"start":{},"end":{}}]},"5":{"loc":{"start":{"line":52,"column":6},"end":{"line":52,"column":null}},"type":"if","locations":[{"start":{"line":52,"column":6},"end":{"line":52,"column":null}},{"start":{},"end":{}}]},"6":{"loc":{"start":{"line":53,"column":6},"end":{"line":53,"column":null}},"type":"if","locations":[{"start":{"line":53,"column":6},"end":{"line":53,"column":null}},{"start":{},"end":{}}]},"7":{"loc":{"start":{"line":54,"column":6},"end":{"line":54,"column":null}},"type":"if","locations":[{"start":{"line":54,"column":6},"end":{"line":54,"column":null}},{"start":{},"end":{}}]},"8":{"loc":{"start":{"line":55,"column":6},"end":{"line":55,"column":null}},"type":"if","locations":[{"start":{"line":55,"column":6},"end":{"line":55,"column":null}},{"start":{},"end":{}}]},"9":{"loc":{"start":{"line":56,"column":6},"end":{"line":56,"column":null}},"type":"if","locations":[{"start":{"line":56,"column":6},"end":{"line":56,"column":null}},{"start":{},"end":{}}]},"10":{"loc":{"start":{"line":57,"column":6},"end":{"line":57,"column":null}},"type":"if","locations":[{"start":{"line":57,"column":6},"end":{"line":57,"column":null}},{"start":{},"end":{}}]},"11":{"loc":{"start":{"line":58,"column":6},"end":{"line":58,"column":null}},"type":"if","locations":[{"start":{"line":58,"column":6},"end":{"line":58,"column":null}},{"start":{},"end":{}}]},"12":{"loc":{"start":{"line":59,"column":6},"end":{"line":59,"column":null}},"type":"if","locations":[{"start":{"line":59,"column":6},"end":{"line":59,"column":null}},{"start":{},"end":{}}]},"13":{"loc":{"start":{"line":60,"column":6},"end":{"line":60,"column":null}},"type":"if","locations":[{"start":{"line":60,"column":6},"end":{"line":60,"column":null}},{"start":{},"end":{}}]},"14":{"loc":{"start":{"line":64,"column":4},"end":{"line":66,"column":null}},"type":"if","locations":[{"start":{"line":64,"column":4},"end":{"line":66,"column":null}},{"start":{},"end":{}}]},"15":{"loc":{"start":{"line":64,"column":8},"end":{"line":64,"column":79}},"type":"binary-expr","locations":[{"start":{"line":64,"column":8},"end":{"line":64,"column":30}},{"start":{"line":64,"column":30},"end":{"line":64,"column":79}}]},"16":{"loc":{"start":{"line":69,"column":4},"end":{"line":74,"column":null}},"type":"if","locations":[{"start":{"line":69,"column":4},"end":{"line":74,"column":null}},{"start":{},"end":{}}]},"17":{"loc":{"start":{"line":71,"column":6},"end":{"line":73,"column":null}},"type":"if","locations":[{"start":{"line":71,"column":6},"end":{"line":73,"column":null}},{"start":{},"end":{}}]},"18":{"loc":{"start":{"line":107,"column":4},"end":{"line":107,"column":30}},"type":"default-arg","locations":[{"start":{"line":107,"column":18},"end":{"line":107,"column":30}}]},"19":{"loc":{"start":{"line":110,"column":4},"end":{"line":112,"column":null}},"type":"if","locations":[{"start":{"line":110,"column":4},"end":{"line":112,"column":null}},{"start":{},"end":{}}]},"20":{"loc":{"start":{"line":115,"column":4},"end":{"line":117,"column":null}},"type":"if","locations":[{"start":{"line":115,"column":4},"end":{"line":117,"column":null}},{"start":{},"end":{}}]},"21":{"loc":{"start":{"line":115,"column":8},"end":{"line":115,"column":46}},"type":"binary-expr","locations":[{"start":{"line":115,"column":8},"end":{"line":115,"column":28}},{"start":{"line":115,"column":32},"end":{"line":115,"column":46}}]}},"s":{"0":19,"1":4,"2":4,"3":4,"4":40,"5":40,"6":40,"7":40,"8":40,"9":20,"10":20,"11":20,"12":0,"13":40,"14":20,"15":20,"16":20,"17":20,"18":20,"19":20,"20":0,"21":20,"22":0,"23":20,"24":0,"25":20,"26":0,"27":20,"28":0,"29":20,"30":0,"31":20,"32":0,"33":20,"34":0,"35":20,"36":0,"37":20,"38":0,"39":20,"40":0,"41":20,"42":1,"43":20,"44":0,"45":0,"46":0,"47":20,"48":20,"49":20,"50":20,"51":40,"52":20,"53":40,"54":1,"55":40,"56":0,"57":0,"58":40,"59":40,"60":40,"61":40,"62":40,"63":520,"64":22,"65":498,"66":0,"67":498,"68":0,"69":0,"70":0,"71":0,"72":0,"73":0,"74":0,"75":0,"76":0,"77":0,"78":0,"79":0,"80":0,"81":0,"82":0,"83":0,"84":0,"85":0,"86":0,"87":0,"88":0,"89":0,"90":0,"91":1,"92":0,"93":0,"94":0},"f":{"0":40,"1":20,"2":20,"3":20,"4":1,"5":0,"6":0,"7":520,"8":0,"9":0,"10":0,"11":0,"12":0,"13":0,"14":0,"15":0,"16":0,"17":0,"18":0,"19":0,"20":0,"21":0,"22":0,"23":0,"24":0,"25":0,"26":0,"27":0,"28":0,"29":0,"30":1,"31":0,"32":0,"33":0},"b":{"0":[20,0],"1":[20,0],"2":[20,0],"3":[0,20],"4":[0,20],"5":[0,20],"6":[0,20],"7":[0,20],"8":[0,20],"9":[0,20],"10":[0,20],"11":[0,20],"12":[0,20],"13":[0,20],"14":[1,19],"15":[20,1],"16":[0,20],"17":[0,0],"18":[480],"19":[22,498],"20":[0,498],"21":[498,0]}}
,"/Users/chrismcgonagle/GOLFAPP/app/(authenticated)/dashboard/membership/form/components/Step2Membership.tsx": {"path":"/Users/chrismcgonagle/GOLFAPP/app/(authenticated)/dashboard/membership/form/components/Step2Membership.tsx","statementMap":{"0":{"start":{"line":29,"column":24},"end":{"line":29,"column":40}},"1":{"start":{"line":3,"column":36},"end":{"line":3,"column":null}},"2":{"start":{"line":4,"column":42},"end":{"line":4,"column":null}},"3":{"start":{"line":16,"column":18},"end":{"line":16,"column":null}},"4":{"start":{"line":19,"column":51},"end":{"line":27,"column":null}},"5":{"start":{"line":32,"column":30},"end":{"line":32,"column":null}},"6":{"start":{"line":33,"column":30},"end":{"line":33,"column":null}},"7":{"start":{"line":34,"column":44},"end":{"line":34,"column":null}},"8":{"start":{"line":35,"column":54},"end":{"line":35,"column":null}},"9":{"start":{"line":36,"column":58},"end":{"line":36,"column":null}},"10":{"start":{"line":37,"column":52},"end":{"line":37,"column":null}},"11":{"start":{"line":40,"column":25},"end":{"line":40,"column":null}},"12":{"start":{"line":41,"column":26},"end":{"line":41,"column":null}},"13":{"start":{"line":42,"column":29},"end":{"line":42,"column":null}},"14":{"start":{"line":43,"column":30},"end":{"line":43,"column":null}},"15":{"start":{"line":44,"column":24},"end":{"line":44,"column":null}},"16":{"start":{"line":45,"column":31},"end":{"line":45,"column":null}},"17":{"start":{"line":46,"column":34},"end":{"line":46,"column":null}},"18":{"start":{"line":47,"column":30},"end":{"line":47,"column":null}},"19":{"start":{"line":48,"column":35},"end":{"line":48,"column":null}},"20":{"start":{"line":49,"column":34},"end":{"line":49,"column":null}},"21":{"start":{"line":50,"column":34},"end":{"line":50,"column":null}},"22":{"start":{"line":51,"column":35},"end":{"line":51,"column":null}},"23":{"start":{"line":52,"column":32},"end":{"line":52,"column":null}},"24":{"start":{"line":55,"column":2},"end":{"line":71,"column":null}},"25":{"start":{"line":56,"column":4},"end":{"line":70,"column":null}},"26":{"start":{"line":57,"column":21},"end":{"line":57,"column":86}},"27":{"start":{"line":58,"column":6},"end":{"line":67,"column":null}},"28":{"start":{"line":60,"column":27},"end":{"line":65,"column":null}},"29":{"start":{"line":61,"column":10},"end":{"line":63,"column":null}},"30":{"start":{"line":62,"column":12},"end":{"line":62,"column":null}},"31":{"start":{"line":64,"column":10},"end":{"line":64,"column":null}},"32":{"start":{"line":66,"column":8},"end":{"line":66,"column":null}},"33":{"start":{"line":69,"column":6},"end":{"line":69,"column":null}},"34":{"start":{"line":74,"column":37},"end":{"line":101,"column":null}},"35":{"start":{"line":75,"column":4},"end":{"line":95,"column":null}},"36":{"start":{"line":77,"column":6},"end":{"line":79,"column":null}},"37":{"start":{"line":78,"column":8},"end":{"line":78,"column":null}},"38":{"start":{"line":81,"column":6},"end":{"line":83,"column":null}},"39":{"start":{"line":82,"column":8},"end":{"line":82,"column":null}},"40":{"start":{"line":85,"column":6},"end":{"line":87,"column":null}},"41":{"start":{"line":86,"column":8},"end":{"line":86,"column":null}},"42":{"start":{"line":89,"column":6},"end":{"line":91,"column":null}},"43":{"start":{"line":90,"column":8},"end":{"line":90,"column":null}},"44":{"start":{"line":92,"column":6},"end":{"line":94,"column":null}},"45":{"start":{"line":93,"column":8},"end":{"line":93,"column":null}},"46":{"start":{"line":97,"column":4},"end":{"line":99,"column":null}},"47":{"start":{"line":98,"column":6},"end":{"line":98,"column":null}},"48":{"start":{"line":100,"column":4},"end":{"line":100,"column":null}},"49":{"start":{"line":103,"column":23},"end":{"line":133,"column":null}},"50":{"start":{"line":104,"column":64},"end":{"line":104,"column":null}},"51":{"start":{"line":105,"column":23},"end":{"line":105,"column":null}},"52":{"start":{"line":108,"column":4},"end":{"line":122,"column":null}},"53":{"start":{"line":109,"column":6},"end":{"line":110,"column":null}},"54":{"start":{"line":110,"column":8},"end":{"line":110,"column":null}},"55":{"start":{"line":111,"column":6},"end":{"line":112,"column":null}},"56":{"start":{"line":112,"column":8},"end":{"line":112,"column":null}},"57":{"start":{"line":113,"column":6},"end":{"line":114,"column":null}},"58":{"start":{"line":114,"column":8},"end":{"line":114,"column":null}},"59":{"start":{"line":115,"column":6},"end":{"line":116,"column":null}},"60":{"start":{"line":116,"column":8},"end":{"line":116,"column":null}},"61":{"start":{"line":117,"column":6},"end":{"line":118,"column":null}},"62":{"start":{"line":118,"column":8},"end":{"line":118,"column":null}},"63":{"start":{"line":119,"column":6},"end":{"line":119,"column":null}},"64":{"start":{"line":119,"column":37},"end":{"line":119,"column":null}},"65":{"start":{"line":120,"column":6},"end":{"line":120,"column":null}},"66":{"start":{"line":120,"column":44},"end":{"line":120,"column":null}},"67":{"start":{"line":121,"column":6},"end":{"line":121,"column":null}},"68":{"start":{"line":121,"column":42},"end":{"line":121,"column":null}},"69":{"start":{"line":125,"column":4},"end":{"line":127,"column":null}},"70":{"start":{"line":126,"column":6},"end":{"line":126,"column":null}},"71":{"start":{"line":129,"column":4},"end":{"line":129,"column":null}},"72":{"start":{"line":130,"column":20},"end":{"line":130,"column":null}},"73":{"start":{"line":131,"column":4},"end":{"line":131,"column":null}},"74":{"start":{"line":132,"column":4},"end":{"line":132,"column":null}},"75":{"start":{"line":135,"column":2},"end":{"line":138,"column":null}},"76":{"start":{"line":136,"column":4},"end":{"line":136,"column":null}},"77":{"start":{"line":140,"column":23},"end":{"line":172,"column":null}},"78":{"start":{"line":141,"column":40},"end":{"line":141,"column":null}},"79":{"start":{"line":144,"column":4},"end":{"line":146,"column":null}},"80":{"start":{"line":145,"column":6},"end":{"line":145,"column":null}},"81":{"start":{"line":149,"column":4},"end":{"line":154,"column":null}},"82":{"start":{"line":150,"column":6},"end":{"line":150,"column":null}},"83":{"start":{"line":151,"column":6},"end":{"line":151,"column":null}},"84":{"start":{"line":152,"column":6},"end":{"line":152,"column":null}},"85":{"start":{"line":153,"column":6},"end":{"line":153,"column":null}},"86":{"start":{"line":157,"column":4},"end":{"line":159,"column":null}},"87":{"start":{"line":158,"column":6},"end":{"line":158,"column":null}},"88":{"start":{"line":162,"column":4},"end":{"line":165,"column":null}},"89":{"start":{"line":163,"column":6},"end":{"line":163,"column":null}},"90":{"start":{"line":164,"column":6},"end":{"line":164,"column":null}},"91":{"start":{"line":166,"column":4},"end":{"line":169,"column":null}},"92":{"start":{"line":167,"column":6},"end":{"line":167,"column":null}},"93":{"start":{"line":168,"column":6},"end":{"line":168,"column":null}},"94":{"start":{"line":171,"column":4},"end":{"line":171,"column":null}},"95":{"start":{"line":174,"column":26},"end":{"line":176,"column":null}},"96":{"start":{"line":175,"column":4},"end":{"line":175,"column":null}},"97":{"start":{"line":175,"column":32},"end":{"line":175,"column":null}},"98":{"start":{"line":178,"column":24},"end":{"line":190,"column":null}},"99":{"start":{"line":179,"column":21},"end":{"line":179,"column":null}},"100":{"start":{"line":180,"column":4},"end":{"line":180,"column":null}},"101":{"start":{"line":180,"column":44},"end":{"line":180,"column":null}},"102":{"start":{"line":181,"column":4},"end":{"line":181,"column":null}},"103":{"start":{"line":181,"column":41},"end":{"line":181,"column":66}},"104":{"start":{"line":181,"column":66},"end":{"line":181,"column":null}},"105":{"start":{"line":182,"column":4},"end":{"line":182,"column":null}},"106":{"start":{"line":182,"column":39},"end":{"line":182,"column":null}},"107":{"start":{"line":184,"column":34},"end":{"line":184,"column":null}},"108":{"start":{"line":185,"column":20},"end":{"line":185,"column":null}},"109":{"start":{"line":186,"column":4},"end":{"line":186,"column":null}},"110":{"start":{"line":187,"column":4},"end":{"line":187,"column":null}},"111":{"start":{"line":188,"column":4},"end":{"line":188,"column":null}},"112":{"start":{"line":189,"column":4},"end":{"line":189,"column":null}},"113":{"start":{"line":192,"column":27},"end":{"line":196,"column":null}},"114":{"start":{"line":193,"column":20},"end":{"line":193,"column":null}},"115":{"start":{"line":193,"column":55},"end":{"line":193,"column":null}},"116":{"start":{"line":194,"column":4},"end":{"line":194,"column":null}},"117":{"start":{"line":195,"column":4},"end":{"line":195,"column":null}},"118":{"start":{"line":201,"column":4},"end":{"line":201,"column":null}},"119":{"start":{"line":202,"column":24},"end":{"line":202,"column":62}},"120":{"start":{"line":203,"column":26},"end":{"line":203,"column":null}},"121":{"start":{"line":204,"column":23},"end":{"line":204,"column":null}},"122":{"start":{"line":205,"column":26},"end":{"line":223,"column":null}},"123":{"start":{"line":213,"column":4},"end":{"line":215,"column":null}},"124":{"start":{"line":214,"column":6},"end":{"line":214,"column":null}},"125":{"start":{"line":218,"column":4},"end":{"line":220,"column":null}},"126":{"start":{"line":219,"column":6},"end":{"line":219,"column":null}},"127":{"start":{"line":222,"column":4},"end":{"line":222,"column":null}},"128":{"start":{"line":237,"column":29},"end":{"line":237,"column":null}},"129":{"start":{"line":238,"column":26},"end":{"line":238,"column":null}},"130":{"start":{"line":270,"column":29},"end":{"line":270,"column":null}},"131":{"start":{"line":271,"column":26},"end":{"line":271,"column":null}},"132":{"start":{"line":290,"column":29},"end":{"line":290,"column":null}},"133":{"start":{"line":291,"column":26},"end":{"line":291,"column":null}},"134":{"start":{"line":301,"column":33},"end":{"line":301,"column":null}},"135":{"start":{"line":302,"column":30},"end":{"line":302,"column":null}},"136":{"start":{"line":309,"column":18},"end":{"line":309,"column":40}},"137":{"start":{"line":338,"column":29},"end":{"line":338,"column":null}},"138":{"start":{"line":339,"column":26},"end":{"line":339,"column":null}},"139":{"start":{"line":371,"column":29},"end":{"line":371,"column":null}},"140":{"start":{"line":372,"column":26},"end":{"line":372,"column":null}},"141":{"start":{"line":404,"column":29},"end":{"line":404,"column":null}},"142":{"start":{"line":405,"column":26},"end":{"line":405,"column":null}},"143":{"start":{"line":433,"column":27},"end":{"line":433,"column":null}},"144":{"start":{"line":434,"column":24},"end":{"line":434,"column":null}},"145":{"start":{"line":455,"column":33},"end":{"line":455,"column":null}},"146":{"start":{"line":456,"column":35},"end":{"line":456,"column":null}},"147":{"start":{"line":466,"column":35},"end":{"line":466,"column":null}},"148":{"start":{"line":473,"column":20},"end":{"line":473,"column":42}},"149":{"start":{"line":502,"column":14},"end":{"line":503,"column":null}},"150":{"start":{"line":512,"column":33},"end":{"line":512,"column":null}},"151":{"start":{"line":548,"column":35},"end":{"line":548,"column":null}}},"fnMap":{"0":{"name":"Step2Membership","decl":{"start":{"line":29,"column":24},"end":{"line":29,"column":40}},"loc":{"start":{"line":31,"column":23},"end":{"line":562,"column":null}}},"1":{"name":"(anonymous_2)","decl":{"start":{"line":55,"column":12},"end":{"line":55,"column":null}},"loc":{"start":{"line":55,"column":12},"end":{"line":71,"column":5}}},"2":{"name":"(anonymous_3)","decl":{"start":{"line":60,"column":38},"end":{"line":60,"column":39}},"loc":{"start":{"line":60,"column":39},"end":{"line":65,"column":null}}},"3":{"name":"(anonymous_4)","decl":{"start":{"line":74,"column":37},"end":{"line":74,"column":null}},"loc":{"start":{"line":74,"column":37},"end":{"line":101,"column":null}}},"4":{"name":"(anonymous_5)","decl":{"start":{"line":103,"column":23},"end":{"line":103,"column":null}},"loc":{"start":{"line":103,"column":23},"end":{"line":133,"column":null}}},"5":{"name":"(anonymous_6)","decl":{"start":{"line":135,"column":12},"end":{"line":135,"column":null}},"loc":{"start":{"line":135,"column":12},"end":{"line":138,"column":5}}},"6":{"name":"(anonymous_7)","decl":{"start":{"line":140,"column":23},"end":{"line":140,"column":24}},"loc":{"start":{"line":140,"column":48},"end":{"line":172,"column":null}}},"7":{"name":"(anonymous_8)","decl":{"start":{"line":174,"column":26},"end":{"line":174,"column":27}},"loc":{"start":{"line":174,"column":27},"end":{"line":176,"column":null}}},"8":{"name":"(anonymous_9)","decl":{"start":{"line":175,"column":21},"end":{"line":175,"column":22}},"loc":{"start":{"line":175,"column":32},"end":{"line":175,"column":null}}},"9":{"name":"(anonymous_10)","decl":{"start":{"line":178,"column":24},"end":{"line":178,"column":null}},"loc":{"start":{"line":178,"column":24},"end":{"line":190,"column":null}}},"10":{"name":"(anonymous_11)","decl":{"start":{"line":181,"column":31},"end":{"line":181,"column":32}},"loc":{"start":{"line":181,"column":41},"end":{"line":181,"column":66}}},"11":{"name":"(anonymous_12)","decl":{"start":{"line":192,"column":27},"end":{"line":192,"column":28}},"loc":{"start":{"line":192,"column":28},"end":{"line":196,"column":null}}},"12":{"name":"(anonymous_13)","decl":{"start":{"line":193,"column":45},"end":{"line":193,"column":46}},"loc":{"start":{"line":193,"column":55},"end":{"line":193,"column":null}}},"13":{"name":"(anonymous_14)","decl":{"start":{"line":205,"column":26},"end":{"line":205,"column":null}},"loc":{"start":{"line":210,"column":22},"end":{"line":223,"column":null}}},"14":{"name":"(anonymous_15)","decl":{"start":{"line":237,"column":22},"end":{"line":237,"column":23}},"loc":{"start":{"line":237,"column":29},"end":{"line":237,"column":null}}},"15":{"name":"(anonymous_16)","decl":{"start":{"line":238,"column":20},"end":{"line":238,"column":26}},"loc":{"start":{"line":238,"column":26},"end":{"line":238,"column":null}}},"16":{"name":"(anonymous_17)","decl":{"start":{"line":270,"column":22},"end":{"line":270,"column":23}},"loc":{"start":{"line":270,"column":29},"end":{"line":270,"column":null}}},"17":{"name":"(anonymous_18)","decl":{"start":{"line":271,"column":20},"end":{"line":271,"column":26}},"loc":{"start":{"line":271,"column":26},"end":{"line":271,"column":null}}},"18":{"name":"(anonymous_19)","decl":{"start":{"line":290,"column":22},"end":{"line":290,"column":23}},"loc":{"start":{"line":290,"column":29},"end":{"line":290,"column":null}}},"19":{"name":"(anonymous_20)","decl":{"start":{"line":291,"column":20},"end":{"line":291,"column":26}},"loc":{"start":{"line":291,"column":26},"end":{"line":291,"column":null}}},"20":{"name":"(anonymous_21)","decl":{"start":{"line":301,"column":26},"end":{"line":301,"column":27}},"loc":{"start":{"line":301,"column":33},"end":{"line":301,"column":null}}},"21":{"name":"(anonymous_22)","decl":{"start":{"line":302,"column":24},"end":{"line":302,"column":30}},"loc":{"start":{"line":302,"column":30},"end":{"line":302,"column":null}}},"22":{"name":"(anonymous_23)","decl":{"start":{"line":308,"column":31},"end":{"line":308,"column":32}},"loc":{"start":{"line":309,"column":18},"end":{"line":309,"column":40}}},"23":{"name":"(anonymous_24)","decl":{"start":{"line":338,"column":22},"end":{"line":338,"column":23}},"loc":{"start":{"line":338,"column":29},"end":{"line":338,"column":null}}},"24":{"name":"(anonymous_25)","decl":{"start":{"line":339,"column":20},"end":{"line":339,"column":26}},"loc":{"start":{"line":339,"column":26},"end":{"line":339,"column":null}}},"25":{"name":"(anonymous_26)","decl":{"start":{"line":371,"column":22},"end":{"line":371,"column":23}},"loc":{"start":{"line":371,"column":29},"end":{"line":371,"column":null}}},"26":{"name":"(anonymous_27)","decl":{"start":{"line":372,"column":20},"end":{"line":372,"column":26}},"loc":{"start":{"line":372,"column":26},"end":{"line":372,"column":null}}},"27":{"name":"(anonymous_28)","decl":{"start":{"line":404,"column":22},"end":{"line":404,"column":23}},"loc":{"start":{"line":404,"column":29},"end":{"line":404,"column":null}}},"28":{"name":"(anonymous_29)","decl":{"start":{"line":405,"column":20},"end":{"line":405,"column":26}},"loc":{"start":{"line":405,"column":26},"end":{"line":405,"column":null}}},"29":{"name":"(anonymous_30)","decl":{"start":{"line":433,"column":20},"end":{"line":433,"column":21}},"loc":{"start":{"line":433,"column":27},"end":{"line":433,"column":null}}},"30":{"name":"(anonymous_31)","decl":{"start":{"line":434,"column":18},"end":{"line":434,"column":24}},"loc":{"start":{"line":434,"column":24},"end":{"line":434,"column":null}}},"31":{"name":"(anonymous_32)","decl":{"start":{"line":455,"column":26},"end":{"line":455,"column":27}},"loc":{"start":{"line":455,"column":33},"end":{"line":455,"column":null}}},"32":{"name":"(anonymous_33)","decl":{"start":{"line":456,"column":28},"end":{"line":456,"column":29}},"loc":{"start":{"line":456,"column":35},"end":{"line":456,"column":null}}},"33":{"name":"(anonymous_34)","decl":{"start":{"line":466,"column":28},"end":{"line":466,"column":29}},"loc":{"start":{"line":466,"column":35},"end":{"line":466,"column":null}}},"34":{"name":"(anonymous_35)","decl":{"start":{"line":472,"column":33},"end":{"line":472,"column":34}},"loc":{"start":{"line":473,"column":20},"end":{"line":473,"column":42}}},"35":{"name":"(anonymous_36)","decl":{"start":{"line":501,"column":35},"end":{"line":501,"column":36}},"loc":{"start":{"line":502,"column":14},"end":{"line":503,"column":null}}},"36":{"name":"(anonymous_37)","decl":{"start":{"line":512,"column":27},"end":{"line":512,"column":33}},"loc":{"start":{"line":512,"column":33},"end":{"line":512,"column":null}}},"37":{"name":"(anonymous_38)","decl":{"start":{"line":548,"column":28},"end":{"line":548,"column":29}},"loc":{"start":{"line":548,"column":35},"end":{"line":548,"column":null}}}},"branchMap":{"0":{"loc":{"start":{"line":49,"column":34},"end":{"line":49,"column":null}},"type":"binary-expr","locations":[{"start":{"line":49,"column":34},"end":{"line":49,"column":66}},{"start":{"line":49,"column":66},"end":{"line":49,"column":null}}]},"1":{"loc":{"start":{"line":51,"column":35},"end":{"line":51,"column":null}},"type":"binary-expr","locations":[{"start":{"line":51,"column":35},"end":{"line":51,"column":65}},{"start":{"line":51,"column":65},"end":{"line":51,"column":null}}]},"2":{"loc":{"start":{"line":57,"column":21},"end":{"line":57,"column":86}},"type":"cond-expr","locations":[{"start":{"line":57,"column":50},"end":{"line":57,"column":84}},{"start":{"line":57,"column":84},"end":{"line":57,"column":86}}]},"3":{"loc":{"start":{"line":58,"column":6},"end":{"line":67,"column":null}},"type":"if","locations":[{"start":{"line":58,"column":6},"end":{"line":67,"column":null}},{"start":{},"end":{}}]},"4":{"loc":{"start":{"line":61,"column":10},"end":{"line":63,"column":null}},"type":"if","locations":[{"start":{"line":61,"column":10},"end":{"line":63,"column":null}},{"start":{},"end":{}}]},"5":{"loc":{"start":{"line":77,"column":6},"end":{"line":79,"column":null}},"type":"if","locations":[{"start":{"line":77,"column":6},"end":{"line":79,"column":null}},{"start":{},"end":{}}]},"6":{"loc":{"start":{"line":77,"column":10},"end":{"line":77,"column":69}},"type":"binary-expr","locations":[{"start":{"line":77,"column":10},"end":{"line":77,"column":36}},{"start":{"line":77,"column":36},"end":{"line":77,"column":69}}]},"7":{"loc":{"start":{"line":81,"column":6},"end":{"line":83,"column":null}},"type":"if","locations":[{"start":{"line":81,"column":6},"end":{"line":83,"column":null}},{"start":{},"end":{}}]},"8":{"loc":{"start":{"line":81,"column":10},"end":{"line":81,"column":55}},"type":"binary-expr","locations":[{"start":{"line":81,"column":10},"end":{"line":81,"column":34}},{"start":{"line":81,"column":34},"end":{"line":81,"column":55}}]},"9":{"loc":{"start":{"line":85,"column":6},"end":{"line":87,"column":null}},"type":"if","locations":[{"start":{"line":85,"column":6},"end":{"line":87,"column":null}},{"start":{},"end":{}}]},"10":{"loc":{"start":{"line":85,"column":10},"end":{"line":85,"column":65}},"type":"binary-expr","locations":[{"start":{"line":85,"column":10},"end":{"line":85,"column":41}},{"start":{"line":85,"column":41},"end":{"line":85,"column":65}}]},"11":{"loc":{"start":{"line":89,"column":6},"end":{"line":91,"column":null}},"type":"if","locations":[{"start":{"line":89,"column":6},"end":{"line":91,"column":null}},{"start":{},"end":{}}]},"12":{"loc":{"start":{"line":89,"column":10},"end":{"line":89,"column":58}},"type":"binary-expr","locations":[{"start":{"line":89,"column":10},"end":{"line":89,"column":37}},{"start":{"line":89,"column":37},"end":{"line":89,"column":58}}]},"13":{"loc":{"start":{"line":92,"column":6},"end":{"line":94,"column":null}},"type":"if","locations":[{"start":{"line":92,"column":6},"end":{"line":94,"column":null}},{"start":{},"end":{}}]},"14":{"loc":{"start":{"line":97,"column":4},"end":{"line":99,"column":null}},"type":"if","locations":[{"start":{"line":97,"column":4},"end":{"line":99,"column":null}},{"start":{},"end":{}}]},"15":{"loc":{"start":{"line":97,"column":8},"end":{"line":97,"column":64}},"type":"binary-expr","locations":[{"start":{"line":97,"column":8},"end":{"line":97,"column":35}},{"start":{"line":97,"column":35},"end":{"line":97,"column":64}}]},"16":{"loc":{"start":{"line":108,"column":4},"end":{"line":122,"column":null}},"type":"if","locations":[{"start":{"line":108,"column":4},"end":{"line":122,"column":null}},{"start":{},"end":{}}]},"17":{"loc":{"start":{"line":109,"column":6},"end":{"line":110,"column":null}},"type":"if","locations":[{"start":{"line":109,"column":6},"end":{"line":110,"column":null}},{"start":{},"end":{}}]},"18":{"loc":{"start":{"line":111,"column":6},"end":{"line":112,"column":null}},"type":"if","locations":[{"start":{"line":111,"column":6},"end":{"line":112,"column":null}},{"start":{},"end":{}}]},"19":{"loc":{"start":{"line":113,"column":6},"end":{"line":114,"column":null}},"type":"if","locations":[{"start":{"line":113,"column":6},"end":{"line":114,"column":null}},{"start":{},"end":{}}]},"20":{"loc":{"start":{"line":115,"column":6},"end":{"line":116,"column":null}},"type":"if","locations":[{"start":{"line":115,"column":6},"end":{"line":116,"column":null}},{"start":{},"end":{}}]},"21":{"loc":{"start":{"line":117,"column":6},"end":{"line":118,"column":null}},"type":"if","locations":[{"start":{"line":117,"column":6},"end":{"line":118,"column":null}},{"start":{},"end":{}}]},"22":{"loc":{"start":{"line":119,"column":6},"end":{"line":119,"column":null}},"type":"if","locations":[{"start":{"line":119,"column":6},"end":{"line":119,"column":null}},{"start":{},"end":{}}]},"23":{"loc":{"start":{"line":120,"column":6},"end":{"line":120,"column":null}},"type":"if","locations":[{"start":{"line":120,"column":6},"end":{"line":120,"column":null}},{"start":{},"end":{}}]},"24":{"loc":{"start":{"line":121,"column":6},"end":{"line":121,"column":null}},"type":"if","locations":[{"start":{"line":121,"column":6},"end":{"line":121,"column":null}},{"start":{},"end":{}}]},"25":{"loc":{"start":{"line":125,"column":4},"end":{"line":127,"column":null}},"type":"if","locations":[{"start":{"line":125,"column":4},"end":{"line":127,"column":null}},{"start":{},"end":{}}]},"26":{"loc":{"start":{"line":125,"column":8},"end":{"line":125,"column":67}},"type":"binary-expr","locations":[{"start":{"line":125,"column":8},"end":{"line":125,"column":35}},{"start":{"line":125,"column":35},"end":{"line":125,"column":67}}]},"27":{"loc":{"start":{"line":144,"column":4},"end":{"line":146,"column":null}},"type":"if","locations":[{"start":{"line":144,"column":4},"end":{"line":146,"column":null}},{"start":{},"end":{}}]},"28":{"loc":{"start":{"line":144,"column":8},"end":{"line":144,"column":51}},"type":"binary-expr","locations":[{"start":{"line":144,"column":8},"end":{"line":144,"column":35}},{"start":{"line":144,"column":35},"end":{"line":144,"column":51}}]},"29":{"loc":{"start":{"line":149,"column":4},"end":{"line":154,"column":null}},"type":"if","locations":[{"start":{"line":149,"column":4},"end":{"line":154,"column":null}},{"start":{},"end":{}}]},"30":{"loc":{"start":{"line":149,"column":8},"end":{"line":149,"column":52}},"type":"binary-expr","locations":[{"start":{"line":149,"column":8},"end":{"line":149,"column":36}},{"start":{"line":149,"column":36},"end":{"line":149,"column":52}}]},"31":{"loc":{"start":{"line":157,"column":4},"end":{"line":159,"column":null}},"type":"if","locations":[{"start":{"line":157,"column":4},"end":{"line":159,"column":null}},{"start":{},"end":{}}]},"32":{"loc":{"start":{"line":157,"column":8},"end":{"line":157,"column":51}},"type":"binary-expr","locations":[{"start":{"line":157,"column":8},"end":{"line":157,"column":35}},{"start":{"line":157,"column":35},"end":{"line":157,"column":51}}]},"33":{"loc":{"start":{"line":162,"column":4},"end":{"line":165,"column":null}},"type":"if","locations":[{"start":{"line":162,"column":4},"end":{"line":165,"column":null}},{"start":{},"end":{}}]},"34":{"loc":{"start":{"line":162,"column":8},"end":{"line":162,"column":55}},"type":"binary-expr","locations":[{"start":{"line":162,"column":8},"end":{"line":162,"column":39}},{"start":{"line":162,"column":39},"end":{"line":162,"column":55}}]},"35":{"loc":{"start":{"line":166,"column":4},"end":{"line":169,"column":null}},"type":"if","locations":[{"start":{"line":166,"column":4},"end":{"line":169,"column":null}},{"start":{},"end":{}}]},"36":{"loc":{"start":{"line":166,"column":8},"end":{"line":166,"column":56}},"type":"binary-expr","locations":[{"start":{"line":166,"column":8},"end":{"line":166,"column":39}},{"start":{"line":166,"column":39},"end":{"line":166,"column":56}}]},"37":{"loc":{"start":{"line":180,"column":4},"end":{"line":180,"column":null}},"type":"if","locations":[{"start":{"line":180,"column":4},"end":{"line":180,"column":null}},{"start":{},"end":{}}]},"38":{"loc":{"start":{"line":180,"column":8},"end":{"line":180,"column":44}},"type":"binary-expr","locations":[{"start":{"line":180,"column":8},"end":{"line":180,"column":21}},{"start":{"line":180,"column":21},"end":{"line":180,"column":44}}]},"39":{"loc":{"start":{"line":181,"column":4},"end":{"line":181,"column":null}},"type":"if","locations":[{"start":{"line":181,"column":4},"end":{"line":181,"column":null}},{"start":{},"end":{}}]},"40":{"loc":{"start":{"line":182,"column":4},"end":{"line":182,"column":null}},"type":"if","locations":[{"start":{"line":182,"column":4},"end":{"line":182,"column":null}},{"start":{},"end":{}}]},"41":{"loc":{"start":{"line":209,"column":4},"end":{"line":209,"column":30}},"type":"default-arg","locations":[{"start":{"line":209,"column":18},"end":{"line":209,"column":30}}]},"42":{"loc":{"start":{"line":210,"column":4},"end":{"line":210,"column":22}},"type":"default-arg","locations":[{"start":{"line":210,"column":18},"end":{"line":210,"column":22}}]},"43":{"loc":{"start":{"line":213,"column":4},"end":{"line":215,"column":null}},"type":"if","locations":[{"start":{"line":213,"column":4},"end":{"line":215,"column":null}},{"start":{},"end":{}}]},"44":{"loc":{"start":{"line":218,"column":4},"end":{"line":220,"column":null}},"type":"if","locations":[{"start":{"line":218,"column":4},"end":{"line":220,"column":null}},{"start":{},"end":{}}]},"45":{"loc":{"start":{"line":218,"column":8},"end":{"line":218,"column":61}},"type":"binary-expr","locations":[{"start":{"line":218,"column":8},"end":{"line":218,"column":23}},{"start":{"line":218,"column":23},"end":{"line":218,"column":43}},{"start":{"line":218,"column":47},"end":{"line":218,"column":61}}]},"46":{"loc":{"start":{"line":262,"column":66},"end":{"line":262,"column":119}},"type":"cond-expr","locations":[{"start":{"line":262,"column":84},"end":{"line":262,"column":116}},{"start":{"line":262,"column":116},"end":{"line":262,"column":119}}]},"47":{"loc":{"start":{"line":263,"column":51},"end":{"line":263,"column":86}},"type":"binary-expr","locations":[{"start":{"line":263,"column":51},"end":{"line":263,"column":86}}]},"48":{"loc":{"start":{"line":274,"column":127},"end":{"line":274,"column":217}},"type":"cond-expr","locations":[{"start":{"line":274,"column":145},"end":{"line":274,"column":214}},{"start":{"line":274,"column":214},"end":{"line":274,"column":217}}]},"49":{"loc":{"start":{"line":282,"column":64},"end":{"line":282,"column":121}},"type":"cond-expr","locations":[{"start":{"line":282,"column":86},"end":{"line":282,"column":118}},{"start":{"line":282,"column":118},"end":{"line":282,"column":121}}]},"50":{"loc":{"start":{"line":283,"column":21},"end":{"line":283,"column":43}},"type":"binary-expr","locations":[{"start":{"line":283,"column":21},"end":{"line":283,"column":43}},{"start":{"line":283,"column":43},"end":{"line":283,"column":67}}]},"51":{"loc":{"start":{"line":294,"column":104},"end":{"line":294,"column":185}},"type":"cond-expr","locations":[{"start":{"line":294,"column":126},"end":{"line":294,"column":182}},{"start":{"line":294,"column":182},"end":{"line":294,"column":185}}]},"52":{"loc":{"start":{"line":305,"column":130},"end":{"line":305,"column":187}},"type":"cond-expr","locations":[{"start":{"line":305,"column":152},"end":{"line":305,"column":184}},{"start":{"line":305,"column":184},"end":{"line":305,"column":187}}]},"53":{"loc":{"start":{"line":364,"column":68},"end":{"line":364,"column":129}},"type":"cond-expr","locations":[{"start":{"line":364,"column":94},"end":{"line":364,"column":126}},{"start":{"line":364,"column":126},"end":{"line":364,"column":129}}]},"54":{"loc":{"start":{"line":365,"column":62},"end":{"line":365,"column":90}},"type":"binary-expr","locations":[{"start":{"line":365,"column":62},"end":{"line":365,"column":90}}]},"55":{"loc":{"start":{"line":375,"column":117},"end":{"line":375,"column":163}},"type":"cond-expr","locations":[{"start":{"line":375,"column":143},"end":{"line":375,"column":160}},{"start":{"line":375,"column":160},"end":{"line":375,"column":163}}]},"56":{"loc":{"start":{"line":397,"column":104},"end":{"line":397,"column":161}},"type":"cond-expr","locations":[{"start":{"line":397,"column":126},"end":{"line":397,"column":158}},{"start":{"line":397,"column":158},"end":{"line":397,"column":161}}]},"57":{"loc":{"start":{"line":398,"column":11},"end":{"line":398,"column":121}},"type":"cond-expr","locations":[{"start":{"line":398,"column":45},"end":{"line":398,"column":89}},{"start":{"line":398,"column":89},"end":{"line":398,"column":121}}]},"58":{"loc":{"start":{"line":398,"column":123},"end":{"line":398,"column":147}},"type":"binary-expr","locations":[{"start":{"line":398,"column":123},"end":{"line":398,"column":147}}]},"59":{"loc":{"start":{"line":408,"column":119},"end":{"line":408,"column":161}},"type":"cond-expr","locations":[{"start":{"line":408,"column":141},"end":{"line":408,"column":158}},{"start":{"line":408,"column":158},"end":{"line":408,"column":161}}]},"60":{"loc":{"start":{"line":426,"column":69},"end":{"line":426,"column":131}},"type":"cond-expr","locations":[{"start":{"line":426,"column":96},"end":{"line":426,"column":128}},{"start":{"line":426,"column":128},"end":{"line":426,"column":131}}]},"61":{"loc":{"start":{"line":438,"column":159},"end":{"line":438,"column":258}},"type":"cond-expr","locations":[{"start":{"line":438,"column":186},"end":{"line":438,"column":255}},{"start":{"line":438,"column":255},"end":{"line":438,"column":258}}]},"62":{"loc":{"start":{"line":445,"column":69},"end":{"line":445,"column":131}},"type":"cond-expr","locations":[{"start":{"line":445,"column":96},"end":{"line":445,"column":128}},{"start":{"line":445,"column":128},"end":{"line":445,"column":131}}]},"63":{"loc":{"start":{"line":446,"column":37},"end":{"line":446,"column":64}},"type":"binary-expr","locations":[{"start":{"line":446,"column":37},"end":{"line":446,"column":64}},{"start":{"line":446,"column":64},"end":{"line":446,"column":93}}]},"64":{"loc":{"start":{"line":456,"column":35},"end":{"line":456,"column":null}},"type":"binary-expr","locations":[{"start":{"line":456,"column":35},"end":{"line":456,"column":56}},{"start":{"line":456,"column":56},"end":{"line":456,"column":null}}]},"65":{"loc":{"start":{"line":458,"column":46},"end":{"line":458,"column":145}},"type":"cond-expr","locations":[{"start":{"line":458,"column":73},"end":{"line":458,"column":142}},{"start":{"line":458,"column":142},"end":{"line":458,"column":145}}]},"66":{"loc":{"start":{"line":460,"column":26},"end":{"line":460,"column":null}},"type":"binary-expr","locations":[{"start":{"line":460,"column":26},"end":{"line":460,"column":59}},{"start":{"line":460,"column":59},"end":{"line":460,"column":null}}]},"67":{"loc":{"start":{"line":468,"column":141},"end":{"line":468,"column":188}},"type":"cond-expr","locations":[{"start":{"line":468,"column":168},"end":{"line":468,"column":185}},{"start":{"line":468,"column":185},"end":{"line":468,"column":188}}]},"68":{"loc":{"start":{"line":469,"column":28},"end":{"line":469,"column":null}},"type":"binary-expr","locations":[{"start":{"line":469,"column":28},"end":{"line":469,"column":61}},{"start":{"line":469,"column":61},"end":{"line":469,"column":null}}]},"69":{"loc":{"start":{"line":494,"column":24},"end":{"line":494,"column":null}},"type":"binary-expr","locations":[{"start":{"line":494,"column":24},"end":{"line":494,"column":57}},{"start":{"line":494,"column":57},"end":{"line":494,"column":87}},{"start":{"line":494,"column":87},"end":{"line":494,"column":112}},{"start":{"line":494,"column":112},"end":{"line":494,"column":null}}]},"70":{"loc":{"start":{"line":500,"column":134},"end":{"line":500,"column":179}},"type":"cond-expr","locations":[{"start":{"line":500,"column":161},"end":{"line":500,"column":176}},{"start":{"line":500,"column":176},"end":{"line":500,"column":179}}]},"71":{"loc":{"start":{"line":508,"column":19},"end":{"line":508,"column":54}},"type":"binary-expr","locations":[{"start":{"line":508,"column":19},"end":{"line":508,"column":31}},{"start":{"line":508,"column":35},"end":{"line":508,"column":54}}]},"72":{"loc":{"start":{"line":521,"column":11},"end":{"line":521,"column":null}},"type":"binary-expr","locations":[{"start":{"line":521,"column":11},"end":{"line":521,"column":null}}]},"73":{"loc":{"start":{"line":526,"column":11},"end":{"line":526,"column":31}},"type":"binary-expr","locations":[{"start":{"line":526,"column":11},"end":{"line":526,"column":31}}]},"74":{"loc":{"start":{"line":534,"column":11},"end":{"line":534,"column":null}},"type":"binary-expr","locations":[{"start":{"line":534,"column":11},"end":{"line":534,"column":null}}]},"75":{"loc":{"start":{"line":548,"column":72},"end":{"line":548,"column":null}},"type":"cond-expr","locations":[{"start":{"line":548,"column":91},"end":{"line":548,"column":100}},{"start":{"line":548,"column":100},"end":{"line":548,"column":null}}]}},"s":{"0":9,"1":4,"2":4,"3":4,"4":4,"5":20,"6":20,"7":20,"8":20,"9":20,"10":20,"11":20,"12":20,"13":20,"14":20,"15":20,"16":20,"17":20,"18":20,"19":20,"20":20,"21":20,"22":20,"23":20,"24":20,"25":9,"26":9,"27":9,"28":9,"29":0,"30":0,"31":0,"32":9,"
[...]
,"/Users/chrismcgonagle/GOLFAPP/components/MemberSearchAutocomplete.tsx": {"path":"/Users/chrismcgonagle/GOLFAPP/components/MemberSearchAutocomplete.tsx","statementMap":{"0":{"start":{"line":48,"column":24},"end":{"line":48,"column":49}},"1":{"start":{"line":3,"column":17},"end":{"line":3,"column":null}},"2":{"start":{"line":4,"column":44},"end":{"line":4,"column":null}},"3":{"start":{"line":5,"column":26},"end":{"line":5,"column":null}},"4":{"start":{"line":19,"column":27},"end":{"line":19,"column":null}},"5":{"start":{"line":20,"column":26},"end":{"line":20,"column":null}},"6":{"start":{"line":21,"column":27},"end":{"line":21,"column":null}},"7":{"start":{"line":24,"column":17},"end":{"line":24,"column":null}},"8":{"start":{"line":26,"column":2},"end":{"line":28,"column":null}},"9":{"start":{"line":27,"column":4},"end":{"line":27,"column":null}},"10":{"start":{"line":30,"column":2},"end":{"line":30,"column":null}},"11":{"start":{"line":38,"column":17},"end":{"line":43,"column":null}},"12":{"start":{"line":45,"column":2},"end":{"line":45,"column":null}},"13":{"start":{"line":54,"column":17},"end":{"line":54,"column":null}},"14":{"start":{"line":55,"column":28},"end":{"line":55,"column":null}},"15":{"start":{"line":56,"column":32},"end":{"line":56,"column":null}},"16":{"start":{"line":57,"column":36},"end":{"line":57,"column":null}},"17":{"start":{"line":58,"column":40},"end":{"line":58,"column":null}},"18":{"start":{"line":59,"column":30},"end":{"line":59,"column":null}},"19":{"start":{"line":61,"column":2},"end":{"line":67,"column":null}},"20":{"start":{"line":62,"column":4},"end":{"line":64,"column":null}},"21":{"start":{"line":63,"column":6},"end":{"line":63,"column":null}},"22":{"start":{"line":66,"column":4},"end":{"line":66,"column":null}},"23":{"start":{"line":69,"column":2},"end":{"line":110,"column":null}},"24":{"start":{"line":70,"column":25},"end":{"line":70,"column":null}},"25":{"start":{"line":72,"column":4},"end":{"line":75,"column":null}},"26":{"start":{"line":73,"column":6},"end":{"line":73,"column":null}},"27":{"start":{"line":74,"column":6},"end":{"line":74,"column":null}},"28":{"start":{"line":77,"column":4},"end":{"line":82,"column":null}},"29":{"start":{"line":78,"column":6},"end":{"line":78,"column":null}},"30":{"start":{"line":79,"column":6},"end":{"line":79,"column":null}},"31":{"start":{"line":80,"column":6},"end":{"line":80,"column":null}},"32":{"start":{"line":81,"column":6},"end":{"line":81,"column":null}},"33":{"start":{"line":84,"column":4},"end":{"line":84,"column":null}},"34":{"start":{"line":85,"column":4},"end":{"line":85,"column":null}},"35":{"start":{"line":87,"column":22},"end":{"line":105,"column":null}},"36":{"start":{"line":88,"column":6},"end":{"line":104,"column":null}},"37":{"start":{"line":89,"column":25},"end":{"line":91,"column":null}},"38":{"start":{"line":94,"column":8},"end":{"line":96,"column":null}},"39":{"start":{"line":95,"column":10},"end":{"line":95,"column":null}},"40":{"start":{"line":98,"column":25},"end":{"line":98,"column":null}},"41":{"start":{"line":99,"column":8},"end":{"line":99,"column":null}},"42":{"start":{"line":101,"column":8},"end":{"line":101,"column":null}},"43":{"start":{"line":103,"column":8},"end":{"line":103,"column":null}},"44":{"start":{"line":107,"column":4},"end":{"line":109,"column":null}},"45":{"start":{"line":108,"column":6},"end":{"line":108,"column":null}},"46":{"start":{"line":112,"column":23},"end":{"line":112,"column":null}},"47":{"start":{"line":113,"column":23},"end":{"line":113,"column":null}},"48":{"start":{"line":114,"column":24},"end":{"line":114,"column":null}},"49":{"start":{"line":128,"column":12},"end":{"line":128,"column":null}},"50":{"start":{"line":144,"column":18},"end":{"line":144,"column":null}}},"fnMap":{"0":{"name":"buildMemberSearchUrl","decl":{"start":{"line":23,"column":9},"end":{"line":23,"column":30}},"loc":{"start":{"line":23,"column":95},"end":{"line":31,"column":null}}},"1":{"name":"buildMemberTypeUrl","decl":{"start":{"line":33,"column":9},"end":{"line":33,"column":null}},"loc":{"start":{"line":36,"column":26},"end":{"line":46,"column":null}}},"2":{"name":"MemberSearchAutocomplete","decl":{"start":{"line":48,"column":24},"end":{"line":48,"column":49}},"loc":{"start":{"line":53,"column":32},"end":{"line":176,"column":null}}},"3":{"name":"(anonymous_5)","decl":{"start":{"line":61,"column":12},"end":{"line":61,"column":null}},"loc":{"start":{"line":61,"column":12},"end":{"line":67,"column":5}}},"4":{"name":"(anonymous_6)","decl":{"start":{"line":69,"column":12},"end":{"line":69,"column":null}},"loc":{"start":{"line":69,"column":12},"end":{"line":110,"column":5}}},"5":{"name":"(anonymous_7)","decl":{"start":{"line":87,"column":40},"end":{"line":87,"column":null}},"loc":{"start":{"line":87,"column":40},"end":{"line":105,"column":7}}},"6":{"name":"(anonymous_8)","decl":{"start":{"line":107,"column":11},"end":{"line":107,"column":null}},"loc":{"start":{"line":107,"column":11},"end":{"line":109,"column":null}}},"7":{"name":"(anonymous_9)","decl":{"start":{"line":127,"column":20},"end":{"line":127,"column":21}},"loc":{"start":{"line":127,"column":21},"end":{"line":129,"column":null}}},"8":{"name":"(anonymous_10)","decl":{"start":{"line":143,"column":29},"end":{"line":143,"column":30}},"loc":{"start":{"line":144,"column":18},"end":{"line":144,"column":null}}}},"branchMap":{"0":{"loc":{"start":{"line":26,"column":2},"end":{"line":28,"column":null}},"type":"if","locations":[{"start":{"line":26,"column":2},"end":{"line":28,"column":null}},{"start":{},"end":{}}]},"1":{"loc":{"start":{"line":42,"column":16},"end":{"line":42,"column":null}},"type":"binary-expr","locations":[{"start":{"line":42,"column":16},"end":{"line":42,"column":38}},{"start":{"line":42,"column":42},"end":{"line":42,"column":null}}]},"2":{"loc":{"start":{"line":62,"column":4},"end":{"line":64,"column":null}},"type":"if","locations":[{"start":{"line":62,"column":4},"end":{"line":64,"column":null}},{"start":{},"end":{}}]},"3":{"loc":{"start":{"line":72,"column":4},"end":{"line":75,"column":null}},"type":"if","locations":[{"start":{"line":72,"column":4},"end":{"line":75,"column":null}},{"start":{},"end":{}}]},"4":{"loc":{"start":{"line":77,"column":4},"end":{"line":82,"column":null}},"type":"if","locations":[{"start":{"line":77,"column":4},"end":{"line":82,"column":null}},{"start":{},"end":{}}]},"5":{"loc":{"start":{"line":94,"column":8},"end":{"line":96,"column":null}},"type":"if","locations":[{"start":{"line":94,"column":8},"end":{"line":96,"column":null}},{"start":{},"end":{}}]},"6":{"loc":{"start":{"line":99,"column":19},"end":{"line":99,"column":40}},"type":"binary-expr","locations":[{"start":{"line":99,"column":19},"end":{"line":99,"column":34}},{"start":{"line":99,"column":38},"end":{"line":99,"column":40}}]},"7":{"loc":{"start":{"line":114,"column":24},"end":{"line":114,"column":null}},"type":"binary-expr","locations":[{"start":{"line":114,"column":24},"end":{"line":114,"column":39}},{"start":{"line":114,"column":39},"end":{"line":114,"column":53}},{"start":{"line":114,"column":53},"end":{"line":114,"column":null}}]},"8":{"loc":{"start":{"line":135,"column":9},"end":{"line":135,"column":null}},"type":"binary-expr","locations":[{"start":{"line":135,"column":9},"end":{"line":135,"column":null}}]},"9":{"loc":{"start":{"line":137,"column":13},"end":{"line":137,"column":null}},"type":"binary-expr","locations":[{"start":{"line":137,"column":13},"end":{"line":137,"column":null}}]},"10":{"loc":{"start":{"line":141,"column":13},"end":{"line":141,"column":27}},"type":"binary-expr","locations":[{"start":{"line":141,"column":13},"end":{"line":141,"column":27}},{"start":{"line":141,"column":27},"end":{"line":141,"column":null}}]},"11":{"loc":{"start":{"line":166,"column":13},"end":{"line":166,"column":null}},"type":"binary-expr","locations":[{"start":{"line":166,"column":13},"end":{"line":166,"column":null}}]}},"s":{"0":6,"1":1,"2":1,"3":1,"4":1,"5":1,"6":1,"7":5,"8":5,"9":4,"10":5,"11":3,"12":3,"13":19,"14":19,"15":19,"16":19,"17":19,"18":19,"19":19,"20":11,"21":6,"22":5,"23":19,"24":11,"25":11,"26":6,"27":6,"28":5,"29":2,"30":2,"31":2,"32":2,"33":3,"34":3,"35":3,"36":3,"37":3,"38":3,"39":0,"40":3,"41":3,"42":0,"43":3,"44":3,"45":3,"46":19,"47":19,"48":19,"49":5,"50":3},"f":{"0":5,"1":3,"2":19,"3":11,"4":11,"5":3,"6":3,"7":5,"8":3},"b":{"0":[4,1],"1":[3,0],"2":[6,5],"3":[6,5],"4":[2,3],"5":[0,3],"6":[3,0],"7":[19,9,6],"8":[19],"9":[11],"10":[11,8],"11":[11]}}
,"/Users/chrismcgonagle/GOLFAPP/components/MembershipTypeSelector.tsx": {"path":"/Users/chrismcgonagle/GOLFAPP/components/MembershipTypeSelector.tsx","statementMap":{"0":{"start":{"line":14,"column":24},"end":{"line":14,"column":47}},"1":{"start":{"line":3,"column":25},"end":{"line":3,"column":null}},"2":{"start":{"line":4,"column":26},"end":{"line":4,"column":null}},"3":{"start":{"line":21,"column":34},"end":{"line":21,"column":null}},"4":{"start":{"line":22,"column":17},"end":{"line":22,"column":null}},"5":{"start":{"line":25,"column":4},"end":{"line":25,"column":null}},"6":{"start":{"line":25,"column":19},"end":{"line":25,"column":null}},"7":{"start":{"line":27,"column":19},"end":{"line":30,"column":null}},"8":{"start":{"line":32,"column":4},"end":{"line":34,"column":null}},"9":{"start":{"line":33,"column":6},"end":{"line":33,"column":null}},"10":{"start":{"line":36,"column":4},"end":{"line":36,"column":null}},"11":{"start":{"line":43,"column":29},"end":{"line":43,"column":null}},"12":{"start":{"line":44,"column":10},"end":{"line":45,"column":null}},"13":{"start":{"line":48,"column":31},"end":{"line":48,"column":null}}},"fnMap":{"0":{"name":"MembershipTypeSelector","decl":{"start":{"line":14,"column":24},"end":{"line":14,"column":47}},"loc":{"start":{"line":20,"column":30},"end":{"line":72,"column":null}}},"1":{"name":"handleContinue","decl":{"start":{"line":24,"column":11},"end":{"line":24,"column":null}},"loc":{"start":{"line":24,"column":11},"end":{"line":37,"column":null}}},"2":{"name":"(anonymous_3)","decl":{"start":{"line":42,"column":19},"end":{"line":42,"column":20}},"loc":{"start":{"line":42,"column":20},"end":{"line":59,"column":null}}},"3":{"name":"(anonymous_4)","decl":{"start":{"line":48,"column":25},"end":{"line":48,"column":31}},"loc":{"start":{"line":48,"column":31},"end":{"line":48,"column":null}}}},"branchMap":{"0":{"loc":{"start":{"line":25,"column":4},"end":{"line":25,"column":null}},"type":"if","locations":[{"start":{"line":25,"column":4},"end":{"line":25,"column":null}},{"start":{},"end":{}}]},"1":{"loc":{"start":{"line":32,"column":4},"end":{"line":34,"column":null}},"type":"if","locations":[{"start":{"line":32,"column":4},"end":{"line":34,"column":null}},{"start":{},"end":{}}]},"2":{"loc":{"start":{"line":50,"column":18},"end":{"line":52,"column":null}},"type":"cond-expr","locations":[{"start":{"line":51,"column":22},"end":{"line":51,"column":null}},{"start":{"line":52,"column":22},"end":{"line":52,"column":null}}]}},"s":{"0":9,"1":1,"2":1,"3":14,"4":14,"5":4,"6":0,"7":4,"8":4,"9":1,"10":4,"11":140,"12":140,"13":5},"f":{"0":14,"1":4,"2":140,"3":5},"b":{"0":[0,4],"1":[1,3],"2":[6,134]}}
,"/Users/chrismcgonagle/GOLFAPP/components/SignOffButton.tsx": {"path":"/Users/chrismcgonagle/GOLFAPP/components/SignOffButton.tsx","statementMap":{"0":{"start":{"line":10,"column":24},"end":{"line":10,"column":38}},"1":{"start":{"line":3,"column":26},"end":{"line":3,"column":null}},"2":{"start":{"line":4,"column":32},"end":{"line":4,"column":null}},"3":{"start":{"line":11,"column":17},"end":{"line":11,"column":null}},"4":{"start":{"line":14,"column":4},"end":{"line":14,"column":null}},"5":{"start":{"line":15,"column":4},"end":{"line":15,"column":null}}},"fnMap":{"0":{"name":"SignOffButton","decl":{"start":{"line":10,"column":24},"end":{"line":10,"column":38}},"loc":{"start":{"line":10,"column":71},"end":{"line":23,"column":null}}},"1":{"name":"handleSignOff","decl":{"start":{"line":13,"column":17},"end":{"line":13,"column":null}},"loc":{"start":{"line":13,"column":17},"end":{"line":16,"column":null}}}},"branchMap":{},"s":{"0":3,"1":1,"2":1,"3":3,"4":1,"5":1},"f":{"0":3,"1":1},"b":{}}
,"/Users/chrismcgonagle/GOLFAPP/components/contexts/FormContext.tsx": {"path":"/Users/chrismcgonagle/GOLFAPP/components/contexts/FormContext.tsx","statementMap":{"0":{"start":{"line":129,"column":16},"end":{"line":129,"column":28}},"1":{"start":{"line":181,"column":16},"end":{"line":181,"column":30}},"2":{"start":{"line":3,"column":70},"end":{"line":3,"column":null}},"3":{"start":{"line":73,"column":20},"end":{"line":73,"column":null}},"4":{"start":{"line":75,"column":32},"end":{"line":89,"column":null}},"5":{"start":{"line":91,"column":32},"end":{"line":102,"column":null}},"6":{"start":{"line":104,"column":32},"end":{"line":112,"column":null}},"7":{"start":{"line":114,"column":32},"end":{"line":118,"column":null}},"8":{"start":{"line":137,"column":33},"end":{"line":137,"column":null}},"9":{"start":{"line":138,"column":33},"end":{"line":138,"column":null}},"10":{"start":{"line":139,"column":33},"end":{"line":139,"column":null}},"11":{"start":{"line":140,"column":33},"end":{"line":140,"column":null}},"12":{"start":{"line":142,"column":19},"end":{"line":144,"column":null}},"13":{"start":{"line":143,"column":4},"end":{"line":143,"column":null}},"14":{"start":{"line":143,"column":29},"end":{"line":143,"column":null}},"15":{"start":{"line":146,"column":19},"end":{"line":148,"column":null}},"16":{"start":{"line":147,"column":4},"end":{"line":147,"column":null}},"17":{"start":{"line":147,"column":29},"end":{"line":147,"column":null}},"18":{"start":{"line":150,"column":19},"end":{"line":152,"column":null}},"19":{"start":{"line":151,"column":4},"end":{"line":151,"column":null}},"20":{"start":{"line":151,"column":29},"end":{"line":151,"column":null}},"21":{"start":{"line":154,"column":19},"end":{"line":156,"column":null}},"22":{"start":{"line":155,"column":4},"end":{"line":155,"column":null}},"23":{"start":{"line":155,"column":29},"end":{"line":155,"column":null}},"24":{"start":{"line":158,"column":28},"end":{"line":164,"column":null}},"25":{"start":{"line":166,"column":33},"end":{"line":176,"column":null}},"26":{"start":{"line":182,"column":18},"end":{"line":182,"column":null}},"27":{"start":{"line":183,"column":2},"end":{"line":185,"column":null}},"28":{"start":{"line":184,"column":4},"end":{"line":184,"column":null}},"29":{"start":{"line":186,"column":2},"end":{"line":186,"column":null}}},"fnMap":{"0":{"name":"FormProvider","decl":{"start":{"line":129,"column":16},"end":{"line":129,"column":28}},"loc":{"start":{"line":136,"column":20},"end":{"line":179,"column":null}}},"1":{"name":"(anonymous_7)","decl":{"start":{"line":142,"column":19},"end":{"line":142,"column":20}},"loc":{"start":{"line":142,"column":20},"end":{"line":144,"column":null}}},"2":{"name":"(anonymous_8)","decl":{"start":{"line":143,"column":18},"end":{"line":143,"column":19}},"loc":{"start":{"line":143,"column":29},"end":{"line":143,"column":null}}},"3":{"name":"(anonymous_9)","decl":{"start":{"line":146,"column":19},"end":{"line":146,"column":20}},"loc":{"start":{"line":146,"column":20},"end":{"line":148,"column":null}}},"4":{"name":"(anonymous_10)","decl":{"start":{"line":147,"column":18},"end":{"line":147,"column":19}},"loc":{"start":{"line":147,"column":29},"end":{"line":147,"column":null}}},"5":{"name":"(anonymous_11)","decl":{"start":{"line":150,"column":19},"end":{"line":150,"column":20}},"loc":{"start":{"line":150,"column":20},"end":{"line":152,"column":null}}},"6":{"name":"(anonymous_12)","decl":{"start":{"line":151,"column":18},"end":{"line":151,"column":19}},"loc":{"start":{"line":151,"column":29},"end":{"line":151,"column":null}}},"7":{"name":"(anonymous_13)","decl":{"start":{"line":154,"column":19},"end":{"line":154,"column":20}},"loc":{"start":{"line":154,"column":20},"end":{"line":156,"column":null}}},"8":{"name":"(anonymous_14)","decl":{"start":{"line":155,"column":18},"end":{"line":155,"column":19}},"loc":{"start":{"line":155,"column":29},"end":{"line":155,"column":null}}},"9":{"name":"useFormContext","decl":{"start":{"line":181,"column":16},"end":{"line":181,"column":30}},"loc":{"start":{"line":181,"column":16},"end":{"line":187,"column":null}}}},"branchMap":{"0":{"loc":{"start":{"line":183,"column":2},"end":{"line":185,"column":null}},"type":"if","locations":[{"start":{"line":183,"column":2},"end":{"line":185,"column":null}},{"start":{},"end":{}}]}},"s":{"0":48,"1":177,"2":4,"3":4,"4":4,"5":4,"6":4,"7":4,"8":67,"9":67,"10":67,"11":67,"12":67,"13":1,"14":1,"15":67,"16":1,"17":1,"18":67,"19":1,"20":1,"21":67,"22":16,"23":16,"24":67,"25":67,"26":177,"27":177,"28":0,"29":177},"f":{"0":67,"1":1,"2":1,"3":1,"4":1,"5":1,"6":1,"7":16,"8":16,"9":177},"b":{"0":[0,177]}}
,"/Users/chrismcgonagle/GOLFAPP/lib/actions/searchMembers.ts": {"path":"/Users/chrismcgonagle/GOLFAPP/lib/actions/searchMembers.ts","statementMap":{"0":{"start":{"line":4,"column":22},"end":{"line":4,"column":36}},"1":{"start":{"line":1,"column":40},"end":{"line":1,"column":null}},"2":{"start":{"line":5,"column":2},"end":{"line":7,"column":null}},"3":{"start":{"line":6,"column":4},"end":{"line":6,"column":null}},"4":{"start":{"line":9,"column":12},"end":{"line":9,"column":null}},"5":{"start":{"line":11,"column":2},"end":{"line":31,"column":null}},"6":{"start":{"line":12,"column":21},"end":{"line":12,"column":null}},"7":{"start":{"line":13,"column":23},"end":{"line":13,"column":75}},"8":{"start":{"line":14,"column":19},"end":{"line":14,"column":null}},"9":{"start":{"line":16,"column":28},"end":{"line":20,"column":null}},"10":{"start":{"line":22,"column":4},"end":{"line":25,"column":null}},"11":{"start":{"line":23,"column":6},"end":{"line":23,"column":null}},"12":{"start":{"line":24,"column":6},"end":{"line":24,"column":null}},"13":{"start":{"line":27,"column":4},"end":{"line":27,"column":null}},"14":{"start":{"line":29,"column":4},"end":{"line":29,"column":null}},"15":{"start":{"line":30,"column":4},"end":{"line":30,"column":null}}},"fnMap":{"0":{"name":"searchMembers","decl":{"start":{"line":4,"column":22},"end":{"line":4,"column":36}},"loc":{"start":{"line":4,"column":49},"end":{"line":32,"column":null}}}},"branchMap":{"0":{"loc":{"start":{"line":5,"column":2},"end":{"line":7,"column":null}},"type":"if","locations":[{"start":{"line":5,"column":2},"end":{"line":7,"column":null}},{"start":{},"end":{}}]},"1":{"loc":{"start":{"line":5,"column":6},"end":{"line":5,"column":41}},"type":"binary-expr","locations":[{"start":{"line":5,"column":6},"end":{"line":5,"column":16}},{"start":{"line":5,"column":16},"end":{"line":5,"column":41}}]},"2":{"loc":{"start":{"line":14,"column":19},"end":{"line":14,"column":null}},"type":"cond-expr","locations":[{"start":{"line":14,"column":37},"end":{"line":14,"column":90}},{"start":{"line":14,"column":93},"end":{"line":14,"column":null}}]},"3":{"loc":{"start":{"line":22,"column":4},"end":{"line":25,"column":null}},"type":"if","locations":[{"start":{"line":22,"column":4},"end":{"line":25,"column":null}},{"start":{},"end":{}}]},"4":{"loc":{"start":{"line":27,"column":11},"end":{"line":27,"column":51}},"type":"binary-expr","locations":[{"start":{"line":27,"column":11},"end":{"line":27,"column":49}},{"start":{"line":27,"column":49},"end":{"line":27,"column":51}}]}},"s":{"0":6,"1":1,"2":6,"3":3,"4":3,"5":3,"6":3,"7":2,"8":2,"9":2,"10":2,"11":1,"12":1,"13":1,"14":1,"15":1},"f":{"0":6},"b":{"0":[3,3],"1":[6,5],"2":[0,2],"3":[1,1],"4":[1,0]}}
,"/Users/chrismcgonagle/GOLFAPP/lib/constants/membershipTypes.ts": {"path":"/Users/chrismcgonagle/GOLFAPP/lib/constants/membershipTypes.ts","statementMap":{"0":{"start":{"line":1,"column":13},"end":{"line":1,"column":32}},"1":{"start":{"line":1,"column":32},"end":{"line":12,"column":null}}},"fnMap":{},"branchMap":{},"s":{"0":14,"1":1},"f":{},"b":{}}
}
