TN:
SF:middleware.ts
FN:19,middleware
FNF:1
FNH:1
FNDA:17,middleware
DA:1,1
DA:2,1
DA:4,1
DA:19,17
DA:20,17
DA:21,17
DA:22,17
DA:24,17
DA:25,1
DA:28,16
DA:29,16
DA:30,16
DA:31,0
DA:35,16
DA:37,16
DA:38,3
DA:42,13
DA:47,12
DA:48,0
DA:51,12
DA:53,12
DA:54,2
DA:58,10
DA:65,10
DA:70,10
DA:71,4
DA:74,6
DA:75,6
DA:76,3
DA:79,3
DA:80,3
DA:83,0
DA:86,0
DA:88,1
LF:34
LH:30
BRDA:21,0,0,17
BRDA:21,0,1,14
BRDA:22,1,0,17
BRDA:22,1,1,17
BRDA:24,2,0,1
BRDA:24,2,1,16
BRDA:24,3,0,17
BRDA:24,3,1,4
BRDA:29,4,0,16
BRDA:29,4,1,0
BRDA:30,5,0,0
BRDA:30,5,1,16
BRDA:37,6,0,3
BRDA:37,6,1,13
BRDA:47,7,0,0
BRDA:47,7,1,12
BRDA:53,8,0,2
BRDA:53,8,1,10
BRDA:58,9,0,10
BRDA:58,9,1,8
BRDA:58,9,2,6
BRDA:58,9,3,6
BRDA:58,9,4,4
BRDA:65,10,0,10
BRDA:65,10,1,8
BRDA:65,10,2,8
BRDA:65,10,3,7
BRDA:70,11,0,4
BRDA:70,11,1,6
BRDA:74,12,0,6
BRDA:74,12,1,0
BRDA:75,13,0,3
BRDA:75,13,1,3
BRDA:79,14,0,3
BRDA:79,14,1,0
BRF:35
BRH:30
end_of_record
TN:
SF:app/(authenticated)/dashboard/(with-sidebar)/layout.tsx
FN:3,DashboardLayout
FNF:1
FNH:1
FNDA:14,DashboardLayout
DA:1,1
DA:3,14
LF:2
LH:2
BRF:0
BRH:0
end_of_record
TN:
SF:app/(authenticated)/dashboard/(with-sidebar)/page.tsx
FN:3,DashboardPage
FNF:1
FNH:1
FNDA:13,DashboardPage
DA:1,1
DA:3,13
LF:2
LH:2
BRF:0
BRH:0
end_of_record
TN:
SF:app/(authenticated)/dashboard/(with-sidebar)/members/page.tsx
FN:1,MembersPage
FNF:1
FNH:1
FNDA:6,MembersPage
DA:1,6
LF:1
LH:1
BRF:0
BRH:0
end_of_record
TN:
SF:app/(authenticated)/dashboard/(with-sidebar)/submissions/page.tsx
FN:1,SubmissionsPage
FNF:1
FNH:1
FNDA:6,SubmissionsPage
DA:1,6
LF:1
LH:1
BRF:0
BRH:0
end_of_record
TN:
SF:app/(authenticated)/dashboard/membership-flow/page.tsx
FN:24,ActionIcon
FN:64,MembershipFlowPage
FN:86,(anonymous_4)
FNF:3
FNH:3
FNDA:8,ActionIcon
FNDA:4,MembershipFlowPage
FNDA:8,(anonymous_4)
DA:1,1
DA:11,1
DA:25,8
DA:64,4
DA:67,4
DA:68,4
DA:87,8
LF:7
LH:7
BRDA:25,0,0,4
BRDA:25,0,1,4
BRDA:68,1,0,1
BRDA:68,1,1,3
BRF:4
BRH:4
end_of_record
TN:
SF:app/(authenticated)/dashboard/membership-flow/next/page.tsx
FN:10,MembershipFlowNextPage
FNF:1
FNH:1
FNDA:13,MembershipFlowNextPage
DA:1,2
DA:10,13
DA:13,13
DA:15,13
DA:16,13
DA:18,13
DA:27,6
DA:28,3
DA:31,3
LF:9
LH:9
BRDA:15,0,0,13
BRDA:15,0,1,8
BRDA:16,1,0,13
BRDA:16,1,1,8
BRDA:18,2,0,7
BRDA:18,2,1,6
BRDA:18,3,0,13
BRDA:18,3,1,9
BRDA:27,4,0,3
BRDA:27,4,1,3
BRF:10
BRH:10
end_of_record
TN:
SF:app/(authenticated)/dashboard/membership-registration/page.tsx
FN:3,MembershipRegistrationPage
FNF:1
FNH:1
FNDA:5,MembershipRegistrationPage
DA:1,1
DA:3,5
LF:2
LH:2
BRF:0
BRH:0
end_of_record
TN:
SF:app/(authenticated)/dashboard/membership/email/page.tsx
FN:11,GenerateEmailFormPage
FNF:1
FNH:1
FNDA:7,GenerateEmailFormPage
DA:1,1
DA:11,7
DA:12,7
DA:14,7
DA:16,7
DA:17,7
DA:18,7
LF:7
LH:7
BRDA:14,0,0,6
BRDA:14,0,1,1
BRDA:16,1,0,7
BRDA:16,1,1,0
BRDA:17,2,0,2
BRDA:17,2,1,5
BRDA:18,3,0,6
BRDA:18,3,1,1
BRDA:27,4,0,7
BRDA:27,4,1,0
BRDA:31,5,0,7
BRDA:31,5,1,1
BRDA:33,6,0,7
BRF:13
BRH:11
end_of_record
TN:
SF:app/(authenticated)/dashboard/membership/form/page.tsx
FN:16,MembershipFormPage
FNF:1
FNH:1
FNDA:19,MembershipFormPage
DA:1,3
DA:2,3
DA:3,3
DA:4,3
DA:5,3
DA:16,19
DA:17,19
DA:19,19
DA:20,2
DA:23,17
DA:26,17
DA:27,17
DA:28,17
DA:29,17
DA:30,17
DA:33,17
DA:35,17
DA:36,7
DA:37,7
DA:38,7
DA:57,10
LF:21
LH:21
BRDA:19,0,0,2
BRDA:19,0,1,17
BRDA:27,1,0,17
BRDA:27,1,1,15
BRDA:28,2,0,17
BRDA:28,2,1,15
BRDA:29,3,0,10
BRDA:29,3,1,7
BRDA:30,4,0,17
BRDA:30,4,1,17
BRDA:33,5,0,3
BRDA:33,5,1,14
BRDA:33,6,0,17
BRDA:33,6,1,4
BRDA:35,7,0,7
BRDA:35,7,1,10
BRDA:35,8,0,17
BRDA:35,8,1,15
BRDA:35,8,2,13
BRDA:35,8,3,11
BRDA:36,9,0,7
BRDA:36,9,1,2
BRDA:37,10,0,0
BRDA:37,10,1,7
BRDA:38,11,0,5
BRDA:38,11,1,2
BRF:26
BRH:25
end_of_record
TN:
SF:app/(authenticated)/dashboard/membership/form/components/FormShell.tsx
FN:24,FormShell
FN:40,(anonymous_3)
FN:49,(anonymous_4)
FN:64,(anonymous_5)
FNF:4
FNH:3
FNDA:42,FormShell
FNDA:0,(anonymous_3)
FNDA:1,(anonymous_4)
FNDA:42,(anonymous_5)
DA:3,3
DA:4,3
DA:5,3
DA:6,3
DA:7,3
DA:8,3
DA:9,3
DA:10,3
DA:11,3
DA:13,3
DA:24,29
DA:27,42
DA:28,42
DA:29,42
DA:30,42
DA:31,42
DA:33,42
DA:37,42
DA:38,42
DA:40,42
DA:41,0
DA:42,0
DA:43,0
DA:44,0
DA:45,0
DA:49,42
DA:50,1
DA:51,1
DA:52,1
DA:60,1
DA:61,1
DA:64,42
DA:65,42
DA:91,0
LF:34
LH:28
BRDA:38,0,0,42
BRDA:38,0,1,0
BRDA:41,1,0,0
BRDA:41,1,1,0
BRDA:42,2,0,0
BRDA:42,2,1,0
BRDA:50,3,0,0
BRDA:50,3,1,1
BRDA:65,4,0,0
BRDA:128,5,0,24
BRF:10
BRH:3
end_of_record
TN:
SF:app/(authenticated)/dashboard/membership/form/components/Step1Personal.tsx
FN:25,Step1Personal
FN:34,(anonymous_2)
FN:43,(anonymous_3)
FN:82,(anonymous_4)
FN:87,(anonymous_5)
FN:94,(anonymous_6)
FN:95,(anonymous_7)
FN:103,(anonymous_8)
FN:139,(anonymous_9)
FN:140,(anonymous_10)
FN:157,(anonymous_11)
FN:158,(anonymous_12)
FN:175,(anonymous_13)
FN:176,(anonymous_14)
FN:191,(anonymous_15)
FN:192,(anonymous_16)
FN:231,(anonymous_17)
FN:232,(anonymous_18)
FN:243,(anonymous_19)
FN:244,(anonymous_20)
FN:254,(anonymous_21)
FN:255,(anonymous_22)
FN:272,(anonymous_23)
FN:273,(anonymous_24)
FN:290,(anonymous_25)
FN:291,(anonymous_26)
FN:308,(anonymous_27)
FN:309,(anonymous_28)
FN:326,(anonymous_29)
FN:327,(anonymous_30)
FN:344,(anonymous_31)
FN:345,(anonymous_32)
FN:362,(anonymous_33)
FN:363,(anonymous_34)
FNF:34
FNH:7
FNDA:40,Step1Personal
FNDA:20,(anonymous_2)
FNDA:20,(anonymous_3)
FNDA:20,(anonymous_4)
FNDA:1,(anonymous_5)
FNDA:0,(anonymous_6)
FNDA:0,(anonymous_7)
FNDA:520,(anonymous_8)
FNDA:0,(anonymous_9)
FNDA:0,(anonymous_10)
FNDA:0,(anonymous_11)
FNDA:0,(anonymous_12)
FNDA:0,(anonymous_13)
FNDA:0,(anonymous_14)
FNDA:0,(anonymous_15)
FNDA:0,(anonymous_16)
FNDA:0,(anonymous_17)
FNDA:0,(anonymous_18)
FNDA:0,(anonymous_19)
FNDA:0,(anonymous_20)
FNDA:0,(anonymous_21)
FNDA:0,(anonymous_22)
FNDA:0,(anonymous_23)
FNDA:0,(anonymous_24)
FNDA:0,(anonymous_25)
FNDA:0,(anonymous_26)
FNDA:0,(anonymous_27)
FNDA:0,(anonymous_28)
FNDA:0,(anonymous_29)
FNDA:0,(anonymous_30)
FNDA:1,(anonymous_31)
FNDA:0,(anonymous_32)
FNDA:0,(anonymous_33)
FNDA:0,(anonymous_34)
DA:3,4
DA:4,4
DA:10,4
DA:25,19
DA:28,40
DA:29,40
DA:30,40
DA:31,40
DA:34,40
DA:35,20
DA:36,20
DA:37,20
DA:40,0
DA:43,40
DA:44,20
DA:45,20
DA:48,20
DA:49,20
DA:50,20
DA:51,20
DA:52,20
DA:53,20
DA:54,20
DA:55,20
DA:56,20
DA:57,20
DA:58,20
DA:59,20
DA:60,20
DA:64,20
DA:65,1
DA:69,20
DA:70,0
DA:71,0
DA:72,0
DA:76,20
DA:77,20
DA:78,20
DA:79,20
DA:82,40
DA:83,20
DA:87,40
DA:91,1
DA:94,40
DA:95,0
DA:99,40
DA:100,40
DA:101,40
DA:102,40
DA:103,40
DA:110,520
DA:111,22
DA:115,498
DA:116,0
DA:119,498
DA:139,0
DA:140,0
DA:157,0
DA:158,0
DA:175,0
DA:176,0
DA:191,0
DA:192,0
DA:231,0
DA:232,0
DA:243,0
DA:244,0
DA:254,0
DA:255,0
DA:272,0
DA:273,0
DA:290,0
DA:291,0
DA:308,0
DA:309,0
DA:326,0
DA:327,0
DA:344,1
DA:345,0
DA:362,0
DA:363,0
LF:81
LH:50
BRDA:36,0,0,20
BRDA:36,0,1,0
BRDA:48,1,0,20
BRDA:48,1,1,0
BRDA:49,2,0,20
BRDA:49,2,1,0
BRDA:50,3,0,0
BRDA:50,3,1,20
BRDA:51,4,0,0
BRDA:51,4,1,20
BRDA:52,5,0,0
BRDA:52,5,1,20
BRDA:53,6,0,0
BRDA:53,6,1,20
BRDA:54,7,0,0
BRDA:54,7,1,20
BRDA:55,8,0,0
BRDA:55,8,1,20
BRDA:56,9,0,0
BRDA:56,9,1,20
BRDA:57,10,0,0
BRDA:57,10,1,20
BRDA:58,11,0,0
BRDA:58,11,1,20
BRDA:59,12,0,0
BRDA:59,12,1,20
BRDA:60,13,0,0
BRDA:60,13,1,20
BRDA:64,14,0,1
BRDA:64,14,1,19
BRDA:64,15,0,20
BRDA:64,15,1,1
BRDA:69,16,0,0
BRDA:69,16,1,20
BRDA:71,17,0,0
BRDA:71,17,1,0
BRDA:107,18,0,480
BRDA:110,19,0,22
BRDA:110,19,1,498
BRDA:115,20,0,0
BRDA:115,20,1,498
BRDA:115,21,0,498
BRDA:115,21,1,0
BRF:43
BRH:24
end_of_record
TN:
SF:app/(authenticated)/dashboard/membership/form/components/Step2Membership.tsx
FN:29,Step2Membership
FN:55,(anonymous_2)
FN:60,(anonymous_3)
FN:74,(anonymous_4)
FN:103,(anonymous_5)
FN:135,(anonymous_6)
FN:140,(anonymous_7)
FN:174,(anonymous_8)
FN:175,(anonymous_9)
FN:178,(anonymous_10)
FN:181,(anonymous_11)
FN:192,(anonymous_12)
FN:193,(anonymous_13)
FN:205,(anonymous_14)
FN:237,(anonymous_15)
FN:238,(anonymous_16)
FN:270,(anonymous_17)
FN:271,(anonymous_18)
FN:290,(anonymous_19)
FN:291,(anonymous_20)
FN:301,(anonymous_21)
FN:302,(anonymous_22)
FN:308,(anonymous_23)
FN:338,(anonymous_24)
FN:339,(anonymous_25)
FN:371,(anonymous_26)
FN:372,(anonymous_27)
FN:404,(anonymous_28)
FN:405,(anonymous_29)
FN:433,(anonymous_30)
FN:434,(anonymous_31)
FN:455,(anonymous_32)
FN:456,(anonymous_33)
FN:466,(anonymous_34)
FN:472,(anonymous_35)
FN:501,(anonymous_36)
FN:512,(anonymous_37)
FN:548,(anonymous_38)
FNF:38
FNH:10
FNDA:20,Step2Membership
FNDA:9,(anonymous_2)
FNDA:0,(anonymous_3)
FNDA:10,(anonymous_4)
FNDA:10,(anonymous_5)
FNDA:10,(anonymous_6)
FNDA:1,(anonymous_7)
FNDA:0,(anonymous_8)
FNDA:0,(anonymous_9)
FNDA:0,(anonymous_10)
FNDA:0,(anonymous_11)
FNDA:0,(anonymous_12)
FNDA:0,(anonymous_13)
FNDA:160,(anonymous_14)
FNDA:1,(anonymous_15)
FNDA:0,(anonymous_16)
FNDA:0,(anonymous_17)
FNDA:0,(anonymous_18)
FNDA:0,(anonymous_19)
FNDA:0,(anonymous_20)
FNDA:0,(anonymous_21)
FNDA:0,(anonymous_22)
FNDA:100,(anonymous_23)
FNDA:0,(anonymous_24)
FNDA:0,(anonymous_25)
FNDA:0,(anonymous_26)
FNDA:0,(anonymous_27)
FNDA:0,(anonymous_28)
FNDA:0,(anonymous_29)
FNDA:0,(anonymous_30)
FNDA:0,(anonymous_31)
FNDA:0,(anonymous_32)
FNDA:0,(anonymous_33)
FNDA:0,(anonymous_34)
FNDA:100,(anonymous_35)
FNDA:0,(anonymous_36)
FNDA:0,(anonymous_37)
FNDA:0,(anonymous_38)
DA:3,4
DA:4,4
DA:16,4
DA:19,4
DA:29,9
DA:32,20
DA:33,20
DA:34,20
DA:35,20
DA:36,20
DA:37,20
DA:40,20
DA:41,20
DA:42,20
DA:43,20
DA:44,20
DA:45,20
DA:46,20
DA:47,20
DA:48,20
DA:49,20
DA:50,20
DA:51,20
DA:52,20
DA:55,20
DA:56,9
DA:57,9
DA:58,9
DA:60,9
DA:61,0
DA:62,0
DA:64,0
DA:66,9
DA:69,0
DA:74,20
DA:75,10
DA:77,11
DA:78,0
DA:81,11
DA:82,0
DA:85,11
DA:86,0
DA:89,11
DA:90,0
DA:92,11
DA:93,10
DA:97,0
DA:98,0
DA:100,0
DA:103,20
DA:104,10
DA:105,10
DA:108,10
DA:109,10
DA:110,9
DA:111,10
DA:112,1
DA:113,10
DA:114,0
DA:115,10
DA:116,0
DA:117,10
DA:118,0
DA:119,10
DA:120,10
DA:121,10
DA:125,10
DA:126,0
DA:129,10
DA:130,10
DA:131,10
DA:132,10
DA:135,20
DA:136,10
DA:140,20
DA:141,1
DA:144,1
DA:145,0
DA:149,1
DA:150,0
DA:151,0
DA:152,0
DA:153,0
DA:157,1
DA:158,0
DA:162,1
DA:163,0
DA:164,0
DA:166,1
DA:167,1
DA:168,1
DA:171,1
DA:174,20
DA:175,0
DA:178,20
DA:179,0
DA:180,0
DA:181,0
DA:182,0
DA:184,0
DA:185,0
DA:186,0
DA:187,0
DA:188,0
DA:189,0
DA:192,20
DA:193,0
DA:194,0
DA:195,0
DA:201,20
DA:202,20
DA:203,20
DA:204,20
DA:205,20
DA:213,160
DA:214,11
DA:218,149
DA:219,0
DA:222,149
DA:237,1
DA:238,0
DA:270,0
DA:271,0
DA:290,0
DA:291,0
DA:301,0
DA:302,0
DA:309,100
DA:338,0
DA:339,0
DA:371,0
DA:372,0
DA:404,0
DA:405,0
DA:433,0
DA:434,0
DA:455,0
DA:456,0
DA:466,0
DA:473,100
DA:502,0
DA:512,0
DA:548,0
LF:143
LH:84
BRDA:49,0,0,20
BRDA:49,0,1,2
BRDA:51,1,0,20
BRDA:51,1,1,20
BRDA:57,2,0,0
BRDA:57,2,1,9
BRDA:58,3,0,9
BRDA:58,3,1,0
BRDA:61,4,0,0
BRDA:61,4,1,0
BRDA:77,5,0,0
BRDA:77,5,1,11
BRDA:77,6,0,11
BRDA:77,6,1,1
BRDA:81,7,0,0
BRDA:81,7,1,11
BRDA:81,8,0,11
BRDA:81,8,1,0
BRDA:85,9,0,0
BRDA:85,9,1,11
BRDA:85,10,0,11
BRDA:85,10,1,0
BRDA:89,11,0,0
BRDA:89,11,1,11
BRDA:89,12,0,11
BRDA:89,12,1,0
BRDA:92,13,0,10
BRDA:92,13,1,1
BRDA:97,14,0,0
BRDA:97,14,1,0
BRDA:97,15,0,0
BRDA:97,15,1,0
BRDA:108,16,0,10
BRDA:108,16,1,0
BRDA:109,17,0,9
BRDA:109,17,1,1
BRDA:111,18,0,1
BRDA:111,18,1,9
BRDA:113,19,0,0
BRDA:113,19,1,10
BRDA:115,20,0,0
BRDA:115,20,1,10
BRDA:117,21,0,0
BRDA:117,21,1,10
BRDA:119,22,0,0
BRDA:119,22,1,10
BRDA:120,23,0,0
BRDA:120,23,1,10
BRDA:121,24,0,0
BRDA:121,24,1,10
BRDA:125,25,0,0
BRDA:125,25,1,10
BRDA:125,26,0,10
BRDA:125,26,1,0
BRDA:144,27,0,0
BRDA:144,27,1,1
BRDA:144,28,0,1
BRDA:144,28,1,0
BRDA:149,29,0,0
BRDA:149,29,1,1
BRDA:149,30,0,1
BRDA:149,30,1,0
BRDA:157,31,0,0
BRDA:157,31,1,1
BRDA:157,32,0,1
BRDA:157,32,1,0
BRDA:162,33,0,0
BRDA:162,33,1,1
BRDA:162,34,0,1
BRDA:162,34,1,1
BRDA:166,35,0,1
BRDA:166,35,1,0
BRDA:166,36,0,1
BRDA:166,36,1,1
BRDA:180,37,0,0
BRDA:180,37,1,0
BRDA:180,38,0,0
BRDA:180,38,1,0
BRDA:181,39,0,0
BRDA:181,39,1,0
BRDA:182,40,0,0
BRDA:182,40,1,0
BRDA:209,41,0,0
BRDA:210,42,0,120
BRDA:213,43,0,11
BRDA:213,43,1,149
BRDA:218,44,0,0
BRDA:218,44,1,149
BRDA:218,45,0,149
BRDA:218,45,1,131
BRDA:218,45,2,0
BRDA:262,46,0,0
BRDA:262,46,1,20
BRDA:263,47,0,20
BRDA:274,48,0,0
BRDA:274,48,1,20
BRDA:282,49,0,0
BRDA:282,49,1,20
BRDA:283,50,0,20
BRDA:283,50,1,2
BRDA:294,51,0,0
BRDA:294,51,1,20
BRDA:305,52,0,0
BRDA:305,52,1,20
BRDA:364,53,0,2
BRDA:364,53,1,18
BRDA:365,54,0,20
BRDA:375,55,0,2
BRDA:375,55,1,18
BRDA:397,56,0,0
BRDA:397,56,1,20
BRDA:398,57,0,2
BRDA:398,57,1,18
BRDA:398,58,0,20
BRDA:408,59,0,0
BRDA:408,59,1,20
BRDA:426,60,0,0
BRDA:426,60,1,20
BRDA:438,61,0,0
BRDA:438,61,1,20
BRDA:445,62,0,0
BRDA:445,62,1,20
BRDA:446,63,0,20
BRDA:446,63,1,0
BRDA:456,64,0,0
BRDA:456,64,1,0
BRDA:458,65,0,0
BRDA:458,65,1,20
BRDA:460,66,0,20
BRDA:460,66,1,20
BRDA:468,67,0,0
BRDA:468,67,1,20
BRDA:469,68,0,20
BRDA:469,68,1,20
BRDA:494,69,0,20
BRDA:494,69,1,20
BRDA:494,69,2,0
BRDA:494,69,3,0
BRDA:500,70,0,0
BRDA:500,70,1,20
BRDA:508,71,0,0
BRDA:508,71,1,0
BRDA:521,72,0,20
BRDA:526,73,0,20
BRDA:534,74,0,20
BRDA:548,75,0,0
BRDA:548,75,1,0
BRF:147
BRH:82
end_of_record
TN:
SF:app/(authenticated)/dashboard/membership/form/components/Step3Safeguarding.tsx
FN:16,Step3Safeguarding
FN:24,(anonymous_2)
FN:33,(anonymous_3)
FN:64,(anonymous_4)
FN:69,(anonymous_5)
FN:73,(anonymous_6)
FN:74,(anonymous_7)
FN:83,(anonymous_8)
FN:118,(anonymous_9)
FN:119,(anonymous_10)
FN:136,(anonymous_11)
FN:137,(anonymous_12)
FN:154,(anonymous_13)
FN:155,(anonymous_14)
FN:175,(anonymous_15)
FN:176,(anonymous_16)
FN:193,(anonymous_17)
FN:194,(anonymous_18)
FN:211,(anonymous_19)
FN:212,(anonymous_20)
FN:229,(anonymous_21)
FN:230,(anonymous_22)
FNF:22
FNH:7
FNDA:14,Step3Safeguarding
FNDA:7,(anonymous_2)
FNDA:7,(anonymous_3)
FNDA:7,(anonymous_4)
FNDA:1,(anonymous_5)
FNDA:0,(anonymous_6)
FNDA:0,(anonymous_7)
FNDA:98,(anonymous_8)
FNDA:0,(anonymous_9)
FNDA:0,(anonymous_10)
FNDA:0,(anonymous_11)
FNDA:0,(anonymous_12)
FNDA:1,(anonymous_13)
FNDA:0,(anonymous_14)
FNDA:0,(anonymous_15)
FNDA:0,(anonymous_16)
FNDA:0,(anonymous_17)
FNDA:0,(anonymous_18)
FNDA:0,(anonymous_19)
FNDA:0,(anonymous_20)
FNDA:0,(anonymous_21)
FNDA:0,(anonymous_22)
DA:3,4
DA:4,4
DA:10,4
DA:16,6
DA:19,14
DA:20,14
DA:21,14
DA:24,14
DA:25,7
DA:26,7
DA:27,7
DA:30,0
DA:33,14
DA:34,7
DA:35,7
DA:38,7
DA:39,7
DA:40,7
DA:42,7
DA:43,0
DA:45,7
DA:46,0
DA:51,7
DA:52,1
DA:53,1
DA:54,1
DA:58,7
DA:59,7
DA:60,7
DA:61,7
DA:64,14
DA:65,7
DA:69,14
DA:70,1
DA:73,14
DA:74,0
DA:78,14
DA:79,14
DA:80,14
DA:81,14
DA:82,14
DA:83,14
DA:90,98
DA:91,9
DA:95,89
DA:96,0
DA:99,89
DA:118,0
DA:119,0
DA:136,0
DA:137,0
DA:154,1
DA:155,0
DA:175,0
DA:176,0
DA:193,0
DA:194,0
DA:211,0
DA:212,0
DA:229,0
DA:230,0
LF:61
LH:43
BRDA:26,0,0,7
BRDA:26,0,1,0
BRDA:38,1,0,7
BRDA:38,1,1,0
BRDA:39,2,0,7
BRDA:39,2,1,0
BRDA:42,3,0,0
BRDA:42,3,1,7
BRDA:45,4,0,0
BRDA:45,4,1,7
BRDA:51,5,0,1
BRDA:51,5,1,6
BRDA:53,6,0,1
BRDA:53,6,1,0
BRDA:87,7,0,42
BRDA:90,8,0,9
BRDA:90,8,1,89
BRDA:95,9,0,0
BRDA:95,9,1,89
BRDA:95,10,0,89
BRDA:95,10,1,0
BRF:21
BRH:13
end_of_record
TN:
SF:app/(authenticated)/dashboard/membership/form/components/Step4Placeholder.tsx
FN:17,Step4Placeholder
FN:25,(anonymous_3)
FN:41,(anonymous_4)
FN:63,(anonymous_5)
FN:68,(anonymous_6)
FN:80,(anonymous_7)
FN:81,(anonymous_8)
FN:94,(anonymous_9)
FN:97,(anonymous_10)
FN:116,(anonymous_11)
FN:118,(anonymous_12)
FN:121,(anonymous_13)
FN:122,(anonymous_14)
FN:125,(anonymous_15)
FN:137,(anonymous_16)
FN:140,(anonymous_17)
FN:143,(anonymous_18)
FN:146,(anonymous_19)
FN:158,(anonymous_20)
FN:187,(anonymous_21)
FN:188,(anonymous_22)
FN:203,(anonymous_23)
FN:204,(anonymous_24)
FNF:23
FNH:18
FNDA:61,Step4Placeholder
FNDA:30,(anonymous_3)
FNDA:30,(anonymous_4)
FNDA:30,(anonymous_5)
FNDA:14,(anonymous_6)
FNDA:30,(anonymous_7)
FNDA:0,(anonymous_8)
FNDA:30,(anonymous_9)
FNDA:19,(anonymous_10)
FNDA:11,(anonymous_11)
FNDA:11,(anonymous_12)
FNDA:0,(anonymous_13)
FNDA:0,(anonymous_14)
FNDA:4,(anonymous_15)
FNDA:4,(anonymous_16)
FNDA:1,(anonymous_17)
FNDA:1,(anonymous_18)
FNDA:122,(anonymous_19)
FNDA:61,(anonymous_20)
FNDA:6,(anonymous_21)
FNDA:0,(anonymous_22)
FNDA:5,(anonymous_23)
FNDA:0,(anonymous_24)
DA:3,4
DA:4,4
DA:5,4
DA:11,4
DA:17,27
DA:20,61
DA:21,61
DA:22,61
DA:23,61
DA:25,61
DA:26,30
DA:27,56
DA:28,10
DA:29,6
DA:31,4
DA:34,46
DA:35,20
DA:38,4
DA:41,61
DA:42,30
DA:43,30
DA:45,30
DA:46,14
DA:49,30
DA:50,6
DA:53,30
DA:54,6
DA:57,30
DA:58,30
DA:59,30
DA:60,30
DA:63,61
DA:64,30
DA:68,61
DA:69,14
DA:70,14
DA:71,0
DA:72,0
DA:73,0
DA:74,0
DA:75,0
DA:76,0
DA:80,61
DA:81,30
DA:82,0
DA:83,0
DA:84,0
DA:85,0
DA:86,0
DA:87,0
DA:88,0
DA:89,0
DA:90,0
DA:93,30
DA:94,30
DA:97,61
DA:98,19
DA:100,19
DA:101,0
DA:104,19
DA:105,4
DA:106,0
DA:108,4
DA:111,15
DA:112,0
DA:116,61
DA:117,11
DA:118,11
DA:121,61
DA:122,0
DA:125,61
DA:126,4
DA:128,4
DA:129,0
DA:132,4
DA:136,4
DA:137,4
DA:140,61
DA:141,1
DA:142,1
DA:143,1
DA:146,61
DA:147,122
DA:148,31
DA:151,91
DA:152,43
DA:155,48
DA:158,61
DA:159,61
DA:160,10
DA:163,51
DA:164,5
DA:167,46
DA:187,6
DA:188,0
DA:203,5
DA:204,0
LF:97
LH:75
BRDA:27,0,0,10
BRDA:27,0,1,46
BRDA:28,1,0,6
BRDA:28,1,1,4
BRDA:34,2,0,20
BRDA:34,2,1,26
BRDA:45,3,0,14
BRDA:45,3,1,16
BRDA:49,4,0,6
BRDA:49,4,1,24
BRDA:53,5,0,6
BRDA:53,5,1,24
BRDA:70,6,0,14
BRDA:70,6,1,0
BRDA:70,7,0,14
BRDA:70,7,1,14
BRDA:73,8,0,0
BRDA:73,8,1,0
BRDA:83,9,0,0
BRDA:83,9,1,0
BRDA:83,10,0,0
BRDA:83,10,1,0
BRDA:86,11,0,0
BRDA:86,11,1,0
BRDA:100,12,0,0
BRDA:100,12,1,19
BRDA:104,13,0,4
BRDA:104,13,1,15
BRDA:105,14,0,0
BRDA:105,14,1,4
BRDA:111,15,0,0
BRDA:111,15,1,15
BRDA:117,16,0,11
BRDA:117,16,1,0
BRDA:128,17,0,0
BRDA:128,17,1,4
BRDA:132,18,0,0
BRDA:132,18,1,4
BRDA:147,19,0,31
BRDA:147,19,1,91
BRDA:151,20,0,43
BRDA:151,20,1,48
BRDA:151,21,0,91
BRDA:151,21,1,43
BRDA:159,22,0,10
BRDA:159,22,1,51
BRDA:163,23,0,5
BRDA:163,23,1,46
BRDA:163,24,0,51
BRDA:163,24,1,6
BRF:50
BRH:35
end_of_record
TN:
SF:app/(authenticated)/dashboard/membership/form/components/StepIndicator.tsx
FN:15,(anonymous_1)
FN:26,(anonymous_2)
FN:40,StepIndicator
FN:44,(anonymous_4)
FN:68,(anonymous_5)
FNF:5
FNH:5
FNDA:152,(anonymous_1)
FNDA:114,(anonymous_2)
FNDA:38,StepIndicator
FNDA:152,(anonymous_4)
FNDA:152,(anonymous_5)
DA:8,3
DA:15,3
DA:16,152
DA:17,148
DA:18,50
DA:20,98
DA:21,37
DA:23,61
DA:26,3
DA:27,114
DA:28,111
DA:29,21
DA:31,90
DA:32,29
DA:34,61
DA:35,24
DA:37,37
DA:40,42
DA:45,152
DA:57,152
DA:58,114
DA:63,152
DA:69,152
DA:80,152
DA:81,114
DA:93,152
LF:26
LH:26
BRDA:16,0,0,4
BRDA:16,0,1,148
BRDA:17,1,0,50
BRDA:17,1,1,98
BRDA:20,2,0,37
BRDA:20,2,1,61
BRDA:27,3,0,3
BRDA:27,3,1,111
BRDA:28,4,0,21
BRDA:28,4,1,90
BRDA:31,5,0,29
BRDA:31,5,1,61
BRDA:34,6,0,24
BRDA:34,6,1,37
BRDA:40,7,0,0
BRDA:49,8,0,4
BRDA:49,8,1,148
BRDA:49,9,0,37
BRDA:49,9,1,111
BRDA:49,10,0,50
BRDA:49,10,1,61
BRDA:57,11,0,114
BRDA:57,11,1,38
BRDA:80,12,0,114
BRDA:80,12,1,38
BRF:25
BRH:24
end_of_record
TN:
SF:app/(authenticated)/dashboard/membership/member-search/page.tsx
FN:13,MemberSearchPage
FNF:1
FNH:1
FNDA:11,MemberSearchPage
DA:1,1
DA:2,1
DA:3,1
DA:13,11
DA:14,11
DA:16,11
DA:17,11
DA:19,11
DA:20,11
DA:22,11
LF:10
LH:10
BRDA:16,0,0,9
BRDA:16,0,1,2
BRDA:17,1,0,1
BRDA:17,1,1,10
BRDA:19,2,0,11
BRDA:19,2,1,7
BRDA:22,3,0,3
BRDA:22,3,1,8
BRDA:31,4,0,11
BRDA:31,4,1,7
BRF:10
BRH:10
end_of_record
TN:
SF:app/(authenticated)/dashboard/membership/type/page.tsx
FN:63,MembershipTypeIcon
FN:289,MembershipTypePage
FN:293,(anonymous_4)
FN:323,(anonymous_5)
FNF:4
FNH:4
FNDA:72,MembershipTypeIcon
FNDA:9,MembershipTypePage
FNDA:72,(anonymous_4)
FNDA:72,(anonymous_5)
DA:1,1
DA:12,1
DA:64,72
DA:286,72
DA:289,9
DA:290,9
DA:291,9
DA:293,9
DA:294,72
DA:300,72
DA:301,16
DA:304,72
DA:324,72
LF:13
LH:13
BRDA:286,0,0,72
BRDA:286,0,1,0
BRDA:291,1,0,4
BRDA:291,1,1,5
BRDA:300,2,0,16
BRDA:300,2,1,56
BRDA:356,3,0,2
BRDA:356,3,1,7
BRF:8
BRH:7
end_of_record
TN:
SF:app/pin/actions.ts
FN:25,validatePin
FN:29,(anonymous_5)
FNF:2
FNH:2
FNDA:5,validatePin
FNDA:5,(anonymous_5)
DA:3,1
DA:4,1
DA:5,1
DA:6,1
DA:19,1
DA:20,1
DA:21,1
DA:22,1
DA:23,1
DA:25,6
DA:29,5
DA:31,5
DA:32,5
DA:33,5
DA:36,5
DA:37,0
DA:40,5
DA:43,5
DA:44,5
DA:45,5
DA:46,5
DA:48,5
DA:54,0
DA:57,5
DA:60,5
DA:61,1
DA:64,4
DA:66,4
DA:72,4
DA:73,0
DA:77,4
DA:78,0
DA:82,4
DA:84,4
DA:86,1
DA:92,1
DA:93,1
DA:104,1
DA:111,1
DA:113,1
DA:117,3
DA:119,3
DA:120,1
DA:122,1
DA:127,1
DA:130,2
DA:135,2
LF:47
LH:43
BRDA:33,0,0,0
BRDA:33,0,1,5
BRDA:36,1,0,0
BRDA:36,1,1,5
BRDA:48,2,0,0
BRDA:48,2,1,5
BRDA:49,3,0,5
BRDA:49,3,1,5
BRDA:49,3,2,5
BRDA:49,3,3,5
BRDA:60,4,0,1
BRDA:60,4,1,4
BRDA:72,5,0,0
BRDA:72,5,1,4
BRDA:72,6,0,4
BRDA:72,6,1,4
BRDA:77,7,0,0
BRDA:77,7,1,4
BRDA:77,8,0,4
BRDA:77,8,1,0
BRDA:84,9,0,1
BRDA:84,9,1,3
BRDA:119,10,0,1
BRDA:119,10,1,2
BRF:24
BRH:18
end_of_record
TN:
SF:app/pin/page.tsx
FN:24,PinPage
FNF:1
FNH:1
FNDA:4,PinPage
DA:1,1
DA:2,1
DA:3,1
DA:4,1
DA:6,1
DA:24,4
DA:25,4
DA:28,4
DA:29,1
DA:34,3
DA:35,3
DA:36,3
DA:42,3
DA:43,0
DA:46,3
DA:48,0
DA:52,3
DA:53,1
DA:57,2
DA:58,1
DA:61,1
DA:62,1
LF:22
LH:20
BRDA:28,0,0,1
BRDA:28,0,1,3
BRDA:42,1,0,0
BRDA:42,1,1,3
BRDA:42,2,0,3
BRDA:42,2,1,3
BRDA:52,3,0,1
BRDA:52,3,1,2
BRDA:52,4,0,3
BRDA:52,4,1,1
BRDA:57,5,0,1
BRDA:57,5,1,1
BRDA:61,6,0,0
BRDA:61,6,1,1
BRDA:62,7,0,0
BRDA:62,7,1,1
BRF:16
BRH:13
end_of_record
TN:
SF:app/pin/components/PinEntryForm.tsx
FN:24,PinEntryForm
FN:38,(anonymous_3)
FN:43,(anonymous_4)
FN:48,(anonymous_5)
FN:54,(anonymous_6)
FN:58,(anonymous_7)
FN:66,(anonymous_8)
FN:73,(anonymous_9)
FN:84,(anonymous_10)
FN:90,(anonymous_11)
FN:94,(anonymous_12)
FN:104,(anonymous_13)
FN:121,(anonymous_14)
FN:146,(anonymous_15)
FN:156,(anonymous_16)
FN:173,(anonymous_17)
FN:187,(anonymous_18)
FN:216,(anonymous_19)
FN:247,(anonymous_20)
FN:251,(anonymous_21)
FN:263,(anonymous_22)
FNF:21
FNH:17
FNDA:22,PinEntryForm
FNDA:5,(anonymous_3)
FNDA:5,(anonymous_4)
FNDA:0,(anonymous_5)
FNDA:2,(anonymous_6)
FNDA:11,(anonymous_7)
FNDA:9,(anonymous_8)
FNDA:9,(anonymous_9)
FNDA:2,(anonymous_10)
FNDA:2,(anonymous_11)
FNDA:2,(anonymous_12)
FNDA:1,(anonymous_13)
FNDA:4,(anonymous_14)
FNDA:0,(anonymous_15)
FNDA:0,(anonymous_16)
FNDA:18,(anonymous_17)
FNDA:88,(anonymous_18)
FNDA:88,(anonymous_19)
FNDA:198,(anonymous_20)
FNDA:9,(anonymous_21)
FNDA:0,(anonymous_22)
DA:3,1
DA:11,1
DA:21,1
DA:22,1
DA:24,9
DA:31,22
DA:32,22
DA:33,22
DA:34,22
DA:35,22
DA:36,22
DA:38,22
DA:39,5
DA:43,22
DA:44,5
DA:45,2
DA:46,2
DA:48,2
DA:49,0
DA:52,2
DA:54,2
DA:58,22
DA:59,11
DA:60,0
DA:63,11
DA:66,22
DA:67,9
DA:68,0
DA:71,9
DA:73,9
DA:74,9
DA:75,0
DA:78,9
DA:81,9
DA:84,22
DA:85,2
DA:86,0
DA:89,2
DA:90,2
DA:91,2
DA:94,22
DA:95,2
DA:96,0
DA:99,2
DA:100,2
DA:101,2
DA:104,22
DA:105,1
DA:106,0
DA:107,0
DA:110,1
DA:111,1
DA:112,1
DA:113,1
DA:116,0
DA:117,0
DA:121,22
DA:122,4
DA:124,4
DA:125,0
DA:128,4
DA:130,3
DA:133,1
DA:136,1
DA:138,1
DA:140,1
DA:142,1
DA:143,1
DA:144,1
DA:146,1
DA:147,0
DA:149,0
DA:151,0
DA:152,0
DA:153,0
DA:156,0
DA:157,0
DA:158,0
DA:159,0
DA:164,0
DA:167,1
DA:168,0
DA:173,22
DA:174,18
DA:176,4
DA:188,88
DA:217,88
DA:218,88
DA:219,88
DA:220,88
DA:221,88
DA:222,4
DA:223,84
DA:224,32
DA:225,52
DA:226,0
DA:227,0
DA:228,0
DA:231,88
DA:248,198
DA:251,9
DA:263,0
LF:102
LH:76
BRDA:28,0,0,10
BRDA:44,1,0,2
BRDA:44,1,1,3
BRDA:59,2,0,0
BRDA:59,2,1,11
BRDA:67,3,0,0
BRDA:67,3,1,9
BRDA:74,4,0,0
BRDA:74,4,1,9
BRDA:85,5,0,0
BRDA:85,5,1,2
BRDA:95,6,0,0
BRDA:95,6,1,2
BRDA:105,7,0,0
BRDA:105,7,1,1
BRDA:110,8,0,1
BRDA:110,8,1,0
BRDA:110,9,0,1
BRDA:110,9,1,0
BRDA:116,10,0,0
BRDA:116,10,1,0
BRDA:116,11,0,0
BRDA:116,11,1,0
BRDA:124,12,0,0
BRDA:124,12,1,4
BRDA:124,13,0,4
BRDA:124,13,1,4
BRDA:128,14,0,3
BRDA:128,14,1,1
BRDA:142,15,0,1
BRDA:142,15,1,0
BRDA:142,16,0,1
BRDA:142,16,1,1
BRDA:149,17,0,0
BRDA:149,17,1,0
BRDA:149,18,0,0
BRDA:149,18,1,0
BRDA:157,19,0,0
BRDA:157,19,1,0
BRDA:158,20,0,0
BRDA:158,20,1,0
BRDA:167,21,0,0
BRDA:167,21,1,1
BRDA:174,22,0,4
BRDA:174,22,1,14
BRDA:192,23,0,88
BRDA:192,23,1,45
BRDA:218,24,0,43
BRDA:218,24,1,45
BRDA:221,25,0,4
BRDA:221,25,1,84
BRDA:223,26,0,32
BRDA:223,26,1,52
BRDA:225,27,0,0
BRDA:225,27,1,52
BRF:55
BRH:31
end_of_record
TN:
SF:app/pin/components/PinEntryScreen.tsx
FN:14,getAlertMessage
FN:31,PinEntryScreen
FN:41,(anonymous_4)
FN:46,(anonymous_5)
FNF:4
FNH:4
FNDA:7,getAlertMessage
FNDA:7,PinEntryScreen
FNDA:3,(anonymous_4)
FNDA:6,(anonymous_5)
DA:3,1
DA:4,1
DA:15,7
DA:16,5
DA:19,2
DA:21,2
DA:25,2
DA:28,0
DA:31,3
DA:38,7
DA:39,7
DA:41,7
DA:42,3
DA:43,3
DA:46,7
DA:47,6
DA:48,6
DA:51,7
LF:18
LH:17
BRDA:15,0,0,5
BRDA:15,0,1,2
BRDA:19,1,0,2
BRDA:19,1,1,0
BRDA:21,2,0,2
BRDA:21,2,1,0
BRDA:21,3,0,2
BRDA:21,3,1,2
BRDA:21,3,2,2
BRDA:22,4,0,0
BRDA:22,4,1,2
BRDA:36,5,0,0
BRDA:64,6,0,7
BRF:13
BRH:9
end_of_record
TN:
SF:app/select-user/page.tsx
FN:20,isProfileLocked
FN:29,getInitials
FN:32,(anonymous_6)
FN:43,ProfileCard
FN:126,SelectUserPage
FN:204,(anonymous_9)
FNF:6
FNH:6
FNDA:14,isProfileLocked
FNDA:14,getInitials
FNDA:28,(anonymous_6)
FNDA:14,ProfileCard
FNDA:15,SelectUserPage
FNDA:14,(anonymous_9)
DA:1,1
DA:2,1
DA:3,1
DA:4,1
DA:7,1
DA:21,14
DA:22,11
DA:24,3
DA:25,3
DA:30,14
DA:32,28
DA:44,14
DA:47,14
DA:90,12
DA:126,15
DA:130,15
DA:131,15
DA:133,15
DA:134,15
DA:135,15
DA:140,15
DA:141,1
DA:144,14
DA:147,1
DA:148,1
DA:152,15
DA:153,15
DA:156,15
DA:173,14
DA:206,14
DA:209,14
LF:31
LH:31
BRDA:21,0,0,11
BRDA:21,0,1,3
BRDA:47,1,0,2
BRDA:47,1,1,12
BRDA:55,2,0,0
BRDA:90,3,0,11
BRDA:90,3,1,1
BRDA:102,4,0,2
BRDA:140,5,0,1
BRDA:140,5,1,14
BRDA:144,6,0,14
BRDA:144,6,1,0
BRDA:148,7,0,1
BRDA:148,7,1,0
BRDA:156,8,0,1
BRDA:156,8,1,14
BRDA:156,9,0,15
BRDA:156,9,1,2
BRDA:173,10,0,1
BRDA:173,10,1,13
BRDA:215,11,0,13
BRF:21
BRH:18
end_of_record
TN:
SF:app/setup-pin/actions.ts
FN:24,verifyIdentity
FN:81,savePin
FN:91,(anonymous_8)
FN:94,(anonymous_9)
FN:98,(anonymous_10)
FN:98,(anonymous_11)
FN:132,(anonymous_12)
FNF:7
FNH:7
FNDA:3,verifyIdentity
FNDA:4,savePin
FNDA:16,(anonymous_8)
FNDA:16,(anonymous_9)
FNDA:16,(anonymous_10)
FNDA:16,(anonymous_11)
FNDA:1,(anonymous_12)
DA:3,1
DA:4,1
DA:5,1
DA:6,1
DA:7,1
DA:20,1
DA:21,1
DA:22,1
DA:24,4
DA:25,3
DA:26,3
DA:27,3
DA:29,3
DA:30,0
DA:33,3
DA:34,0
DA:37,3
DA:39,3
DA:42,3
DA:48,3
DA:49,0
DA:53,3
DA:54,0
DA:58,3
DA:63,3
DA:68,3
DA:69,1
DA:74,2
DA:75,1
DA:78,1
DA:81,5
DA:82,4
DA:84,4
DA:85,0
DA:88,4
DA:91,4
DA:92,16
DA:94,4
DA:95,16
DA:98,16
DA:99,0
DA:102,4
DA:103,4
DA:106,4
DA:107,1
DA:110,3
DA:111,2
DA:114,1
DA:117,1
DA:123,1
DA:124,0
DA:127,1
DA:128,0
DA:132,1
DA:133,1
DA:136,1
DA:142,1
DA:143,1
DA:154,1
DA:161,1
DA:163,1
LF:61
LH:53
BRDA:29,0,0,0
BRDA:29,0,1,3
BRDA:29,1,0,3
BRDA:29,1,1,3
BRDA:33,2,0,0
BRDA:33,2,1,3
BRDA:33,3,0,3
BRDA:33,3,1,3
BRDA:48,4,0,0
BRDA:48,4,1,3
BRDA:48,5,0,3
BRDA:48,5,1,3
BRDA:53,6,0,0
BRDA:53,6,1,3
BRDA:68,7,0,1
BRDA:68,7,1,2
BRDA:68,8,0,3
BRDA:68,8,1,2
BRDA:74,9,0,1
BRDA:74,9,1,1
BRDA:84,10,0,0
BRDA:84,10,1,4
BRDA:84,11,0,4
BRDA:84,11,1,4
BRDA:98,12,0,0
BRDA:98,12,1,4
BRDA:98,13,0,4
BRDA:98,13,1,4
BRDA:106,14,0,1
BRDA:106,14,1,3
BRDA:106,15,0,4
BRDA:106,15,1,3
BRDA:110,16,0,2
BRDA:110,16,1,1
BRDA:123,17,0,0
BRDA:123,17,1,1
BRDA:123,18,0,1
BRDA:123,18,1,1
BRDA:127,19,0,0
BRDA:127,19,1,1
BRF:40
BRH:32
end_of_record
TN:
SF:app/setup-pin/page.tsx
FN:17,SetupPinPage
FN:74,(anonymous_4)
FN:90,(anonymous_5)
FNF:3
FNH:3
FNDA:4,SetupPinPage
FNDA:4,(anonymous_4)
FNDA:4,(anonymous_5)
DA:1,1
DA:2,1
DA:3,1
DA:5,1
DA:17,4
DA:18,4
DA:21,4
DA:22,1
DA:27,3
DA:28,3
DA:29,3
DA:35,3
DA:36,0
DA:39,3
DA:41,0
DA:45,3
DA:46,1
DA:50,2
DA:75,4
DA:91,4
LF:20
LH:18
BRDA:21,0,0,1
BRDA:21,0,1,3
BRDA:35,1,0,0
BRDA:35,1,1,3
BRDA:35,2,0,3
BRDA:35,2,1,3
BRDA:45,3,0,1
BRDA:45,3,1,2
BRDA:50,4,0,1
BRDA:50,4,1,1
BRDA:57,5,0,1
BRDA:63,6,0,1
BRDA:125,7,0,1
BRDA:131,8,0,1
BRF:14
BRH:13
end_of_record
TN:
SF:components/AuthenticatedShell.tsx
FN:9,AuthenticatedShell
FNF:1
FNH:1
FNDA:6,AuthenticatedShell
DA:3,1
DA:9,6
LF:2
LH:2
BRF:0
BRH:0
end_of_record
TN:
SF:components/BaffyBrand.tsx
FN:3,BaffyBrand
FNF:1
FNH:1
FNDA:27,BaffyBrand
DA:1,2
DA:3,27
LF:2
LH:2
BRF:0
BRH:0
end_of_record
TN:
SF:components/DashboardSidebar.tsx
FN:7,DashboardSidebar
FN:25,(anonymous_3)
FNF:2
FNH:2
FNDA:32,DashboardSidebar
FNDA:128,(anonymous_3)
DA:3,2
DA:4,2
DA:5,2
DA:7,32
DA:8,32
DA:10,32
DA:26,128
DA:27,128
LF:8
LH:8
BRDA:32,0,0,32
BRDA:32,0,1,96
BRF:2
BRH:2
end_of_record
TN:
SF:components/InactivityProvider.tsx
FN:13,InactivityProvider
FN:17,(anonymous_2)
FN:19,resetTimer
FN:23,(anonymous_4)
FN:32,(anonymous_5)
FN:39,(anonymous_6)
FN:40,(anonymous_7)
FNF:7
FNH:7
FNDA:4,InactivityProvider
FNDA:4,(anonymous_2)
FNDA:5,resetTimer
FNDA:3,(anonymous_4)
FNDA:16,(anonymous_5)
FNDA:4,(anonymous_6)
FNDA:16,(anonymous_7)
DA:3,1
DA:4,1
DA:5,1
DA:7,1
DA:13,4
DA:14,4
DA:15,4
DA:17,4
DA:18,4
DA:20,5
DA:21,1
DA:23,5
DA:24,3
DA:25,3
DA:29,4
DA:30,4
DA:32,4
DA:33,16
DA:37,4
DA:39,4
DA:40,4
DA:41,16
DA:43,4
DA:44,4
LF:24
LH:24
BRDA:18,0,0,0
BRDA:18,0,1,4
BRDA:20,1,0,1
BRDA:20,1,1,4
BRDA:43,2,0,4
BRDA:43,2,1,0
BRF:6
BRH:4
end_of_record
TN:
SF:components/MemberSearchAutocomplete.tsx
FN:23,buildMemberSearchUrl
FN:33,buildMemberTypeUrl
FN:48,MemberSearchAutocomplete
FN:61,(anonymous_5)
FN:69,(anonymous_6)
FN:87,(anonymous_7)
FN:107,(anonymous_8)
FN:127,(anonymous_9)
FN:143,(anonymous_10)
FNF:9
FNH:9
FNDA:5,buildMemberSearchUrl
FNDA:3,buildMemberTypeUrl
FNDA:19,MemberSearchAutocomplete
FNDA:11,(anonymous_5)
FNDA:11,(anonymous_6)
FNDA:3,(anonymous_7)
FNDA:3,(anonymous_8)
FNDA:5,(anonymous_9)
FNDA:3,(anonymous_10)
DA:3,1
DA:4,1
DA:5,1
DA:19,1
DA:20,1
DA:21,1
DA:24,5
DA:26,5
DA:27,4
DA:30,5
DA:38,3
DA:45,3
DA:48,6
DA:54,19
DA:55,19
DA:56,19
DA:57,19
DA:58,19
DA:59,19
DA:61,19
DA:62,11
DA:63,6
DA:66,5
DA:69,19
DA:70,11
DA:72,11
DA:73,6
DA:74,6
DA:77,5
DA:78,2
DA:79,2
DA:80,2
DA:81,2
DA:84,3
DA:85,3
DA:87,3
DA:88,3
DA:89,3
DA:94,3
DA:95,0
DA:98,3
DA:99,3
DA:101,0
DA:103,3
DA:107,3
DA:108,3
DA:112,19
DA:113,19
DA:114,19
DA:128,5
DA:144,3
LF:51
LH:49
BRDA:26,0,0,4
BRDA:26,0,1,1
BRDA:42,1,0,3
BRDA:42,1,1,0
BRDA:62,2,0,6
BRDA:62,2,1,5
BRDA:72,3,0,6
BRDA:72,3,1,5
BRDA:77,4,0,2
BRDA:77,4,1,3
BRDA:94,5,0,0
BRDA:94,5,1,3
BRDA:99,6,0,3
BRDA:99,6,1,0
BRDA:114,7,0,19
BRDA:114,7,1,9
BRDA:114,7,2,6
BRDA:135,8,0,19
BRDA:137,9,0,11
BRDA:141,10,0,11
BRDA:141,10,1,8
BRDA:166,11,0,11
BRF:22
BRH:19
end_of_record
TN:
SF:components/MembershipTypeSelector.tsx
FN:14,MembershipTypeSelector
FN:24,handleContinue
FN:42,(anonymous_3)
FN:48,(anonymous_4)
FNF:4
FNH:4
FNDA:14,MembershipTypeSelector
FNDA:4,handleContinue
FNDA:140,(anonymous_3)
FNDA:5,(anonymous_4)
DA:3,1
DA:4,1
DA:14,9
DA:21,14
DA:22,14
DA:25,4
DA:27,4
DA:32,4
DA:33,1
DA:36,4
DA:43,140
DA:44,140
DA:48,5
LF:13
LH:13
BRDA:25,0,0,0
BRDA:25,0,1,4
BRDA:32,1,0,1
BRDA:32,1,1,3
BRDA:50,2,0,6
BRDA:50,2,1,134
BRF:6
BRH:5
end_of_record
TN:
SF:components/SignOffButton.tsx
FN:10,SignOffButton
FN:13,handleSignOff
FNF:2
FNH:2
FNDA:3,SignOffButton
FNDA:1,handleSignOff
DA:3,1
DA:4,1
DA:10,3
DA:11,3
DA:14,1
DA:15,1
LF:6
LH:6
BRF:0
BRH:0
end_of_record
TN:
SF:components/contexts/FormContext.tsx
FN:129,FormProvider
FN:142,(anonymous_7)
FN:143,(anonymous_8)
FN:146,(anonymous_9)
FN:147,(anonymous_10)
FN:150,(anonymous_11)
FN:151,(anonymous_12)
FN:154,(anonymous_13)
FN:155,(anonymous_14)
FN:181,useFormContext
FNF:10
FNH:10
FNDA:67,FormProvider
FNDA:1,(anonymous_7)
FNDA:1,(anonymous_8)
FNDA:1,(anonymous_9)
FNDA:1,(anonymous_10)
FNDA:1,(anonymous_11)
FNDA:1,(anonymous_12)
FNDA:16,(anonymous_13)
FNDA:16,(anonymous_14)
FNDA:177,useFormContext
DA:3,4
DA:73,4
DA:75,4
DA:91,4
DA:104,4
DA:114,4
DA:129,48
DA:137,67
DA:138,67
DA:139,67
DA:140,67
DA:142,67
DA:143,1
DA:146,67
DA:147,1
DA:150,67
DA:151,1
DA:154,67
DA:155,16
DA:158,67
DA:166,67
DA:181,177
DA:182,177
DA:183,177
DA:184,0
DA:186,177
LF:26
LH:25
BRDA:183,0,0,0
BRDA:183,0,1,177
BRF:2
BRH:1
end_of_record
TN:
SF:lib/actions/searchMembers.ts
FN:4,searchMembers
FNF:1
FNH:1
FNDA:6,searchMembers
DA:1,1
DA:4,6
DA:5,6
DA:6,3
DA:9,3
DA:11,3
DA:12,3
DA:13,2
DA:14,2
DA:16,2
DA:22,2
DA:23,1
DA:24,1
DA:27,1
DA:29,1
DA:30,1
LF:16
LH:16
BRDA:5,0,0,3
BRDA:5,0,1,3
BRDA:5,1,0,6
BRDA:5,1,1,5
BRDA:14,2,0,0
BRDA:14,2,1,2
BRDA:22,3,0,1
BRDA:22,3,1,1
BRDA:27,4,0,1
BRDA:27,4,1,0
BRF:10
BRH:8
end_of_record
TN:
SF:lib/constants/membershipTypes.ts
FNF:0
FNH:0
DA:1,14
LF:1
LH:1
BRF:0
BRH:0
end_of_record
